Start testing: Aug 12 18:25 CEST
----------------------------------------------------------
1/143 Testing: bourne-compat.sh
1/143 Test: bourne-compat.sh
Command: "/home/roman/Projects/shish/build/shish" "tests/bourne-compat.sh"
Directory: /home/roman/Projects/shish
"bourne-compat.sh" start time: Aug 12 18:25 CEST
Output:
----------------------------------------------------------
a function calling (exit N) in a subshell, then checked with &&, must report success for N=0: [32mOK[0m
a function calling (exit N) in a subshell, then checked with ||, must report failure for N=1: [32mOK[0m
a function using a plain 'return 0' must report success: [32mOK[0m
a function using a plain 'return 1' must report failure: [32mOK[0m
'set x' inside a subshell run from an if-condition must make $1 visible to a following && test in that same subshell: [32mOK[0m
nested $(...) command substitution must not eat or duplicate any output: [32mOK[0m
'test -x /' must report the root directory as executable (searchable): [32mOK[0m
the concatenated as_bourne_compatible+as_required script must exit 0: [32mOK[0m
the concatenated as_bourne_compatible+as_required script must print no failure diagnostics: [32mOK[0m
Tests succeeded: 9
Tests failed: 0
Success
<end of output>
Test time =   0.02 sec
----------------------------------------------------------
Test Passed.
"bourne-compat.sh" end time: Aug 12 18:25 CEST
"bourne-compat.sh" time elapsed: 00:00:00
----------------------------------------------------------

3/143 Testing: builtin-basename.sh
3/143 Test: builtin-basename.sh
Command: "/home/roman/Projects/shish/build/shish" "tests/builtin-basename.sh"
Directory: /home/roman/Projects/shish
"builtin-basename.sh" start time: Aug 12 18:25 CEST
Output:
----------------------------------------------------------
a plain path strips everything up to the final '/': [32mOK[0m
a trailing slash on the path doesn't change the result: [32mOK[0m
a bare name with no '/' at all is returned unchanged: [32mOK[0m
a bare '/' is returned unchanged: [32mOK[0m
a matching SUFFIX is stripped after the directory components: [32mOK[0m
SUFFIX stripping works for single-character extensions too: [32mOK[0m
a non-matching SUFFIX is left alone, not stripped: [32mOK[0m
SUFFIX is not stripped when it equals the entire resulting name: [32mOK[0m
SUFFIX stripping still applies after a trailing slash on the path: [32mOK[0m
an empty SUFFIX operand strips nothing: [32mOK[0m
Tests succeeded: 10
Tests failed: 0
Success
<end of output>
Test time =   0.06 sec
----------------------------------------------------------
Test Passed.
"builtin-basename.sh" end time: Aug 12 18:25 CEST
"builtin-basename.sh" time elapsed: 00:00:00
----------------------------------------------------------

7/143 Testing: builtin-local.sh
7/143 Test: builtin-local.sh
Command: "/home/roman/Projects/shish/build/shish" "tests/builtin-local.sh"
Directory: /home/roman/Projects/shish
"builtin-local.sh" start time: Aug 12 18:25 CEST
Output:
----------------------------------------------------------
declared-without-value local starts unset: [32mOK[0m
declared-with-value local gets its initializer: [32mOK[0m
local var reflects an assignment made inside its function: [32mOK[0m
local var must not leak out of the function that declared it: [32mOK[0m
local var must not leak out of the function that declared it: [32mOK[0m
a plain (non-local) assignment inside a function must leak to the global scope: [32mOK[0m
Tests succeeded: 6
Tests failed: 0
Success
<end of output>
Test time =   0.07 sec
----------------------------------------------------------
Test Passed.
"builtin-local.sh" end time: Aug 12 18:25 CEST
"builtin-local.sh" time elapsed: 00:00:00
----------------------------------------------------------

5/143 Testing: builtin-hash.sh
5/143 Test: builtin-hash.sh
Command: "/home/roman/Projects/shish/build/shish" "tests/builtin-hash.sh"
Directory: /home/roman/Projects/shish
"builtin-hash.sh" start time: Aug 12 18:25 CEST
Output:
----------------------------------------------------------
running a builtin once hashes it, and it shows up in the plain table: [32mOK[0m
hash -d forgets exactly the named entry: [32mOK[0m
tests/builtin-hash.sh:18:1: hash: this-name-was-never-hashed: not found
hash -d on an unknown name fails with a non-zero exit status: [32mOK[0m
sanity: the table has true and false entries before hash -r: [32mOK[0m
hash -r forgets every remembered entry, including true and false: [32mOK[0m
hash -p pathname name makes that name runnable via the given pathname: [32mOK[0m
hash -l reprints a hashed pathname entry as a reusable "hash -p ..." line: [32mOK[0m
sanity: true is not hashed right after hash -r: [32mOK[0m
a bare "hash name" (no options) hashes that name without running it: [32mOK[0m
Tests succeeded: 9
Tests failed: 0
Success
<end of output>
Test time =   0.10 sec
----------------------------------------------------------
Test Passed.
"builtin-hash.sh" end time: Aug 12 18:25 CEST
"builtin-hash.sh" time elapsed: 00:00:00
----------------------------------------------------------

4/143 Testing: builtin-expr.sh
4/143 Test: builtin-expr.sh
Command: "/home/roman/Projects/shish/build/shish" "tests/builtin-expr.sh"
Directory: /home/roman/Projects/shish
"builtin-expr.sh" start time: Aug 12 18:25 CEST
Output:
----------------------------------------------------------
expr STRING : PATTERN strips a file extension via a capture group: [32mOK[0m
expr STRING : PATTERN works for a different extension: [32mOK[0m
expr STRING : PATTERN with no capture group reports the match length: [32mOK[0m
expr STRING : PATTERN matches a literal prefix and reports its length: [32mOK[0m
expr STRING : PATTERN honors a leading ^ anchor: [32mOK[0m
expr STRING : PATTERN honors a trailing $ anchor on a full match: [32mOK[0m
expr STRING : PATTERN's trailing $ anchor correctly rejects a non-full match: [32mOK[0m
expr STRING : PATTERN matches a bracket-expression range: [32mOK[0m
expr STRING : PATTERN combines a bracket range with a following capture group: [32mOK[0m
expr STRING : PATTERN honors bracket-expression negation (^): [32mOK[0m
expr STRING : PATTERN matches a POSIX [:alpha:] character class: [32mOK[0m
expr STRING : PATTERN with multiple groups reports only the first: [32mOK[0m
expr STRING : PATTERN's \* still matches a literal star: [32mOK[0m
expr STRING : PATTERN: a bare leading * in the pattern is literal, so it doesn't match a string without one: [32mOK[0m
expr STRING : PATTERN with no match and no group reports 0: [32mOK[0m
expr STRING : PATTERN with no match exits 1: [32mOK[0m
expr STRING : PATTERN with no match (bracket expression, no group) also reports 0: [32mOK[0m
Tests succeeded: 17
Tests failed: 0
Success
<end of output>
Test time =   0.10 sec
----------------------------------------------------------
Test Passed.
"builtin-expr.sh" end time: Aug 12 18:25 CEST
"builtin-expr.sh" time elapsed: 00:00:00
----------------------------------------------------------

9/143 Testing: builtin-read.sh
9/143 Test: builtin-read.sh
Command: "/home/roman/Projects/shish/build/shish" "tests/builtin-read.sh"
Directory: /home/roman/Projects/shish
"builtin-read.sh" start time: Aug 12 18:25 CEST
Output:
----------------------------------------------------------
read must capture a single-word line: [32mOK[0m
read splits into the 1st variable: [32mOK[0m
read splits into the 2nd variable: [32mOK[0m
read splits into the 3rd variable: [32mOK[0m
read splits into the 4th variable: [32mOK[0m
read puts every remaining field into the last variable: [32mOK[0m
read -r must leave backslashes untouched: [32mOK[0m
read -n N must stop after N characters: [32mOK[0m
read -d must split on the given delimiter instead of newline: [32mOK[0m
read -u must read the 1st line from the given fd: [32mOK[0m
read -u must read the 2nd line from the same fd on the next call: [32mOK[0m
Tests succeeded: 11
Tests failed: 0
Success
<end of output>
Test time =   0.10 sec
----------------------------------------------------------
Test Passed.
"builtin-read.sh" end time: Aug 12 18:25 CEST
"builtin-read.sh" time elapsed: 00:00:00
----------------------------------------------------------

2/143 Testing: bquote.sh
2/143 Test: bquote.sh
Command: "/home/roman/Projects/shish/build/shish" "tests/bquote.sh"
Directory: /home/roman/Projects/shish
"bquote.sh" start time: Aug 12 18:25 CEST
Output:
----------------------------------------------------------
backquote expansion must capture the command's output: [32mOK[0m
backquote expansion assigned straight to a variable must not be field-split (embedded newline preserved): [32mOK[0m
backquote expansion of a silent command must be empty: [32mOK[0m
Tests succeeded: 3
Tests failed: 0
Success
<end of output>
Test time =   0.13 sec
----------------------------------------------------------
Test Passed.
"bquote.sh" end time: Aug 12 18:25 CEST
"bquote.sh" time elapsed: 00:00:00
----------------------------------------------------------

15/143 Testing: debug.sh
15/143 Test: debug.sh
Command: "/home/roman/Projects/shish/build/shish" "tests/debug.sh"
Directory: /home/roman/Projects/shish
"debug.sh" start time: Aug 12 18:25 CEST
Output:
----------------------------------------------------------
type must identify cd as a shell builtin: [32mOK[0m
type must identify set as a shell builtin: [32mOK[0m
+++ true
+++ false
+++ :
+++ echo ok
+ RESULT='ok'
+ set +x
set -x must not change what a command list actually does: [32mOK[0m
a function's own "set --" changes its own $#: [32mOK[0m
a function's own "set --" changes its own $1: [32mOK[0m
the caller's $# must survive a callee's "set --": [32mOK[0m
the caller's $1 must survive a callee's "set --": [32mOK[0m
a function's own "set --" changes its own $#: [32mOK[0m
a function's own "set --" changes its own $1: [32mOK[0m
a brace group must not leak a called function's positional params either: [32mOK[0m
Tests succeeded: 10
Tests failed: 0
Success
<end of output>
Test time =   0.01 sec
----------------------------------------------------------
Test Passed.
"debug.sh" end time: Aug 12 18:25 CEST
"debug.sh" time elapsed: 00:00:00
----------------------------------------------------------

12/143 Testing: builtin-test.sh
12/143 Test: builtin-test.sh
Command: "/home/roman/Projects/shish/build/shish" "tests/builtin-test.sh"
Directory: /home/roman/Projects/shish
"builtin-test.sh" start time: Aug 12 18:25 CEST
Output:
----------------------------------------------------------
3 -lt 10: [32mOK[0m
! ( 3 -lt 10 ): [32mOK[0m
( 3 -lt 10 ) -a ( 10 -gt 1 ): [32mOK[0m
( 10 -gt 3 ) -a ( 1 -lt 10 ): [32mOK[0m
( 10 -gt 3 ) -a ! ( 1 -gt 10 ): [32mOK[0m
( 3 -lt 10 -a 10 -gt 1 ): [32mOK[0m
1 -gt 0: [32mOK[0m
0 -gt 0: [32mOK[0m
negative-lhs -gt comparison: [32mOK[0m
test -e on this test script itself: [32mOK[0m
test -e CMakeLists.txt: [32mOK[0m
test -c /dev/null is a char device: [32mOK[0m
test -c CMakeLists.txt is not a char device: [32mOK[0m
test -d .: [32mOK[0m
test -d CMakeLists.txt is not a directory: [32mOK[0m
test -f CMakeLists.txt: [32mOK[0m
test -f . is not a regular file: [32mOK[0m
a non-empty single-arg string test: [32mOK[0m
an empty single-arg string test: [32mOK[0m
test -n on a non-empty string: [32mOK[0m
test -n on an empty string: [32mOK[0m
test -z on an empty string: [32mOK[0m
test -z on a non-empty string: [32mOK[0m
negated test -n on a non-empty string: [32mOK[0m
negated test -n on an empty string: [32mOK[0m
Tests succeeded: 25
Tests failed: 0
Success
<end of output>
Test time =   0.04 sec
----------------------------------------------------------
Test Passed.
"builtin-test.sh" end time: Aug 12 18:25 CEST
"builtin-test.sh" time elapsed: 00:00:00
----------------------------------------------------------

14/143 Testing: cmd-subst.sh
14/143 Test: cmd-subst.sh
Command: "/home/roman/Projects/shish/build/shish" "tests/cmd-subst.sh"
Directory: /home/roman/Projects/shish
"cmd-subst.sh" start time: Aug 12 18:25 CEST
Output:
----------------------------------------------------------
$(...) must capture a simple command's stdout: [32mOK[0m
a here-doc with an unquoted delimiter must expand parameters in its body: [32mOK[0m
backquote command substitution must capture printf's output: [32mOK[0m
$(...) must nest without needing to escape the inner one: [32mOK[0m
$(...) must see variables assigned earlier in the same script: [32mOK[0m
Tests succeeded: 5
Tests failed: 0
Success
<end of output>
Test time =   0.03 sec
----------------------------------------------------------
Test Passed.
"cmd-subst.sh" end time: Aug 12 18:25 CEST
"cmd-subst.sh" time elapsed: 00:00:00
----------------------------------------------------------

11/143 Testing: builtin-rmdir.sh
11/143 Test: builtin-rmdir.sh
Command: "/home/roman/Projects/shish/build/shish" "tests/builtin-rmdir.sh"
Directory: /home/roman/Projects/shish
"builtin-rmdir.sh" start time: Aug 12 18:25 CEST
Output:
----------------------------------------------------------
a plain rmdir on an empty directory succeeds: [32mOK[0m
the directory is actually gone afterward: [32mOK[0m
a plain rmdir refuses to remove a non-empty directory: [32mOK[0m
rmdir -p on a/b/c succeeds: [32mOK[0m
a/b/c, a/b, and a are all gone -- the whole chain was climbed: [32mOK[0m
rmdir -p reports failure once an ancestor isn't empty: [32mOK[0m
the non-empty ancestor itself survives: [32mOK[0m
the originally-named (now-empty) directory was still removed before the climb stopped: [32mOK[0m
rmdir -p accepts a trailing slash on the operand: [32mOK[0m
the trailing slash doesn't stop the ancestor climb from working: [32mOK[0m
rmdir -p on a bare, slash-free name behaves like a plain rmdir: [32mOK[0m
and it actually removed it: [32mOK[0m
rmdir -pv reports one line for the named directory and one per ancestor climbed: [31mFAIL[0m
Tests succeeded: 12
Tests failed: 1
Fail: 1
<end of output>
Test time =   0.11 sec
----------------------------------------------------------
Test Failed.
"builtin-rmdir.sh" end time: Aug 12 18:25 CEST
"builtin-rmdir.sh" time elapsed: 00:00:00
----------------------------------------------------------

8/143 Testing: builtin-mkdir.sh
8/143 Test: builtin-mkdir.sh
Command: "/home/roman/Projects/shish/build/shish" "tests/builtin-mkdir.sh"
Directory: /home/roman/Projects/shish
"builtin-mkdir.sh" start time: Aug 12 18:25 CEST
Output:
----------------------------------------------------------
a plain mkdir on a not-yet-existing directory succeeds: [32mOK[0m
the directory actually exists afterward: [32mOK[0m
a plain mkdir refuses to create a directory whose parent is missing: [32mOK[0m
mkdir -p on a relative multi-component path succeeds: [32mOK[0m
every component in the relative chain was actually created: [32mOK[0m
mkdir -p on an absolute multi-component path succeeds: [32mOK[0m
every component in the absolute chain was actually created, including right after the leading /: [32mOK[0m
mkdir -p tolerates repeated slashes between components: [32mOK[0m
the directory chain exists despite the repeated slashes in the operand: [32mOK[0m
mkdir -p tolerates a trailing slash on the operand: [32mOK[0m
the directory chain exists despite the trailing slash: [32mOK[0m
mkdir -p on an already-fully-existing path succeeds rather than erroring: [32mOK[0m
Tests succeeded: 12
Tests failed: 0
Success
<end of output>
Test time =   0.20 sec
----------------------------------------------------------
Test Passed.
"builtin-mkdir.sh" end time: Aug 12 18:25 CEST
"builtin-mkdir.sh" time elapsed: 00:00:00
----------------------------------------------------------

10/143 Testing: builtin-rm.sh
10/143 Test: builtin-rm.sh
Command: "/home/roman/Projects/shish/build/shish" "tests/builtin-rm.sh"
Directory: /home/roman/Projects/shish
"builtin-rm.sh" start time: Aug 12 18:25 CEST
Output:
----------------------------------------------------------
a plain rm on a single existing file succeeds: [32mOK[0m
the file is actually gone afterward: [32mOK[0m
a plain rm refuses to remove a directory without -r: [32mOK[0m
rm -r on a populated directory tree succeeds: [32mOK[0m
the whole tree is gone afterward, including the top-level directory itself: [32mOK[0m
rm -r on a symlink-to-directory succeeds: [32mOK[0m
the symlink itself is gone: [32mOK[0m
the real directory's contents survive -- rm -r must not follow the symlink into it: [32mOK[0m
rm -rf on a nonexistent path succeeds silently: [32mOK[0m
rm -r without -f on a nonexistent path fails: [32mOK[0m
rm -rv reports one "removed" line per file and per directory removed (f, sub/, vtree/ itself): [32mOK[0m
rm -R (capital) works the same as rm -r: [32mOK[0m
Tests succeeded: 12
Tests failed: 0
Success
<end of output>
Test time =   0.15 sec
----------------------------------------------------------
Test Passed.
"builtin-rm.sh" end time: Aug 12 18:25 CEST
"builtin-rm.sh" time elapsed: 00:00:00
----------------------------------------------------------

16/143 Testing: expand-brace.sh
16/143 Test: expand-brace.sh
Command: "/home/roman/Projects/shish/build/shish" "tests/expand-brace.sh"
Directory: /home/roman/Projects/shish
"expand-brace.sh" start time: Aug 12 18:25 CEST
Output:
----------------------------------------------------------
a plain comma-list expands to one word per alternative: [32mOK[0m
a prefix/suffix around the group is kept on every alternative: [32mOK[0m
two groups in the same word combine (Cartesian product): [32mOK[0m
a brace group with no comma at all is not a valid expansion, left literal: [32mOK[0m
a quoted brace group is never expanded: [32mOK[0m
set +B turns brace expansion off: [32mOK[0m
set -B turns it back on: [32mOK[0m
a word mixing a substitution with a brace group is left entirely literal (v1 scope limit): [32mOK[0m
glob still applies per-alternative after brace expansion: [32mOK[0m
brace expansion re-runs fresh on every loop iteration: [32mOK[0m
Tests succeeded: 10
Tests failed: 0
Success
<end of output>
Test time =   0.08 sec
----------------------------------------------------------
Test Passed.
"expand-brace.sh" end time: Aug 12 18:25 CEST
"expand-brace.sh" time elapsed: 00:00:00
----------------------------------------------------------

17/143 Testing: expand-tilde.sh
17/143 Test: expand-tilde.sh
Command: "/home/roman/Projects/shish/build/shish" "tests/expand-tilde.sh"
Directory: /home/roman/Projects/shish
"expand-tilde.sh" start time: Aug 12 18:25 CEST
Output:
----------------------------------------------------------
a bare ~ expands to $HOME: [32mOK[0m
~/foo expands to $HOME/foo: [32mOK[0m
a double-quoted ~ is never expanded: [32mOK[0m
a single-quoted ~ is never expanded: [32mOK[0m
~user expands via that user's passwd entry: [32mOK[0m
~unknownuser is left completely unmodified, not an error: [32mOK[0m
~ respects a HOME reassignment: [32mOK[0m
an assignment's value (X=~/foo) is tilde-expanded too: [32mOK[0m
a bare ~ as a whole assignment value expands the same way: [32mOK[0m
each ~-prefix following an unquoted ':' in an assignment value is expanded independently: [32mOK[0m
a tilde-expansion's result is not subject to field splitting, even if it contains IFS whitespace: [32mOK[0m
a tilde-expansion's result is used as a literal string, not re-expanded even if it looks like a substitution: [32mOK[0m
~ expands fresh on every loop iteration, not just the first: [32mOK[0m
same, for tilde inside a repeatedly-evaluated assignment: [32mOK[0m
Tests succeeded: 14
Tests failed: 0
Success
<end of output>
Test time =   0.09 sec
----------------------------------------------------------
Test Passed.
"expand-tilde.sh" end time: Aug 12 18:25 CEST
"expand-tilde.sh" time elapsed: 00:00:00
----------------------------------------------------------

22/143 Testing: loop-while.sh
22/143 Test: loop-while.sh
Command: "/home/roman/Projects/shish/build/shish" "tests/loop-while.sh"
Directory: /home/roman/Projects/shish
"loop-while.sh" start time: Aug 12 18:25 CEST
Output:
----------------------------------------------------------
while loop must iterate over every positional param: [32mOK[0m
a while loop whose condition starts false must never run its body: [32mOK[0m
break must exit the loop before running anything after it in the body: [32mOK[0m
break must still let the body run once before exiting: [32mOK[0m
continue must skip the rest of the body for that iteration only (1+2+4+5): [32mOK[0m
until loop must run until its condition becomes true: [32mOK[0m
an until loop whose condition starts true must never run its body: [32mOK[0m
Tests succeeded: 7
Tests failed: 0
Success
<end of output>
Test time =   0.05 sec
----------------------------------------------------------
Test Passed.
"loop-while.sh" end time: Aug 12 18:25 CEST
"loop-while.sh" time elapsed: 00:00:00
----------------------------------------------------------

21/143 Testing: if.sh
21/143 Test: if.sh
Command: "/home/roman/Projects/shish/build/shish" "tests/if.sh"
Directory: /home/roman/Projects/shish
"if.sh" start time: Aug 12 18:25 CEST
Output:
----------------------------------------------------------
if true must take the then branch: [32mOK[0m
if false must take the else branch: [32mOK[0m
if false / elif true must take the elif branch: [32mOK[0m
if false / elif false must take the else branch: [32mOK[0m
the if condition's command substitution output must be visible after the if: [32mOK[0m
an if with no matching branch and no else must still exit 0: [32mOK[0m
Tests succeeded: 6
Tests failed: 0
Success
<end of output>
Test time =   0.05 sec
----------------------------------------------------------
Test Passed.
"if.sh" end time: Aug 12 18:25 CEST
"if.sh" time elapsed: 00:00:00
----------------------------------------------------------

20/143 Testing: here-doc.sh
20/143 Test: here-doc.sh
Command: "/home/roman/Projects/shish/build/shish" "tests/here-doc.sh"
Directory: /home/roman/Projects/shish
"here-doc.sh" start time: Aug 12 18:25 CEST
Output:
----------------------------------------------------------
unquoted delimiter expands parameters: [32mOK[0m
unquoted delimiter expands arithmetic: [32mOK[0m
unquoted delimiter expands command substitution: [32mOK[0m
backslash-newline in an unquoted here-doc body is a line continuation: [32mOK[0m
backslash-escaped $ in an unquoted here-doc body suppresses expansion: [32mOK[0m
single-quoted delimiter suppresses expansion: [32mOK[0m
double-quoted delimiter suppresses expansion: [32mOK[0m
backslash-escaped delimiter suppresses expansion: [32mOK[0m
delimiter mixing quoted and unquoted parts suppresses expansion: [32mOK[0m
a quoted-delimiter here-doc body preserves a real backslash verbatim: [32mOK[0m
<<- strips leading tabs from body and the closing delimiter line: [32mOK[0m
<<- still expands parameters when the delimiter is unquoted: [32mOK[0m
<<- combined with a quoted delimiter both strips tabs and suppresses expansion: [32mOK[0m
<<- does not strip leading spaces, only tabs: [32mOK[0m
a here-doc with an empty body produces empty output: [32mOK[0m
the later of two here-docs redirected to the same fd wins: [32mOK[0m
with three here-docs on the same fd, the last one still wins cleanly: [32mOK[0m
two here-docs on separate simple commands are each read in source order: [32mOK[0m
a here-doc attaches to its command before the pipeline runs: [32mOK[0m
a here-doc coexists with an unrelated output redirection on the same command: [32mOK[0m
a here-doc inside a command substitution works: [32mOK[0m
a here-doc can be attached to a compound command (while loop): [32mOK[0m
here-doc body is treated as data, not parsed as shell syntax: [32mOK[0m
Tests succeeded: 23
Tests failed: 0
Success
<end of output>
Test time =   0.07 sec
----------------------------------------------------------
Test Passed.
"here-doc.sh" end time: Aug 12 18:25 CEST
"here-doc.sh" time elapsed: 00:00:00
----------------------------------------------------------

19/143 Testing: functions.sh
19/143 Test: functions.sh
Command: "/home/roman/Projects/shish/build/shish" "tests/functions.sh"
Directory: /home/roman/Projects/shish
"functions.sh" start time: Aug 12 18:25 CEST
Output:
----------------------------------------------------------
a function's explicit "return 0" must be its exit status: [32mOK[0m
a function ending on a successful command must exit 0: [32mOK[0m
a function's explicit "return N" must be its exit status: [32mOK[0m
functions must run in the order they're called, each seeing the caller's variables, except a subshell-bodied one whose own assignments must stay isolated: [32mOK[0m
a function's $# reflects the arguments it was called with: [32mOK[0m
a function's positional params are its call arguments, in order: [32mOK[0m
len() case-matched branch for a 1-char string: [32mOK[0m
len() case-matched branch for a 3-char string: [32mOK[0m
len() ${#1} fallback branch for a string longer than the matched cases: [32mOK[0m
a recursive function must compute the right result (5! = 120): [32mOK[0m
Tests succeeded: 10
Tests failed: 0
Success
<end of output>
Test time =   0.09 sec
----------------------------------------------------------
Test Passed.
"functions.sh" end time: Aug 12 18:25 CEST
"functions.sh" time elapsed: 00:00:00
----------------------------------------------------------

27/143 Testing: posix/async-p.tst
27/143 Test: posix/async-p.tst
Command: "/usr/bin/sh" "tests/run-tst.sh" "/home/roman/Projects/shish/build/shish" "tests/posix" "async-p.tst"
Directory: /home/roman/Projects/shish
"posix/async-p.tst" start time: Aug 12 18:25 CEST
Output:
----------------------------------------------------------
async-p.tst: 3/9 passed, 0 skipped
%%% FAILED: async-p.tst:18: asynchronous lists separated by ampersands
%%% FAILED: async-p.tst:38: asynchronous command runs in subshell
%%% FAILED: async-p.tst:48: stdin of asynchronous list is null without job control
%%% FAILED: async-p.tst:57: stdin of asynchronous list is null even if already redirected
%%% FAILED: async-p.tst:72: exit status of asynchronous list
%%% FAILED: async-p.tst:82: asynchronous and-or lists
(see tests/posix/async-p.trs for full diffs)
<end of output>
Test time =   0.14 sec
----------------------------------------------------------
Test Failed.
"posix/async-p.tst" end time: Aug 12 18:25 CEST
"posix/async-p.tst" time elapsed: 00:00:00
----------------------------------------------------------

25/143 Testing: posix/andor-p.tst
25/143 Test: posix/andor-p.tst
Command: "/usr/bin/sh" "tests/run-tst.sh" "/home/roman/Projects/shish/build/shish" "tests/posix" "andor-p.tst"
Directory: /home/roman/Projects/shish
"posix/andor-p.tst" start time: Aug 12 18:25 CEST
Output:
----------------------------------------------------------
andor-p.tst: 14/14 passed, 0 skipped
<end of output>
Test time =   0.19 sec
----------------------------------------------------------
Test Passed.
"posix/andor-p.tst" end time: Aug 12 18:25 CEST
"posix/andor-p.tst" time elapsed: 00:00:00
----------------------------------------------------------

28/143 Testing: posix/bg-p.tst
28/143 Test: posix/bg-p.tst
Command: "/usr/bin/sh" "tests/run-tst.sh" "/home/roman/Projects/shish/build/shish" "tests/posix" "bg-p.tst"
Directory: /home/roman/Projects/shish
"posix/bg-p.tst" start time: Aug 12 18:25 CEST
Output:
----------------------------------------------------------
bg-p.tst: 0/11 passed, 11 skipped
<end of output>
Test time =   0.06 sec
----------------------------------------------------------
Test Passed.
"posix/bg-p.tst" end time: Aug 12 18:25 CEST
"posix/bg-p.tst" time elapsed: 00:00:00
----------------------------------------------------------

29/143 Testing: posix/break-p.tst
29/143 Test: posix/break-p.tst
Command: "/usr/bin/sh" "tests/run-tst.sh" "/home/roman/Projects/shish/build/shish" "tests/posix" "break-p.tst"
Directory: /home/roman/Projects/shish
"posix/break-p.tst" start time: Aug 12 18:25 CEST
Output:
----------------------------------------------------------
break-p.tst: 31/32 passed, 0 skipped
%%% FAILED: break-p.tst:386: breaking out of eval
(see tests/posix/break-p.trs for full diffs)
<end of output>
Test time =   0.34 sec
----------------------------------------------------------
Test Failed.
"posix/break-p.tst" end time: Aug 12 18:25 CEST
"posix/break-p.tst" time elapsed: 00:00:00
----------------------------------------------------------

13/143 Testing: builtin-trap.sh
13/143 Test: builtin-trap.sh
Command: "/home/roman/Projects/shish/build/shish" "tests/builtin-trap.sh"
Directory: /home/roman/Projects/shish
"builtin-trap.sh" start time: Aug 12 18:25 CEST
Output:
----------------------------------------------------------
a trap on TERM runs when TERM is delivered, and execution continues afterward: [32mOK[0m
retrapping the same signal replaces the handler -- only the newest one fires, not both: [32mOK[0m
retrapping a signal 30 times (past sig_push()'s 16-deep stack) still works, and only the last trap fires: [32mOK[0m
trap - SIG resets to default and trap -p SIG then prints nothing for it: [32mOK[0m
trap -p with no operand lists every installed trap: [32mOK[0m
an EXIT trap can be installed and shows up in trap -p's listing: [32mOK[0m
a subshell's own EXIT trap fires -- into the subshell's own capture -- when its body falls off the end: [32mOK[0m
a subshell's own EXIT trap fires exactly once (not twice) when the subshell exits via an explicit 'exit': [32mOK[0m
inner-trap
an EXIT trap set inside a subshell must not leak into the parent shell's trap list: [32mOK[0m
an outer EXIT trap still fires at the right time, unaffected by a same-named trap set and already run inside a nested subshell: [32mOK[0m
Tests succeeded: 10
Tests failed: 0
Success
<end of output>
Test time =   0.83 sec
----------------------------------------------------------
Test Passed.
"builtin-trap.sh" end time: Aug 12 18:25 CEST
"builtin-trap.sh" time elapsed: 00:00:00
----------------------------------------------------------

24/143 Testing: posix/alias-p.tst
24/143 Test: posix/alias-p.tst
Command: "/usr/bin/sh" "tests/run-tst.sh" "/home/roman/Projects/shish/build/shish" "tests/posix" "alias-p.tst"
Directory: /home/roman/Projects/shish
"posix/alias-p.tst" start time: Aug 12 18:25 CEST
Output:
----------------------------------------------------------
alias-p.tst: 17/65 passed, 0 skipped
%%% FAILED: alias-p.tst:70: printing specific alias
%%% FAILED: alias-p.tst:74: reusing printed alias (simple)
%%% FAILED: alias-p.tst:83: reusing printed alias (complex quotation)
%%% FAILED: alias-p.tst:93: printing all aliases
%%% FAILED: alias-p.tst:104: subshell inherits aliases
%%% FAILED: alias-p.tst:108: subshell cannot affect main shell
%%% FAILED: alias-p.tst:115: printing undefined alias is error
%%% FAILED: alias-p.tst:133: using alias after assignment (complex)
%%% FAILED: alias-p.tst:146: using alias after redirection (complex)
%%% FAILED: alias-p.tst:158: using alias in pipeline (complex)
%%% FAILED: alias-p.tst:166: using aliases in compound commands
%%% FAILED: alias-p.tst:176: alias substitution to blank before if
%%% FAILED: alias-p.tst:182: alias substitution to blank should not change exit status
%%% FAILED: alias-p.tst:188: alias substitution to blank before newline
%%% FAILED: alias-p.tst:199: alias substitution to assignment
%%% FAILED: alias-p.tst:214: alias substitution to here-document
%%% FAILED: alias-p.tst:223: alias substitution to here-document operand
%%% FAILED: alias-p.tst:232: alias substitution to !
%%% FAILED: alias-p.tst:240: alias substitution to parenthesis
%%% FAILED: alias-p.tst:254: alias substitution to if/then/elif/else/fi keywords
%%% FAILED: alias-p.tst:272: alias substitution to while/until/do/done keywords
%%% FAILED: alias-p.tst:281: alias substitution to for
%%% FAILED: alias-p.tst:289: alias substitution to word (for)
%%% FAILED: alias-p.tst:296: alias substitution to in (for)
%%% FAILED: alias-p.tst:309: alias substitution to do/done (for with in)
%%% FAILED: alias-p.tst:320: alias substitution to do/done (for w/o in)
%%% FAILED: alias-p.tst:342: inapplicable alias substitution of do (for)
%%% FAILED: alias-p.tst:350: alias substitution to case/esac keywords
%%% FAILED: alias-p.tst:361: alias substitution to in (case)
%%% FAILED: alias-p.tst:371: alias substitution to case pattern
%%% FAILED: alias-p.tst:386: alias substitution to ( (case)
%%% FAILED: alias-p.tst:395: alias substitution to | (case)
%%% FAILED: alias-p.tst:402: alias substitution to ) (case)
%%% FAILED: alias-p.tst:409: alias substitution to ;;
%%% FAILED: alias-p.tst:421: alias substitution to function definition
%%% FAILED: alias-p.tst:430: alias substitution to parentheses in function definition
%%% FAILED: alias-p.tst:444: alias substitution to command in function definition
%%% FAILED: alias-p.tst:453: IO_NUMBER cannot be aliased
%%% FAILED: alias-p.tst:462: alias starting with blank
%%% FAILED: alias-p.tst:471: alias ending with blank
%%% FAILED: alias-p.tst:487: alias substitution can be part of an operator
%%% FAILED: alias-p.tst:502: quoted aliases are not substituted
%%% FAILED: alias-p.tst:528: line continuation between alias names (1)
%%% FAILED: alias-p.tst:540: line continuation between alias names (2)
%%% FAILED: alias-p.tst:548: alias substitution to line continuation
%%% FAILED: alias-p.tst:559: characters allowed in alias name
%%% FAILED: alias-p.tst:566: recursive alias
%%% FAILED: alias-p.tst:576: alias in command substitution
(see tests/posix/alias-p.trs for full diffs)
<end of output>
Test time =   0.73 sec
----------------------------------------------------------
Test Failed.
"posix/alias-p.tst" end time: Aug 12 18:25 CEST
"posix/alias-p.tst" time elapsed: 00:00:00
----------------------------------------------------------

30/143 Testing: posix/builtins-p.tst
30/143 Test: posix/builtins-p.tst
Command: "/usr/bin/sh" "tests/run-tst.sh" "/home/roman/Projects/shish/build/shish" "tests/posix" "builtins-p.tst"
Directory: /home/roman/Projects/shish
"posix/builtins-p.tst" start time: Aug 12 18:25 CEST
Output:
----------------------------------------------------------
builtins-p.tst: 70/81 passed, 0 skipped
%%% FAILED: builtins-p.tst:23: assignment on special built-in break is persistent
%%% FAILED: builtins-p.tst:33: assignment on special built-in continue is persistent
%%% FAILED: builtins-p.tst:51: assignment on special built-in exec is persistent
%%% FAILED: builtins-p.tst:110: assignment on special built-in trap is persistent
%%% FAILED: builtins-p.tst:136: function cannot override special built-in break
%%% FAILED: builtins-p.tst:143: function cannot override special built-in continue
%%% FAILED: builtins-p.tst:191: function cannot override special built-in times
%%% FAILED: builtins-p.tst:196: function cannot override special built-in trap
%%% FAILED: builtins-p.tst:298: special built-in times can be invoked without $PATH
%%% FAILED: builtins-p.tst:302: special built-in trap can be invoked without $PATH
%%% FAILED: builtins-p.tst:340: intrinsic built-in getopts can be invoked without $PATH
(see tests/posix/builtins-p.trs for full diffs)
<end of output>
Test time =   0.70 sec
----------------------------------------------------------
Test Failed.
"posix/builtins-p.tst" end time: Aug 12 18:25 CEST
"posix/builtins-p.tst" time elapsed: 00:00:00
----------------------------------------------------------

32/143 Testing: posix/cd-p.tst
32/143 Test: posix/cd-p.tst
Command: "/usr/bin/sh" "tests/run-tst.sh" "/home/roman/Projects/shish/build/shish" "tests/posix" "cd-p.tst"
Directory: /home/roman/Projects/shish
"posix/cd-p.tst" start time: Aug 12 18:25 CEST
Output:
----------------------------------------------------------
cd-p.tst: 17/39 passed, 0 skipped
%%% FAILED: cd-p.tst:65: found in last cd path (-L)
%%% FAILED: cd-p.tst:77: found in last cd path (-P)
%%% FAILED: cd-p.tst:89: found in empty cd path (-L)
%%% FAILED: cd-p.tst:100: found in empty cd path (-P)
%%% FAILED: cd-p.tst:111: found in dot cd path (-L)
%%% FAILED: cd-p.tst:123: found in dot cd path (-P)
%%% FAILED: cd-p.tst:157: found not in any cd path, but in PWD (-L)
%%% FAILED: cd-p.tst:168: found not in any cd path, but in PWD (-P)
%%% FAILED: cd-p.tst:199: cd paths are ignored for operand starting with dot (-L)
%%% FAILED: cd-p.tst:210: cd paths are ignored for operand starting with dot (-P)
%%% FAILED: cd-p.tst:221: cd paths are ignored for operand starting with dot-dot (-L)
%%% FAILED: cd-p.tst:234: cd paths are ignored for operand starting with dot-dot (-P)
%%% FAILED: cd-p.tst:293: non-directory file in operand component (-L)
%%% FAILED: cd-p.tst:297: non-directory file in operand component (-P)
%%% FAILED: cd-p.tst:301: non-existing file in operand component (-L)
%%% FAILED: cd-p.tst:305: non-existing file in operand component (-P)
%%% FAILED: cd-p.tst:309: target pathname is canonicalized (-L)
%%% FAILED: cd-p.tst:343: default option is -L
%%% FAILED: cd-p.tst:354: the last option wins (-L)
%%% FAILED: cd-p.tst:392: hyphen operand means OLDPWD (-L)
%%% FAILED: cd-p.tst:403: hyphen operand means OLDPWD (-P)
%%% FAILED: cd-p.tst:414: OLDPWD is set to old PWD (-L)
(see tests/posix/cd-p.trs for full diffs)
<end of output>
Test time =   0.36 sec
----------------------------------------------------------
Test Failed.
"posix/cd-p.tst" end time: Aug 12 18:25 CEST
"posix/cd-p.tst" time elapsed: 00:00:00
----------------------------------------------------------

23/143 Testing: param.sh
23/143 Test: param.sh
Command: "/home/roman/Projects/shish/build/shish" "tests/param.sh"
Directory: /home/roman/Projects/shish
"param.sh" start time: Aug 12 18:25 CEST
Output:
----------------------------------------------------------
: [32mOK[0m
: [32mOK[0m
: [32mOK[0m
: [32mOK[0m
: [32mOK[0m
: [32mOK[0m
: [32mOK[0m
: [32mOK[0m
: [32mOK[0m
: [32mOK[0m
: [32mOK[0m
: [32mOK[0m
: [32mOK[0m
: [32mOK[0m
: [32mOK[0m
: [32mOK[0m
: [32mOK[0m
: [32mOK[0m
: [32mOK[0m
: [32mOK[0m
: [32mOK[0m
: [32mOK[0m
: [32mOK[0m
: [32mOK[0m
: [32mOK[0m
: [32mOK[0m
: [32mOK[0m
: [32mOK[0m
XXX: 1
: [32mOK[0m
: [32mOK[0m
: [32mOK[0m
: [32mOK[0m
: [32mOK[0m
: [32mOK[0m
: [32mOK[0m
: [32mOK[0m
: [32mOK[0m
Tests succeeded: 37
Tests failed: 0
Success
<end of output>
Test time =   1.09 sec
----------------------------------------------------------
Test Passed.
"param.sh" end time: Aug 12 18:25 CEST
"param.sh" time elapsed: 00:00:01
----------------------------------------------------------

35/143 Testing: posix/comment-p.tst
35/143 Test: posix/comment-p.tst
Command: "/usr/bin/sh" "tests/run-tst.sh" "/home/roman/Projects/shish/build/shish" "tests/posix" "comment-p.tst"
Directory: /home/roman/Projects/shish
"posix/comment-p.tst" start time: Aug 12 18:25 CEST
Output:
----------------------------------------------------------
comment-p.tst: 11/15 passed, 0 skipped
%%% FAILED: comment-p.tst:16: comment ending with backslash
%%% FAILED: comment-p.tst:57: comment after (a)synchronous list
%%% FAILED: comment-p.tst:80: comment in for loop
%%% FAILED: comment-p.tst:92: comment in case statement
(see tests/posix/comment-p.trs for full diffs)
<end of output>
Test time =   0.18 sec
----------------------------------------------------------
Test Failed.
"posix/comment-p.tst" end time: Aug 12 18:25 CEST
"posix/comment-p.tst" time elapsed: 00:00:00
----------------------------------------------------------

6/143 Testing: builtin-kill.sh
6/143 Test: builtin-kill.sh
Command: "/home/roman/Projects/shish/build/shish" "tests/builtin-kill.sh"
Directory: /home/roman/Projects/shish
"builtin-kill.sh" start time: Aug 12 18:25 CEST
Output:
----------------------------------------------------------
kill -0 on a live pid reports success: [32mOK[0m
process 765624 signaled: TERM
tests/builtin-kill.sh:23:1: kill: 765624: No such process
kill -TERM actually terminates the process, confirmed via a following kill -0: [32mOK[0m
process 766056 signaled: KILL
tests/builtin-kill.sh:30:1: kill: 766056: No such process
kill -9 (numeric signal) terminates the process: [32mOK[0m
process 766854 signaled: KILL
tests/builtin-kill.sh:37:1: kill: 766854: No such process
kill -KILL (bare name) terminates the process: [32mOK[0m
process 767520 signaled: KILL
tests/builtin-kill.sh:44:1: kill: 767520: No such process
kill -SIGKILL (SIG-prefixed name, case-insensitive) terminates the process: [32mOK[0m
process 768066 signaled: TERM
tests/builtin-kill.sh:51:1: kill: 768066: No such process
kill %job-spec resolves the job and terminates it: [32mOK[0m
tests/builtin-kill.sh:54:1: kill: -FOOBAR: invalid signal specification
an unrecognized signal name fails with a non-zero exit status: [32mOK[0m
tests/builtin-kill.sh:57:1: kill: too few arguments
kill with no operands fails with a non-zero exit status: [32mOK[0m
tests/builtin-kill.sh:60:1: kill: 999999: No such process
kill -0 on a pid that doesn't exist fails with a non-zero exit status: [32mOK[0m
kill -0 on the shell's own pid succeeds: [32mOK[0m
Tests succeeded: 10
Tests failed: 0
Success
<end of output>
Test time =   1.58 sec
----------------------------------------------------------
Test Passed.
"builtin-kill.sh" end time: Aug 12 18:25 CEST
"builtin-kill.sh" time elapsed: 00:00:01
----------------------------------------------------------

37/143 Testing: posix/dot-p.tst
37/143 Test: posix/dot-p.tst
Command: "/usr/bin/sh" "tests/run-tst.sh" "/home/roman/Projects/shish/build/shish" "tests/posix" "dot-p.tst"
Directory: /home/roman/Projects/shish
"posix/dot-p.tst" start time: Aug 12 18:25 CEST
Output:
----------------------------------------------------------
dot-p.tst: 11/14 passed, 0 skipped
%%% FAILED: dot-p.tst:20: empty dot script
%%% FAILED: dot-p.tst:52: dot script not found, in $PATH, non-interactive shell
%%% FAILED: dot-p.tst:84: dot script not found, relative, non-interactive shell
(see tests/posix/dot-p.trs for full diffs)
<end of output>
Test time =   0.16 sec
----------------------------------------------------------
Test Failed.
"posix/dot-p.tst" end time: Aug 12 18:25 CEST
"posix/dot-p.tst" time elapsed: 00:00:00
----------------------------------------------------------

36/143 Testing: posix/continue-p.tst
36/143 Test: posix/continue-p.tst
Command: "/usr/bin/sh" "tests/run-tst.sh" "/home/roman/Projects/shish/build/shish" "tests/posix" "continue-p.tst"
Directory: /home/roman/Projects/shish
"posix/continue-p.tst" start time: Aug 12 18:25 CEST
Output:
----------------------------------------------------------
continue-p.tst: 30/31 passed, 0 skipped
%%% FAILED: continue-p.tst:440: continuing out of eval
(see tests/posix/continue-p.trs for full diffs)
<end of output>
Test time =   0.35 sec
----------------------------------------------------------
Test Failed.
"posix/continue-p.tst" end time: Aug 12 18:25 CEST
"posix/continue-p.tst" time elapsed: 00:00:00
----------------------------------------------------------

34/143 Testing: posix/command-p.tst
34/143 Test: posix/command-p.tst
Command: "/usr/bin/sh" "tests/run-tst.sh" "/home/roman/Projects/shish/build/shish" "tests/posix" "command-p.tst"
Directory: /home/roman/Projects/shish
"posix/command-p.tst" start time: Aug 12 18:25 CEST
Output:
----------------------------------------------------------
command-p.tst: 19/49 passed, 0 skipped
%%% FAILED: command-p.tst:42: command exec retains redirection
%%% FAILED: command-p.tst:60: executing with standard path
%%% FAILED: command-p.tst:70: describing reserved word ! (-v)
%%% FAILED: command-p.tst:76: describing reserved word { (-v)
%%% FAILED: command-p.tst:82: describing reserved word } (-v)
%%% FAILED: command-p.tst:88: describing reserved word case (-v)
%%% FAILED: command-p.tst:94: describing reserved word do (-v)
%%% FAILED: command-p.tst:100: describing reserved word done (-v)
%%% FAILED: command-p.tst:106: describing reserved word elif (-v)
%%% FAILED: command-p.tst:112: describing reserved word else (-v)
%%% FAILED: command-p.tst:118: describing reserved word esac (-v)
%%% FAILED: command-p.tst:124: describing reserved word fi (-v)
%%% FAILED: command-p.tst:130: describing reserved word for (-v)
%%% FAILED: command-p.tst:136: describing reserved word if (-v)
%%% FAILED: command-p.tst:142: describing reserved word in (-v)
%%% FAILED: command-p.tst:148: describing reserved word then (-v)
%%% FAILED: command-p.tst:154: describing reserved word until (-v)
%%% FAILED: command-p.tst:160: describing reserved word while (-v)
%%% FAILED: command-p.tst:188: output of describing regular built-in (-v)
%%% FAILED: command-p.tst:192: output of describing regular built-in (-V)
%%% FAILED: command-p.tst:208: output of describing external command (-V, no slash)
%%% FAILED: command-p.tst:223: output of describing external command (-v, with slash)
%%% FAILED: command-p.tst:227: output of describing external command (-V, with slash)
%%% FAILED: command-p.tst:231: describing function (-v)
%%% FAILED: command-p.tst:243: describing alias (-v)
%%% FAILED: command-p.tst:253: describing alias (-V)
%%% FAILED: command-p.tst:265: describing non-existent command (-v)
%%% FAILED: command-p.tst:275: describing external command with standard path (-v)
%%% FAILED: command-p.tst:280: describing external command with standard path (-V)
%%% FAILED: command-p.tst:287: executing non-existent command
(see tests/posix/command-p.trs for full diffs)
<end of output>
Test time =   0.49 sec
----------------------------------------------------------
Test Failed.
"posix/command-p.tst" end time: Aug 12 18:25 CEST
"posix/command-p.tst" time elapsed: 00:00:00
----------------------------------------------------------

40/143 Testing: posix/eval-p.tst
40/143 Test: posix/eval-p.tst
Command: "/usr/bin/sh" "tests/run-tst.sh" "/home/roman/Projects/shish/build/shish" "tests/posix" "eval-p.tst"
Directory: /home/roman/Projects/shish
"posix/eval-p.tst" start time: Aug 12 18:25 CEST
Output:
----------------------------------------------------------
eval-p.tst: 6/6 passed, 0 skipped
<end of output>
Test time =   0.09 sec
----------------------------------------------------------
Test Passed.
"posix/eval-p.tst" end time: Aug 12 18:25 CEST
"posix/eval-p.tst" time elapsed: 00:00:00
----------------------------------------------------------

41/143 Testing: posix/exec-p.tst
41/143 Test: posix/exec-p.tst
Command: "/usr/bin/sh" "tests/run-tst.sh" "/home/roman/Projects/shish/build/shish" "tests/posix" "exec-p.tst"
Directory: /home/roman/Projects/shish
"posix/exec-p.tst" start time: Aug 12 18:25 CEST
Output:
----------------------------------------------------------
exec-p.tst: 7/10 passed, 0 skipped
%%% FAILED: exec-p.tst:15: exec with redirections
%%% FAILED: exec-p.tst:56: executing non-existing command (relative)
%%% FAILED: exec-p.tst:61: executing non-existing command (empty path)
(see tests/posix/exec-p.trs for full diffs)
<end of output>
Test time =   0.13 sec
----------------------------------------------------------
Test Failed.
"posix/exec-p.tst" end time: Aug 12 18:25 CEST
"posix/exec-p.tst" time elapsed: 00:00:00
----------------------------------------------------------

43/143 Testing: posix/export-p.tst
43/143 Test: posix/export-p.tst
Command: "/usr/bin/sh" "tests/run-tst.sh" "/home/roman/Projects/shish/build/shish" "tests/posix" "export-p.tst"
Directory: /home/roman/Projects/shish
"posix/export-p.tst" start time: Aug 12 18:25 CEST
Output:
----------------------------------------------------------
export-p.tst: 4/5 passed, 0 skipped
%%% FAILED: export-p.tst:44: read-only variable cannot be re-assigned
(see tests/posix/export-p.trs for full diffs)
<end of output>
Test time =   0.09 sec
----------------------------------------------------------
Test Failed.
"posix/export-p.tst" end time: Aug 12 18:25 CEST
"posix/export-p.tst" time elapsed: 00:00:00
----------------------------------------------------------

26/143 Testing: posix/arith-p.tst
26/143 Test: posix/arith-p.tst
Command: "/usr/bin/sh" "tests/run-tst.sh" "/home/roman/Projects/shish/build/shish" "tests/posix" "arith-p.tst"
Directory: /home/roman/Projects/shish
"posix/arith-p.tst" start time: Aug 12 18:25 CEST
Output:
----------------------------------------------------------
arith-p.tst: 43/43 passed, 0 skipped
<end of output>
Test time =   1.64 sec
----------------------------------------------------------
Test Passed.
"posix/arith-p.tst" end time: Aug 12 18:25 CEST
"posix/arith-p.tst" time elapsed: 00:00:01
----------------------------------------------------------

44/143 Testing: posix/fg-p.tst
44/143 Test: posix/fg-p.tst
Command: "/usr/bin/sh" "tests/run-tst.sh" "/home/roman/Projects/shish/build/shish" "tests/posix" "fg-p.tst"
Directory: /home/roman/Projects/shish
"posix/fg-p.tst" start time: Aug 12 18:25 CEST
Output:
----------------------------------------------------------
fg-p.tst: 0/8 passed, 8 skipped
<end of output>
Test time =   0.07 sec
----------------------------------------------------------
Test Passed.
"posix/fg-p.tst" end time: Aug 12 18:25 CEST
"posix/fg-p.tst" time elapsed: 00:00:00
----------------------------------------------------------

45/143 Testing: posix/fnmatch-p.tst
45/143 Test: posix/fnmatch-p.tst
Command: "/usr/bin/sh" "tests/run-tst.sh" "/home/roman/Projects/shish/build/shish" "tests/posix" "fnmatch-p.tst"
Directory: /home/roman/Projects/shish
"posix/fnmatch-p.tst" start time: Aug 12 18:25 CEST
Output:
----------------------------------------------------------
fnmatch-p.tst: 6/7 passed, 0 skipped
%%% FAILED: fnmatch-p.tst:49: quotations of quotations
(see tests/posix/fnmatch-p.trs for full diffs)
<end of output>
Test time =   0.12 sec
----------------------------------------------------------
Test Failed.
"posix/fnmatch-p.tst" end time: Aug 12 18:25 CEST
"posix/fnmatch-p.tst" time elapsed: 00:00:00
----------------------------------------------------------

38/143 Testing: posix/errexit-p.tst
38/143 Test: posix/errexit-p.tst
Command: "/usr/bin/sh" "tests/run-tst.sh" "/home/roman/Projects/shish/build/shish" "tests/posix" "errexit-p.tst"
Directory: /home/roman/Projects/shish
"posix/errexit-p.tst" start time: Aug 12 18:25 CEST
Output:
----------------------------------------------------------
errexit-p.tst: 53/53 passed, 0 skipped
<end of output>
Test time =   0.52 sec
----------------------------------------------------------
Test Passed.
"posix/errexit-p.tst" end time: Aug 12 18:25 CEST
"posix/errexit-p.tst" time elapsed: 00:00:00
----------------------------------------------------------

46/143 Testing: posix/for-p.tst
46/143 Test: posix/for-p.tst
Command: "/usr/bin/sh" "tests/run-tst.sh" "/home/roman/Projects/shish/build/shish" "tests/posix" "for-p.tst"
Directory: /home/roman/Projects/shish
"posix/for-p.tst" start time: Aug 12 18:25 CEST
Output:
----------------------------------------------------------
for-p.tst: 19/20 passed, 0 skipped
%%% FAILED: for-p.tst:91: commands ending with an asynchronous command
(see tests/posix/for-p.trs for full diffs)
<end of output>
Test time =   0.23 sec
----------------------------------------------------------
Test Failed.
"posix/for-p.tst" end time: Aug 12 18:25 CEST
"posix/for-p.tst" time elapsed: 00:00:00
----------------------------------------------------------

47/143 Testing: posix/fsplit-p.tst
47/143 Test: posix/fsplit-p.tst
Command: "/usr/bin/sh" "tests/run-tst.sh" "/home/roman/Projects/shish/build/shish" "tests/posix" "fsplit-p.tst"
Directory: /home/roman/Projects/shish
"posix/fsplit-p.tst" start time: Aug 12 18:25 CEST
Output:
----------------------------------------------------------
fsplit-p.tst: 4/16 passed, 0 skipped
%%% FAILED: fsplit-p.tst:16: default IFS (overriding environment variable)
%%% FAILED: fsplit-p.tst:25: field splitting applies to results of expansions
%%% FAILED: fsplit-p.tst:36: field splitting does not apply to quoted expansions
%%% FAILED: fsplit-p.tst:53: field splitting does not apply to non-expansions
%%% FAILED: fsplit-p.tst:94: field splitting with non-whitespace IFS
%%% FAILED: fsplit-p.tst:104: complex field splitting with nonsuccessive non-whitespace IFS
%%% FAILED: fsplit-p.tst:118: complex field splitting with successive non-whitespace IFS
%%% FAILED: fsplit-p.tst:132: backslash not in IFS
%%% FAILED: fsplit-p.tst:150: backslash in IFS
%%% FAILED: fsplit-p.tst:172: empty field removal
%%% FAILED: fsplit-p.tst:206: empty last field is ignored (non-backslash IFS)
%%% FAILED: fsplit-p.tst:241: empty last field is ignored (backslash IFS)
(see tests/posix/fsplit-p.trs for full diffs)
<end of output>
Test time =   0.19 sec
----------------------------------------------------------
Test Failed.
"posix/fsplit-p.tst" end time: Aug 12 18:25 CEST
"posix/fsplit-p.tst" time elapsed: 00:00:00
----------------------------------------------------------

48/143 Testing: posix/function-p.tst
48/143 Test: posix/function-p.tst
Command: "/usr/bin/sh" "tests/run-tst.sh" "/home/roman/Projects/shish/build/shish" "tests/posix" "function-p.tst"
Directory: /home/roman/Projects/shish
"posix/function-p.tst" start time: Aug 12 18:25 CEST
Output:
----------------------------------------------------------
function-p.tst: 13/19 passed, 0 skipped
%%% FAILED: function-p.tst:24: for loop as function body
%%% FAILED: function-p.tst:31: case statement as function body
%%% FAILED: function-p.tst:38: if statement as function body
%%% FAILED: function-p.tst:46: while loop as function body
%%% FAILED: function-p.tst:53: until loop as function body
%%% FAILED: function-p.tst:86: redirections apply to function body
(see tests/posix/function-p.trs for full diffs)
<end of output>
Test time =   0.24 sec
----------------------------------------------------------
Test Failed.
"posix/function-p.tst" end time: Aug 12 18:25 CEST
"posix/function-p.tst" time elapsed: 00:00:00
----------------------------------------------------------

49/143 Testing: posix/getopts-p.tst
49/143 Test: posix/getopts-p.tst
Command: "/usr/bin/sh" "tests/run-tst.sh" "/home/roman/Projects/shish/build/shish" "tests/posix" "getopts-p.tst"
Directory: /home/roman/Projects/shish
"posix/getopts-p.tst" start time: Aug 12 18:25 CEST
Output:
----------------------------------------------------------
getopts-p.tst: 13/31 passed, 0 skipped
%%% FAILED: getopts-p.tst:19: operand variable is updated to parsed option on each invocation
%%% FAILED: getopts-p.tst:32: exit status is zero after option is parsed
%%% FAILED: getopts-p.tst:52: OPTARG is set when option argument is parsed: non-empty separate
%%% FAILED: getopts-p.tst:59: OPTARG is set when option argument is parsed: non-empty adjoined
%%% FAILED: getopts-p.tst:73: operand variable is set to "?" on unknown option
%%% FAILED: getopts-p.tst:80: OPTARG is set to the option on unknown option (with :)
%%% FAILED: getopts-p.tst:98: error message is printed on unknown option (without :)
%%% FAILED: getopts-p.tst:102: operand variable is set to ":" on missing option argument (with :)
%%% FAILED: getopts-p.tst:109: OPTARG is set to the option on missing option argument (with :)
%%% FAILED: getopts-p.tst:116: operand variable is set to "?" on missing option argument (without :)
%%% FAILED: getopts-p.tst:130: error message is printed on missing option argument (without :)
%%% FAILED: getopts-p.tst:134: operand variable is set to "?" after parsing all options
%%% FAILED: getopts-p.tst:150: options can be grouped after single hyphen
%%% FAILED: getopts-p.tst:170: double hyphen separates options and operands
%%% FAILED: getopts-p.tst:194: OPTIND is first operand index after parsing all options: no operand, with --
%%% FAILED: getopts-p.tst:201: OPTIND is first operand index after parsing all options: one operand, with --
%%% FAILED: getopts-p.tst:208: resetting OPTIND to parse another arguments
%%% FAILED: getopts-p.tst:238: option characters are alphanumeric
(see tests/posix/getopts-p.trs for full diffs)
<end of output>
Test time =   0.29 sec
----------------------------------------------------------
Test Failed.
"posix/getopts-p.tst" end time: Aug 12 18:25 CEST
"posix/getopts-p.tst" time elapsed: 00:00:00
----------------------------------------------------------

52/143 Testing: posix/input-p.tst
52/143 Test: posix/input-p.tst
Command: "/usr/bin/sh" "tests/run-tst.sh" "/home/roman/Projects/shish/build/shish" "tests/posix" "input-p.tst"
Directory: /home/roman/Projects/shish
"posix/input-p.tst" start time: Aug 12 18:25 CEST
Output:
----------------------------------------------------------
input-p.tst: 8/11 passed, 0 skipped
%%% FAILED: input-p.tst:9: no input more than needed is read
%%% FAILED: input-p.tst:89: shell input is line-wise (command substitution)
%%% FAILED: input-p.tst:94: shell input is line-wise (eval)
(see tests/posix/input-p.trs for full diffs)
<end of output>
Test time =   0.11 sec
----------------------------------------------------------
Test Failed.
"posix/input-p.tst" end time: Aug 12 18:25 CEST
"posix/input-p.tst" time elapsed: 00:00:00
----------------------------------------------------------

53/143 Testing: posix/job-p.tst
53/143 Test: posix/job-p.tst
Command: "/usr/bin/sh" "tests/run-tst.sh" "/home/roman/Projects/shish/build/shish" "tests/posix" "job-p.tst"
Directory: /home/roman/Projects/shish
"posix/job-p.tst" start time: Aug 12 18:25 CEST
Output:
----------------------------------------------------------
job-p.tst: 0/2 passed, 2 skipped
<end of output>
Test time =   0.03 sec
----------------------------------------------------------
Test Passed.
"posix/job-p.tst" end time: Aug 12 18:25 CEST
"posix/job-p.tst" time elapsed: 00:00:00
----------------------------------------------------------

51/143 Testing: posix/if-p.tst
51/143 Test: posix/if-p.tst
Command: "/usr/bin/sh" "tests/run-tst.sh" "/home/roman/Projects/shish/build/shish" "tests/posix" "if-p.tst"
Directory: /home/roman/Projects/shish
"posix/if-p.tst" start time: Aug 12 18:25 CEST
Output:
----------------------------------------------------------
if-p.tst: 57/60 passed, 0 skipped
%%% FAILED: if-p.tst:329: command ending with asynchronous command (after if)
%%% FAILED: if-p.tst:335: command ending with asynchronous command (after then)
%%% FAILED: if-p.tst:342: command ending with asynchronous command (after elif)
(see tests/posix/if-p.trs for full diffs)
<end of output>
Test time =   0.58 sec
----------------------------------------------------------
Test Failed.
"posix/if-p.tst" end time: Aug 12 18:25 CEST
"posix/if-p.tst" time elapsed: 00:00:00
----------------------------------------------------------

31/143 Testing: posix/case-p.tst
31/143 Test: posix/case-p.tst
Command: "/usr/bin/sh" "tests/run-tst.sh" "/home/roman/Projects/shish/build/shish" "tests/posix" "case-p.tst"
Directory: /home/roman/Projects/shish
"posix/case-p.tst" start time: Aug 12 18:25 CEST
Output:
----------------------------------------------------------
case-p.tst: 29/52 passed, 0 skipped
%%% FAILED: case-p.tst:5: case word is subject to tilde expansion
%%% FAILED: case-p.tst:62: case pattern is subject to tilde expansion
%%% FAILED: case-p.tst:105: backslashes arising from expansion in case pattern
%%% FAILED: case-p.tst:178: exit status of case command (unmatched, empty)
%%% FAILED: case-p.tst:220: linebreak after word
%%% FAILED: case-p.tst:258: & before ;;
%%% FAILED: case-p.tst:315: reserved word ! as pattern
%%% FAILED: case-p.tst:316: reserved word { as pattern
%%% FAILED: case-p.tst:317: reserved word } as pattern
%%% FAILED: case-p.tst:318: reserved word [[ as pattern
%%% FAILED: case-p.tst:320: reserved word case as pattern
%%% FAILED: case-p.tst:321: reserved word do as pattern
%%% FAILED: case-p.tst:322: reserved word done as pattern
%%% FAILED: case-p.tst:323: reserved word elif as pattern
%%% FAILED: case-p.tst:324: reserved word else as pattern
%%% FAILED: case-p.tst:326: reserved word fi as pattern
%%% FAILED: case-p.tst:327: reserved word for as pattern
%%% FAILED: case-p.tst:329: reserved word if as pattern
%%% FAILED: case-p.tst:330: reserved word in as pattern
%%% FAILED: case-p.tst:332: reserved word then as pattern
%%% FAILED: case-p.tst:333: reserved word until as pattern
%%% FAILED: case-p.tst:334: reserved word while as pattern
%%% FAILED: case-p.tst:336: reserved word esac as (non-first) pattern
(see tests/posix/case-p.trs for full diffs)
<end of output>
Test time =   2.43 sec
----------------------------------------------------------
Test Failed.
"posix/case-p.tst" end time: Aug 12 18:25 CEST
"posix/case-p.tst" time elapsed: 00:00:02
----------------------------------------------------------

39/143 Testing: posix/error-p.tst
39/143 Test: posix/error-p.tst
Command: "/usr/bin/sh" "tests/run-tst.sh" "/home/roman/Projects/shish/build/shish" "tests/posix" "error-p.tst"
Directory: /home/roman/Projects/shish
"posix/error-p.tst" start time: Aug 12 18:25 CEST
Output:
----------------------------------------------------------
error-p.tst: 75/212 passed, 0 skipped
%%% FAILED: error-p.tst:10: syntax error in eval kills non-interactive shell
%%% FAILED: error-p.tst:15: syntax error in subshell
%%% FAILED: error-p.tst:23: syntax error spares interactive shell
%%% FAILED: error-p.tst:45: expansion error spares interactive shell
%%% FAILED: error-p.tst:60: assignment error without command kills non-interactive shell
%%% FAILED: error-p.tst:66: assignment error without command in subshell
%%% FAILED: error-p.tst:124: assignment error on command : kills non-interactive shell
%%% FAILED: error-p.tst:125: assignment error on command : in subshell
%%% FAILED: error-p.tst:127: assignment error on command . kills non-interactive shell
%%% FAILED: error-p.tst:128: assignment error on command . in subshell
%%% FAILED: error-p.tst:130: assignment error on command [ kills non-interactive shell
%%% FAILED: error-p.tst:131: assignment error on command [ in subshell
%%% FAILED: error-p.tst:133: assignment error on command alias kills non-interactive shell
%%% FAILED: error-p.tst:134: assignment error on command alias in subshell
%%% FAILED: error-p.tst:136: assignment error on command array kills non-interactive shell
%%% FAILED: error-p.tst:137: assignment error on command array in subshell
%%% FAILED: error-p.tst:139: assignment error on command bg kills non-interactive shell
%%% FAILED: error-p.tst:140: assignment error on command bg in subshell
%%% FAILED: error-p.tst:142: assignment error on command bindkey kills non-interactive shell
%%% FAILED: error-p.tst:143: assignment error on command bindkey in subshell
%%% FAILED: error-p.tst:145: assignment error on command break kills non-interactive shell
%%% FAILED: error-p.tst:146: assignment error on command break in subshell
%%% FAILED: error-p.tst:148: assignment error on command cat kills non-interactive shell
%%% FAILED: error-p.tst:149: assignment error on command cat in subshell
%%% FAILED: error-p.tst:151: assignment error on command cd kills non-interactive shell
%%% FAILED: error-p.tst:152: assignment error on command cd in subshell
%%% FAILED: error-p.tst:154: assignment error on command command kills non-interactive shell
%%% FAILED: error-p.tst:155: assignment error on command command in subshell
%%% FAILED: error-p.tst:157: assignment error on command complete kills non-interactive shell
%%% FAILED: error-p.tst:158: assignment error on command complete in subshell
%%% FAILED: error-p.tst:160: assignment error on command continue kills non-interactive shell
%%% FAILED: error-p.tst:161: assignment error on command continue in subshell
%%% FAILED: error-p.tst:163: assignment error on command dirs kills non-interactive shell
%%% FAILED: error-p.tst:164: assignment error on command dirs in subshell
%%% FAILED: error-p.tst:166: assignment error on command disown kills non-interactive shell
%%% FAILED: error-p.tst:167: assignment error on command disown in subshell
%%% FAILED: error-p.tst:169: assignment error on command echo kills non-interactive shell
%%% FAILED: error-p.tst:170: assignment error on command echo in subshell
%%% FAILED: error-p.tst:172: assignment error on command eval kills non-interactive shell
%%% FAILED: error-p.tst:173: assignment error on command eval in subshell
%%% FAILED: error-p.tst:175: assignment error on command exec kills non-interactive shell
%%% FAILED: error-p.tst:176: assignment error on command exec in subshell
%%% FAILED: error-p.tst:178: assignment error on command exit kills non-interactive shell
%%% FAILED: error-p.tst:179: assignment error on command exit in subshell
%%% FAILED: error-p.tst:181: assignment error on command export kills non-interactive shell
%%% FAILED: error-p.tst:182: assignment error on command export in subshell
%%% FAILED: error-p.tst:184: assignment error on command false kills non-interactive shell
%%% FAILED: error-p.tst:185: assignment error on command false in subshell
%%% FAILED: error-p.tst:187: assignment error on command fc kills non-interactive shell
%%% FAILED: error-p.tst:188: assignment error on command fc in subshell
%%% FAILED: error-p.tst:190: assignment error on command fg kills non-interactive shell
%%% FAILED: error-p.tst:191: assignment error on command fg in subshell
%%% FAILED: error-p.tst:193: assignment error on command getopts kills non-interactive shell
%%% FAILED: error-p.tst:194: assignment error on command getopts in subshell
%%% FAILED: error-p.tst:196: assignment error on command hash kills non-interactive shell
%%% FAILED: error-p.tst:197: assignment error on command hash in subshell
%%% FAILED: error-p.tst:199: assignment error on command help kills non-interactive shell
%%% FAILED: error-p.tst:200: assignment error on command help in subshell
%%% FAILED: error-p.tst:202: assignment error on command history kills non-interactive shell
%%% FAILED: error-p.tst:203: assignment error on command history in subshell
%%% FAILED: error-p.tst:205: assignment error on command jobs kills non-interactive shell
%%% FAILED: error-p.tst:206: assignment error on command jobs in subshell
%%% FAILED: error-p.tst:208: assignment error on command kill kills non-interactive shell
%%% FAILED: error-p.tst:209: assignment error on command kill in subshell
%%% FAILED: error-p.tst:211: assignment error on command popd kills non-interactive shell
%%% FAILED: error-p.tst:212: assignment error on command popd in subshell
%%% FAILED: error-p.tst:214: assignment error on command printf kills non-interactive shell
%%% FAILED: error-p.tst:215: assignment error on command printf in subshell
%%% FAILED: error-p.tst:217: assignment error on command pushd kills non-interactive shell
%%% FAILED: error-p.tst:218: assignment error on command pushd in subshell
%%% FAILED: error-p.tst:220: assignment error on command pwd kills non-interactive shell
%%% FAILED: error-p.tst:221: assignment error on command pwd in subshell
%%% FAILED: error-p.tst:223: assignment error on command read kills non-interactive shell
%%% FAILED: error-p.tst:224: assignment error on command read in subshell
%%% FAILED: error-p.tst:226: assignment error on command readonly kills non-interactive shell
%%% FAILED: error-p.tst:227: assignment error on command readonly in subshell
%%% FAILED: error-p.tst:229: assignment error on command return kills non-interactive shell
%%% FAILED: error-p.tst:230: assignment error on command return in subshell
%%% FAILED: error-p.tst:232: assignment error on command set kills non-interactive shell
%%% FAILED: error-p.tst:233: assignment error on command set in subshell
%%% FAILED: error-p.tst:235: assignment error on command shift kills non-interactive shell
%%% FAILED: error-p.tst:236: assignment error on command shift in subshell
%%% FAILED: error-p.tst:238: assignment error on command suspend kills non-interactive shell
%%% FAILED: error-p.tst:239: assignment error on command suspend in subshell
%%% FAILED: error-p.tst:241: assignment error on command test kills non-interactive shell
%%% FAILED: error-p.tst:242: assignment error on command test in subshell
%%% FAILED: error-p.tst:244: assignment error on command times kills non-interactive shell
%%% FAILED: error-p.tst:245: assignment error on command times in subshell
%%% FAILED: error-p.tst:247: assignment error on command trap kills non-interactive shell
%%% FAILED: error-p.tst:248: assignment error on command trap in subshell
%%% FAILED: error-p.tst:250: assignment error on command true kills non-interactive shell
%%% FAILED: error-p.tst:251: assignment error on command true in subshell
%%% FAILED: error-p.tst:253: assignment error on command type kills non-interactive shell
%%% FAILED: error-p.tst:254: assignment error on command type in subshell
%%% FAILED: error-p.tst:256: assignment error on command typeset kills non-interactive shell
%%% FAILED: error-p.tst:257: assignment error on command typeset in subshell
%%% FAILED: error-p.tst:259: assignment error on command ulimit kills non-interactive shell
%%% FAILED: error-p.tst:260: assignment error on command ulimit in subshell
%%% FAILED: error-p.tst:262: assignment error on command umask kills non-interactive shell
%%% FAILED: error-p.tst:263: assignment error on command umask in subshell
%%% FAILED: error-p.tst:265: assignment error on command unalias kills non-interactive shell
%%% FAILED: error-p.tst:266: assignment error on command unalias in subshell
%%% FAILED: error-p.tst:268: assignment error on command unset kills non-interactive shell
%%% FAILED: error-p.tst:269: assignment error on command unset in subshell
%%% FAILED: error-p.tst:271: assignment error on command wait kills non-interactive shell
%%% FAILED: error-p.tst:272: assignment error on command wait in subshell
%%% FAILED: error-p.tst:274: assignment error on command ./_no_such_command_ kills non-interactive shell
%%% FAILED: error-p.tst:275: assignment error on command ./_no_such_command_ in subshell
%%% FAILED: error-p.tst:316: redirection error on special built-in : kills non-interactive shell
%%% FAILED: error-p.tst:317: redirection error on special built-in : in subshell
%%% FAILED: error-p.tst:319: redirection error on special built-in . kills non-interactive shell
%%% FAILED: error-p.tst:320: redirection error on special built-in . in subshell
%%% FAILED: error-p.tst:322: redirection error on special built-in break kills non-interactive shell
%%% FAILED: error-p.tst:323: redirection error on special built-in break in subshell
%%% FAILED: error-p.tst:325: redirection error on special built-in continue kills non-interactive shell
%%% FAILED: error-p.tst:326: redirection error on special built-in continue in subshell
%%% FAILED: error-p.tst:328: redirection error on special built-in eval kills non-interactive shell
%%% FAILED: error-p.tst:329: redirection error on special built-in eval in subshell
%%% FAILED: error-p.tst:333: redirection error on special built-in exec spares interactive shell
%%% FAILED: error-p.tst:334: redirection error on special built-in exit kills non-interactive shell
%%% FAILED: error-p.tst:335: redirection error on special built-in exit in subshell
%%% FAILED: error-p.tst:337: redirection error on special built-in export kills non-interactive shell
%%% FAILED: error-p.tst:338: redirection error on special built-in export in subshell
%%% FAILED: error-p.tst:340: redirection error on special built-in readonly kills non-interactive shell
%%% FAILED: error-p.tst:341: redirection error on special built-in readonly in subshell
%%% FAILED: error-p.tst:343: redirection error on special built-in return kills non-interactive shell
%%% FAILED: error-p.tst:344: redirection error on special built-in return in subshell
%%% FAILED: error-p.tst:346: redirection error on special built-in set kills non-interactive shell
%%% FAILED: error-p.tst:347: redirection error on special built-in set in subshell
%%% FAILED: error-p.tst:349: redirection error on special built-in shift kills non-interactive shell
%%% FAILED: error-p.tst:350: redirection error on special built-in shift in subshell
%%% FAILED: error-p.tst:352: redirection error on special built-in times kills non-interactive shell
%%% FAILED: error-p.tst:353: redirection error on special built-in times in subshell
%%% FAILED: error-p.tst:355: redirection error on special built-in trap kills non-interactive shell
%%% FAILED: error-p.tst:356: redirection error on special built-in trap in subshell
%%% FAILED: error-p.tst:358: redirection error on special built-in unset kills non-interactive shell
%%% FAILED: error-p.tst:359: redirection error on special built-in unset in subshell
(see tests/posix/error-p.trs for full diffs)
<end of output>
Test time =   2.05 sec
----------------------------------------------------------
Test Failed.
"posix/error-p.tst" end time: Aug 12 18:25 CEST
"posix/error-p.tst" time elapsed: 00:00:02
----------------------------------------------------------

57/143 Testing: posix/kill4-p.tst
57/143 Test: posix/kill4-p.tst
Command: "/usr/bin/sh" "tests/run-tst.sh" "/home/roman/Projects/shish/build/shish" "tests/posix" "kill4-p.tst"
Directory: /home/roman/Projects/shish
"posix/kill4-p.tst" start time: Aug 12 18:25 CEST
Output:
----------------------------------------------------------
kill4-p.tst: 0/5 passed, 5 skipped
<end of output>
Test time =   0.03 sec
----------------------------------------------------------
Test Passed.
"posix/kill4-p.tst" end time: Aug 12 18:25 CEST
"posix/kill4-p.tst" time elapsed: 00:00:00
----------------------------------------------------------

58/143 Testing: posix/lineno-p.tst
58/143 Test: posix/lineno-p.tst
Command: "/usr/bin/sh" "tests/run-tst.sh" "/home/roman/Projects/shish/build/shish" "tests/posix" "lineno-p.tst"
Directory: /home/roman/Projects/shish
"posix/lineno-p.tst" start time: Aug 12 18:25 CEST
Output:
----------------------------------------------------------
lineno-p.tst: 2/3 passed, 0 skipped
%%% FAILED: lineno-p.tst:28: LINENO after expansions
(see tests/posix/lineno-p.trs for full diffs)
<end of output>
Test time =   0.05 sec
----------------------------------------------------------
Test Failed.
"posix/lineno-p.tst" end time: Aug 12 18:25 CEST
"posix/lineno-p.tst" time elapsed: 00:00:00
----------------------------------------------------------

59/143 Testing: posix/nop-p.tst
59/143 Test: posix/nop-p.tst
Command: "/usr/bin/sh" "tests/run-tst.sh" "/home/roman/Projects/shish/build/shish" "tests/posix" "nop-p.tst"
Directory: /home/roman/Projects/shish
"posix/nop-p.tst" start time: Aug 12 18:25 CEST
Output:
----------------------------------------------------------
nop-p.tst: 4/4 passed, 0 skipped
<end of output>
Test time =   0.05 sec
----------------------------------------------------------
Test Passed.
"posix/nop-p.tst" end time: Aug 12 18:25 CEST
"posix/nop-p.tst" time elapsed: 00:00:00
----------------------------------------------------------

60/143 Testing: posix/option-p.tst
60/143 Test: posix/option-p.tst
Command: "/usr/bin/sh" "tests/run-tst.sh" "/home/roman/Projects/shish/build/shish" "tests/posix" "option-p.tst"
Directory: /home/roman/Projects/shish
"posix/option-p.tst" start time: Aug 12 18:25 CEST
Output:
----------------------------------------------------------
option-p.tst: 30/31 passed, 0 skipped
%%% FAILED: option-p.tst:121: hashondef (short) on: effect
(see tests/posix/option-p.trs for full diffs)
<end of output>
Test time =   0.28 sec
----------------------------------------------------------
Test Failed.
"posix/option-p.tst" end time: Aug 12 18:25 CEST
"posix/option-p.tst" time elapsed: 00:00:00
----------------------------------------------------------

61/143 Testing: posix/param-p.tst
61/143 Test: posix/param-p.tst
Command: "/usr/bin/sh" "tests/run-tst.sh" "/home/roman/Projects/shish/build/shish" "tests/posix" "param-p.tst"
Directory: /home/roman/Projects/shish
"posix/param-p.tst" start time: Aug 12 18:25 CEST
Output:
----------------------------------------------------------
param-p.tst: 32/54 passed, 0 skipped
%%% FAILED: param-p.tst:48: expansion w/o braces, special parameters
%%% FAILED: param-p.tst:82: tilde expansion in embedded word
%%% FAILED: param-p.tst:193: assigning to read-only variable
%%% FAILED: param-p.tst:198: assigning to positional parameter
%%% FAILED: param-p.tst:202: assigning to special parameter
%%% FAILED: param-p.tst:268: disambiguation of ${#...
%%% FAILED: param-p.tst:280: removing shortest matching prefix
%%% FAILED: param-p.tst:291: removing longest matching prefix
%%% FAILED: param-p.tst:302: removing shortest matching suffix
%%% FAILED: param-p.tst:313: removing longest matching suffix
%%% FAILED: param-p.tst:324: tilde expansion in embedded pattern
%%% FAILED: param-p.tst:337: parameter expansion in embedded pattern
%%% FAILED: param-p.tst:359: command substitution in embedded pattern
%%% FAILED: param-p.tst:372: arithmetic expansion in embedded pattern
%%% FAILED: param-p.tst:395: testing existence of positional parameter
%%% FAILED: param-p.tst:446: special parameter $
%%% FAILED: param-p.tst:452: special parameter !
%%% FAILED: param-p.tst:517: special parameter *, quoted, empty IFS
%%% FAILED: param-p.tst:539: special parameter *, unquoted
%%% FAILED: param-p.tst:570: special parameter @, quoted
%%% FAILED: param-p.tst:622: special parameter @, unquoted
%%% FAILED: param-p.tst:653: ${1+"$@"}
(see tests/posix/param-p.trs for full diffs)
<end of output>
Test time =   0.48 sec
----------------------------------------------------------
Test Failed.
"posix/param-p.tst" end time: Aug 12 18:25 CEST
"posix/param-p.tst" time elapsed: 00:00:00
----------------------------------------------------------

62/143 Testing: posix/path-p.tst
62/143 Test: posix/path-p.tst
Command: "/usr/bin/sh" "tests/run-tst.sh" "/home/roman/Projects/shish/build/shish" "tests/posix" "path-p.tst"
Directory: /home/roman/Projects/shish
"posix/path-p.tst" start time: Aug 12 18:25 CEST
Output:
----------------------------------------------------------
path-p.tst: 10/10 passed, 0 skipped
<end of output>
Test time =   0.11 sec
----------------------------------------------------------
Test Passed.
"posix/path-p.tst" end time: Aug 12 18:25 CEST
"posix/path-p.tst" time elapsed: 00:00:00
----------------------------------------------------------

63/143 Testing: posix/pipeline-p.tst
63/143 Test: posix/pipeline-p.tst
Command: "/usr/bin/sh" "tests/run-tst.sh" "/home/roman/Projects/shish/build/shish" "tests/posix" "pipeline-p.tst"
Directory: /home/roman/Projects/shish
"posix/pipeline-p.tst" start time: Aug 12 18:25 CEST
Output:
----------------------------------------------------------
pipeline-p.tst: 7/9 passed, 0 skipped
%%% FAILED: pipeline-p.tst:46: stdin for first command & stdout for last are not modified
%%% FAILED: pipeline-p.tst:61: compound commands in pipeline
(see tests/posix/pipeline-p.trs for full diffs)
<end of output>
Test time =   0.12 sec
----------------------------------------------------------
Test Failed.
"posix/pipeline-p.tst" end time: Aug 12 18:25 CEST
"posix/pipeline-p.tst" time elapsed: 00:00:00
----------------------------------------------------------

64/143 Testing: posix/ppid-p.tst
64/143 Test: posix/ppid-p.tst
Command: "/usr/bin/sh" "tests/run-tst.sh" "/home/roman/Projects/shish/build/shish" "tests/posix" "ppid-p.tst"
Directory: /home/roman/Projects/shish
"posix/ppid-p.tst" start time: Aug 12 18:25 CEST
Output:
----------------------------------------------------------
ppid-p.tst: 1/2 passed, 0 skipped
%%% FAILED: ppid-p.tst:11: PPID is parent process ID
(see tests/posix/ppid-p.trs for full diffs)
<end of output>
Test time =   0.05 sec
----------------------------------------------------------
Test Failed.
"posix/ppid-p.tst" end time: Aug 12 18:25 CEST
"posix/ppid-p.tst" time elapsed: 00:00:00
----------------------------------------------------------

65/143 Testing: posix/quote-p.tst
[...]
%%% FAILED: sigurg6-p.tst:7086: SIGURG spares child process (cmdsub, self, -i +m, initially ignored, keep -> ignore)
%%% FAILED: sigurg6-p.tst:7087: SIGURG spares child process (cmdsub, other, -i +m, initially ignored, keep -> command)
%%% FAILED: sigurg6-p.tst:7088: SIGURG spares child process (cmdsub, self, -i +m, initially ignored, clear -> keep)
%%% FAILED: sigurg6-p.tst:7089: SIGURG spares child process (cmdsub, other, -i +m, initially ignored, clear -> clear)
%%% FAILED: sigurg6-p.tst:7090: SIGURG spares child process (cmdsub, self, -i +m, initially ignored, clear -> ignore)
%%% FAILED: sigurg6-p.tst:7091: SIGURG spares child process (cmdsub, other, -i +m, initially ignored, clear -> command)
%%% FAILED: sigurg6-p.tst:7092: SIGURG spares child process (cmdsub, self, -i +m, initially ignored, ignore -> keep)
%%% FAILED: sigurg6-p.tst:7093: SIGURG spares child process (cmdsub, other, -i +m, initially ignored, ignore -> clear)
%%% FAILED: sigurg6-p.tst:7094: SIGURG spares child process (cmdsub, self, -i +m, initially ignored, ignore -> ignore)
%%% FAILED: sigurg6-p.tst:7095: SIGURG spares child process (cmdsub, other, -i +m, initially ignored, ignore -> command)
%%% FAILED: sigurg6-p.tst:7096: SIGURG spares child process (cmdsub, self, -i +m, initially ignored, command -> keep)
%%% FAILED: sigurg6-p.tst:7097: SIGURG spares child process (cmdsub, other, -i +m, initially ignored, command -> clear)
%%% FAILED: sigurg6-p.tst:7098: SIGURG spares child process (cmdsub, self, -i +m, initially ignored, command -> ignore)
%%% FAILED: sigurg6-p.tst:7099: SIGURG spares child process (cmdsub, other, -i +m, initially ignored, command -> command)
%%% FAILED: sigurg6-p.tst:7116: SIGURG spares execed process (main, self, -i +m, initially ignored, keep -> keep)
%%% FAILED: sigurg6-p.tst:7117: SIGURG spares execed process (main, other, -i +m, initially ignored, keep -> clear)
%%% FAILED: sigurg6-p.tst:7118: SIGURG spares execed process (main, self, -i +m, initially ignored, keep -> ignore)
%%% FAILED: sigurg6-p.tst:7119: SIGURG spares execed process (main, other, -i +m, initially ignored, keep -> command)
%%% FAILED: sigurg6-p.tst:7120: SIGURG spares execed process (main, self, -i +m, initially ignored, clear -> keep)
%%% FAILED: sigurg6-p.tst:7121: SIGURG spares execed process (main, other, -i +m, initially ignored, clear -> clear)
%%% FAILED: sigurg6-p.tst:7122: SIGURG spares execed process (main, self, -i +m, initially ignored, clear -> ignore)
%%% FAILED: sigurg6-p.tst:7123: SIGURG spares execed process (main, other, -i +m, initially ignored, clear -> command)
%%% FAILED: sigurg6-p.tst:7124: SIGURG spares execed process (main, self, -i +m, initially ignored, ignore -> keep)
%%% FAILED: sigurg6-p.tst:7125: SIGURG spares execed process (main, other, -i +m, initially ignored, ignore -> clear)
%%% FAILED: sigurg6-p.tst:7126: SIGURG spares execed process (main, self, -i +m, initially ignored, ignore -> ignore)
%%% FAILED: sigurg6-p.tst:7127: SIGURG spares execed process (main, other, -i +m, initially ignored, ignore -> command)
%%% FAILED: sigurg6-p.tst:7128: SIGURG spares execed process (main, self, -i +m, initially ignored, command -> keep)
%%% FAILED: sigurg6-p.tst:7129: SIGURG spares execed process (main, other, -i +m, initially ignored, command -> clear)
%%% FAILED: sigurg6-p.tst:7130: SIGURG spares execed process (main, self, -i +m, initially ignored, command -> ignore)
%%% FAILED: sigurg6-p.tst:7131: SIGURG spares execed process (main, other, -i +m, initially ignored, command -> command)
%%% FAILED: sigurg6-p.tst:7148: SIGURG spares execed process (cmdsub, self, -i +m, initially ignored, keep -> keep)
%%% FAILED: sigurg6-p.tst:7149: SIGURG spares execed process (cmdsub, other, -i +m, initially ignored, keep -> clear)
%%% FAILED: sigurg6-p.tst:7150: SIGURG spares execed process (cmdsub, self, -i +m, initially ignored, keep -> ignore)
%%% FAILED: sigurg6-p.tst:7151: SIGURG spares execed process (cmdsub, other, -i +m, initially ignored, keep -> command)
%%% FAILED: sigurg6-p.tst:7152: SIGURG spares execed process (cmdsub, self, -i +m, initially ignored, clear -> keep)
%%% FAILED: sigurg6-p.tst:7153: SIGURG spares execed process (cmdsub, other, -i +m, initially ignored, clear -> clear)
%%% FAILED: sigurg6-p.tst:7154: SIGURG spares execed process (cmdsub, self, -i +m, initially ignored, clear -> ignore)
%%% FAILED: sigurg6-p.tst:7155: SIGURG spares execed process (cmdsub, other, -i +m, initially ignored, clear -> command)
%%% FAILED: sigurg6-p.tst:7156: SIGURG spares execed process (cmdsub, self, -i +m, initially ignored, ignore -> keep)
%%% FAILED: sigurg6-p.tst:7157: SIGURG spares execed process (cmdsub, other, -i +m, initially ignored, ignore -> clear)
%%% FAILED: sigurg6-p.tst:7158: SIGURG spares execed process (cmdsub, self, -i +m, initially ignored, ignore -> ignore)
%%% FAILED: sigurg6-p.tst:7159: SIGURG spares execed process (cmdsub, other, -i +m, initially ignored, ignore -> command)
%%% FAILED: sigurg6-p.tst:7160: SIGURG spares execed process (cmdsub, self, -i +m, initially ignored, command -> keep)
%%% FAILED: sigurg6-p.tst:7161: SIGURG spares execed process (cmdsub, other, -i +m, initially ignored, command -> clear)
%%% FAILED: sigurg6-p.tst:7162: SIGURG spares execed process (cmdsub, self, -i +m, initially ignored, command -> ignore)
%%% FAILED: sigurg6-p.tst:7163: SIGURG spares execed process (cmdsub, other, -i +m, initially ignored, command -> command)
%%% FAILED: sigurg6-p.tst:7164: SIGURG spares execed process (async, self, -i +m, initially ignored, keep -> keep)
%%% FAILED: sigurg6-p.tst:7165: SIGURG spares execed process (async, other, -i +m, initially ignored, keep -> clear)
%%% FAILED: sigurg6-p.tst:7166: SIGURG spares execed process (async, self, -i +m, initially ignored, keep -> ignore)
%%% FAILED: sigurg6-p.tst:7167: SIGURG spares execed process (async, other, -i +m, initially ignored, keep -> command)
%%% FAILED: sigurg6-p.tst:7168: SIGURG spares execed process (async, self, -i +m, initially ignored, clear -> keep)
%%% FAILED: sigurg6-p.tst:7169: SIGURG spares execed process (async, other, -i +m, initially ignored, clear -> clear)
%%% FAILED: sigurg6-p.tst:7170: SIGURG spares execed process (async, self, -i +m, initially ignored, clear -> ignore)
%%% FAILED: sigurg6-p.tst:7171: SIGURG spares execed process (async, other, -i +m, initially ignored, clear -> command)
%%% FAILED: sigurg6-p.tst:7172: SIGURG spares execed process (async, self, -i +m, initially ignored, ignore -> keep)
%%% FAILED: sigurg6-p.tst:7173: SIGURG spares execed process (async, other, -i +m, initially ignored, ignore -> clear)
%%% FAILED: sigurg6-p.tst:7174: SIGURG spares execed process (async, self, -i +m, initially ignored, ignore -> ignore)
%%% FAILED: sigurg6-p.tst:7175: SIGURG spares execed process (async, other, -i +m, initially ignored, ignore -> command)
%%% FAILED: sigurg6-p.tst:7176: SIGURG spares execed process (async, self, -i +m, initially ignored, command -> keep)
%%% FAILED: sigurg6-p.tst:7177: SIGURG spares execed process (async, other, -i +m, initially ignored, command -> clear)
%%% FAILED: sigurg6-p.tst:7178: SIGURG spares execed process (async, self, -i +m, initially ignored, command -> ignore)
%%% FAILED: sigurg6-p.tst:7179: SIGURG spares execed process (async, other, -i +m, initially ignored, command -> command)
(see tests/posix/sigurg6-p.trs for full diffs)
<end of output>
Test time =   2.80 sec
----------------------------------------------------------
Test Failed.
"posix/sigurg6-p.tst" end time: Aug 12 18:26 CEST
"posix/sigurg6-p.tst" time elapsed: 00:00:02
----------------------------------------------------------

142/143 Testing: posix/wait-p.tst
142/143 Test: posix/wait-p.tst
Command: "/usr/bin/sh" "tests/run-tst.sh" "/home/roman/Projects/shish/build/shish" "tests/posix" "wait-p.tst"
Directory: /home/roman/Projects/shish
"posix/wait-p.tst" start time: Aug 12 18:26 CEST
Output:
----------------------------------------------------------
wait-p.tst: 0/16 passed, 16 skipped
<end of output>
Test time =   0.09 sec
----------------------------------------------------------
Test Passed.
"posix/wait-p.tst" end time: Aug 12 18:26 CEST
"posix/wait-p.tst" time elapsed: 00:00:00
----------------------------------------------------------

141/143 Testing: posix/until-p.tst
141/143 Test: posix/until-p.tst
Command: "/usr/bin/sh" "tests/run-tst.sh" "/home/roman/Projects/shish/build/shish" "tests/posix" "until-p.tst"
Directory: /home/roman/Projects/shish
"posix/until-p.tst" start time: Aug 12 18:26 CEST
Output:
----------------------------------------------------------
until-p.tst: 14/16 passed, 0 skipped
%%% FAILED: until-p.tst:94: command ending with asynchronous command (condition)
%%% FAILED: until-p.tst:100: command ending with asynchronous command (body)
(see tests/posix/until-p.trs for full diffs)
<end of output>
Test time =   0.20 sec
----------------------------------------------------------
Test Failed.
"posix/until-p.tst" end time: Aug 12 18:26 CEST
"posix/until-p.tst" time elapsed: 00:00:00
----------------------------------------------------------

138/143 Testing: posix/trap-p.tst
138/143 Test: posix/trap-p.tst
Command: "/usr/bin/sh" "tests/run-tst.sh" "/home/roman/Projects/shish/build/shish" "tests/posix" "trap-p.tst"
Directory: /home/roman/Projects/shish
"posix/trap-p.tst" start time: Aug 12 18:25 CEST
Output:
----------------------------------------------------------
trap-p.tst: 12/37 passed, 0 skipped
%%% FAILED: trap-p.tst:5: setting default trap
%%% FAILED: trap-p.tst:10: setting ignore trap
%%% FAILED: trap-p.tst:16: setting command trap
%%% FAILED: trap-p.tst:24: resetting to default trap
%%% FAILED: trap-p.tst:30: specifying multiple signals
%%% FAILED: trap-p.tst:50: specifying signal by number (HUP)
%%% FAILED: trap-p.tst:51: specifying signal by number (INT)
%%% FAILED: trap-p.tst:52: specifying signal by number (QUIT)
%%% FAILED: trap-p.tst:53: specifying signal by number (ABRT)
%%% FAILED: trap-p.tst:55: specifying signal by number (ALRM)
%%% FAILED: trap-p.tst:56: specifying signal by number (TERM)
%%% FAILED: trap-p.tst:58: initial numeric operand implies default trap (first operand)
%%% FAILED: trap-p.tst:64: initial numeric operand implies default trap (second operand)
%%% FAILED: trap-p.tst:85: exit status of succeeding subshell in signal trap
%%% FAILED: trap-p.tst:91: exit status of failing subshell in signal trap
%%% FAILED: trap-p.tst:110: fatal shell error in trap
%%% FAILED: trap-p.tst:116: $? is restored after trap is executed
%%% FAILED: trap-p.tst:156: trap command is not affected by redirections effective when set (4)
%%% FAILED: trap-p.tst:166: command is evaluated each time trap is executed
%%% FAILED: trap-p.tst:177: traps are not handled until foreground job finishes
%%% FAILED: trap-p.tst:188: single trap may be invoked more than once
%%% FAILED: trap-p.tst:199: setting new trap in trap
%%% FAILED: trap-p.tst:214: printing traps
%%% FAILED: trap-p.tst:224: traps are printed even in command substitution
%%% FAILED: trap-p.tst:237: setting command trap that starts with hyphen
(see tests/posix/trap-p.trs for full diffs)
<end of output>
Test time =   0.55 sec
----------------------------------------------------------
Test Failed.
"posix/trap-p.tst" end time: Aug 12 18:26 CEST
"posix/trap-p.tst" time elapsed: 00:00:00
----------------------------------------------------------

143/143 Testing: posix/while-p.tst
143/143 Test: posix/while-p.tst
Command: "/usr/bin/sh" "tests/run-tst.sh" "/home/roman/Projects/shish/build/shish" "tests/posix" "while-p.tst"
Directory: /home/roman/Projects/shish
"posix/while-p.tst" start time: Aug 12 18:26 CEST
Output:
----------------------------------------------------------
while-p.tst: 14/16 passed, 0 skipped
%%% FAILED: while-p.tst:94: command ending with asynchronous command (condition)
%%% FAILED: while-p.tst:100: command ending with asynchronous command (body)
(see tests/posix/while-p.trs for full diffs)
<end of output>
Test time =   0.17 sec
----------------------------------------------------------
Test Failed.
"posix/while-p.tst" end time: Aug 12 18:26 CEST
"posix/while-p.tst" time elapsed: 00:00:00
----------------------------------------------------------

139/143 Testing: posix/umask-p.tst
139/143 Test: posix/umask-p.tst
Command: "/usr/bin/sh" "tests/run-tst.sh" "/home/roman/Projects/shish/build/shish" "tests/posix" "umask-p.tst"
Directory: /home/roman/Projects/shish
"posix/umask-p.tst" start time: Aug 12 18:26 CEST
Output:
----------------------------------------------------------
umask-p.tst: 27/83 passed, 0 skipped
%%% FAILED: umask-p.tst:69: symbolic operand u+
%%% FAILED: umask-p.tst:70: symbolic operand u+r
%%% FAILED: umask-p.tst:71: symbolic operand u+w
%%% FAILED: umask-p.tst:72: symbolic operand u+x
%%% FAILED: umask-p.tst:73: symbolic operand u+rw
%%% FAILED: umask-p.tst:74: symbolic operand u+xr
%%% FAILED: umask-p.tst:75: symbolic operand u+wx
%%% FAILED: umask-p.tst:76: symbolic operand u+xwr
%%% FAILED: umask-p.tst:78: symbolic operand g+
%%% FAILED: umask-p.tst:79: symbolic operand g+r
%%% FAILED: umask-p.tst:80: symbolic operand g+w
%%% FAILED: umask-p.tst:81: symbolic operand g+x
%%% FAILED: umask-p.tst:82: symbolic operand g+rw
%%% FAILED: umask-p.tst:83: symbolic operand g+xr
%%% FAILED: umask-p.tst:84: symbolic operand g+wx
%%% FAILED: umask-p.tst:85: symbolic operand g+xwr
%%% FAILED: umask-p.tst:87: symbolic operand o+
%%% FAILED: umask-p.tst:88: symbolic operand o+r
%%% FAILED: umask-p.tst:89: symbolic operand o+w
%%% FAILED: umask-p.tst:90: symbolic operand o+x
%%% FAILED: umask-p.tst:91: symbolic operand o+rw
%%% FAILED: umask-p.tst:92: symbolic operand o+xr
%%% FAILED: umask-p.tst:93: symbolic operand o+wx
%%% FAILED: umask-p.tst:94: symbolic operand o+xwr
%%% FAILED: umask-p.tst:97: symbolic operand a+r
%%% FAILED: umask-p.tst:98: symbolic operand a+w
%%% FAILED: umask-p.tst:99: symbolic operand a+x
%%% FAILED: umask-p.tst:100: symbolic operand a+rw
%%% FAILED: umask-p.tst:101: symbolic operand a+xr
%%% FAILED: umask-p.tst:102: symbolic operand a+wx
%%% FAILED: umask-p.tst:103: symbolic operand a+xwr
%%% FAILED: umask-p.tst:106: symbolic operand +r
%%% FAILED: umask-p.tst:107: symbolic operand +w
%%% FAILED: umask-p.tst:108: symbolic operand +x
%%% FAILED: umask-p.tst:109: symbolic operand +rw
%%% FAILED: umask-p.tst:110: symbolic operand +xr
%%% FAILED: umask-p.tst:111: symbolic operand +wx
%%% FAILED: umask-p.tst:112: symbolic operand +xwr
%%% FAILED: umask-p.tst:114: symbolic operand u=
%%% FAILED: umask-p.tst:115: symbolic operand u=r
%%% FAILED: umask-p.tst:116: symbolic operand u=w
%%% FAILED: umask-p.tst:117: symbolic operand u=x
%%% FAILED: umask-p.tst:118: symbolic operand u=rw
%%% FAILED: umask-p.tst:119: symbolic operand u=xr
%%% FAILED: umask-p.tst:120: symbolic operand u=wx
%%% FAILED: umask-p.tst:121: symbolic operand u=xwr
%%% FAILED: umask-p.tst:123: symbolic operand u=r+w
%%% FAILED: umask-p.tst:124: symbolic operand u+w=r
%%% FAILED: umask-p.tst:125: symbolic operand u+w=r+x
%%% FAILED: umask-p.tst:127: symbolic operand u=r+w,g=wx,o+xr
%%% FAILED: umask-p.tst:128: symbolic operand u=rwx,u-w
%%% FAILED: umask-p.tst:132: symbolic operand g=u
%%% FAILED: umask-p.tst:133: symbolic operand o=u
%%% FAILED: umask-p.tst:134: symbolic operand og=u
%%% FAILED: umask-p.tst:135: symbolic operand og=u
%%% FAILED: umask-p.tst:136: symbolic operand g+u,o+rwx-u
(see tests/posix/umask-p.trs for full diffs)
<end of output>
Test time =   1.10 sec
----------------------------------------------------------
Test Failed.
"posix/umask-p.tst" end time: Aug 12 18:26 CEST
"posix/umask-p.tst" time elapsed: 00:00:01
----------------------------------------------------------

135/143 Testing: posix/test-p.tst
135/143 Test: posix/test-p.tst
Command: "/usr/bin/sh" "tests/run-tst.sh" "/home/roman/Projects/shish/build/shish" "tests/posix" "test-p.tst"
Directory: /home/roman/Projects/shish
"posix/test-p.tst" start time: Aug 12 18:25 CEST
Output:
----------------------------------------------------------
test-p.tst: 196/236 passed, 0 skipped
%%% FAILED: test-p.tst:136: test -g setgroupid
%%% FAILED: test-p.tst:137: test -g setgroupidlink
%%% FAILED: test-p.tst:138: test -g dir
%%% FAILED: test-p.tst:139: test -g dirlink
%%% FAILED: test-p.tst:140: test -g file
%%% FAILED: test-p.tst:141: test -g filelink
%%% FAILED: test-p.tst:142: test -g ./_no_such_file_
%%% FAILED: test-p.tst:143: test -g brokenlink
%%% FAILED: test-p.tst:168: test -p fifo
%%% FAILED: test-p.tst:169: test -p fifolink
%%% FAILED: test-p.tst:170: test -p dir
%%% FAILED: test-p.tst:171: test -p dirlink
%%% FAILED: test-p.tst:172: test -p file
%%% FAILED: test-p.tst:173: test -p filelink
%%% FAILED: test-p.tst:174: test -p ./_no_such_file_
%%% FAILED: test-p.tst:175: test -p brokenlink
%%% FAILED: test-p.tst:220: test -u setuserid
%%% FAILED: test-p.tst:221: test -u setuseridlink
%%% FAILED: test-p.tst:222: test -u file
%%% FAILED: test-p.tst:223: test -u filelink
%%% FAILED: test-p.tst:224: test -u dir
%%% FAILED: test-p.tst:225: test -u dirlink
%%% FAILED: test-p.tst:226: test -u ./_no_such_file_
%%% FAILED: test-p.tst:227: test -u brokenlink
%%% FAILED: test-p.tst:282: test ! = !
%%% FAILED: test-p.tst:284: test ( = )
%%% FAILED: test-p.tst:291: test ! != !
%%% FAILED: test-p.tst:337: test  -a 
%%% FAILED: test-p.tst:338: test  -a 1
%%% FAILED: test-p.tst:339: test 1 -a 
%%% FAILED: test-p.tst:340: test 1 -a 1
%%% FAILED: test-p.tst:342: test  -o 
%%% FAILED: test-p.tst:343: test  -o 1
%%% FAILED: test-p.tst:344: test 1 -o 
%%% FAILED: test-p.tst:345: test 1 -o 1
%%% FAILED: test-p.tst:347: test  -a 1 -o 1
%%% FAILED: test-p.tst:348: test 1 -o 1 -a 
%%% FAILED: test-p.tst:350: test !
%%% FAILED: test-p.tst:362: test !  -a 
%%% FAILED: test-p.tst:363: test ! 0 -a 
(see tests/posix/test-p.trs for full diffs)
<end of output>
Test time =  14.50 sec
----------------------------------------------------------
Test Failed.
"posix/test-p.tst" end time: Aug 12 18:26 CEST
"posix/test-p.tst" time elapsed: 00:00:14
----------------------------------------------------------

33/143 Testing: posix/cmdsub-p.tst
33/143 Test: posix/cmdsub-p.tst
Command: "/usr/bin/sh" "tests/run-tst.sh" "/home/roman/Projects/shish/build/shish" "tests/posix" "cmdsub-p.tst"
Directory: /home/roman/Projects/shish
"posix/cmdsub-p.tst" start time: Aug 12 18:25 CEST
Output:
----------------------------------------------------------
<end of output>
Test time = 120.11 sec
----------------------------------------------------------
Test Failed.
"posix/cmdsub-p.tst" end time: Aug 12 18:27 CEST
"posix/cmdsub-p.tst" time elapsed: 00:02:00
----------------------------------------------------------

50/143 Testing: posix/grouping-p.tst
50/143 Test: posix/grouping-p.tst
Command: "/usr/bin/sh" "tests/run-tst.sh" "/home/roman/Projects/shish/build/shish" "tests/posix" "grouping-p.tst"
Directory: /home/roman/Projects/shish
"posix/grouping-p.tst" start time: Aug 12 18:25 CEST
Output:
----------------------------------------------------------
<end of output>
Test time = 120.05 sec
----------------------------------------------------------
Test Failed.
"posix/grouping-p.tst" end time: Aug 12 18:27 CEST
"posix/grouping-p.tst" time elapsed: 00:02:00
----------------------------------------------------------

56/143 Testing: posix/kill3-p.tst
56/143 Test: posix/kill3-p.tst
Command: "/usr/bin/sh" "tests/run-tst.sh" "/home/roman/Projects/shish/build/shish" "tests/posix" "kill3-p.tst"
Directory: /home/roman/Projects/shish
"posix/kill3-p.tst" start time: Aug 12 18:25 CEST
Output:
----------------------------------------------------------
<end of output>
Test time = 120.03 sec
----------------------------------------------------------
Test Failed.
"posix/kill3-p.tst" end time: Aug 12 18:27 CEST
"posix/kill3-p.tst" time elapsed: 00:02:00
----------------------------------------------------------

End testing: Aug 12 18:27 CEST
