Start testing: Jul 24 10:31 CEST
----------------------------------------------------------
1/136 Testing: bquote.sh
1/136 Test: bquote.sh
Command: "/mnt/data/Projects/shish/build/x86_64-linux-debug/shish" "tests/bquote.sh"
Directory: /mnt/data/Projects/shish
"bquote.sh" start time: Jul 24 10:31 CEST
Output:
----------------------------------------------------------
backquote expansion must capture the command's output: [32mOK[0m
backquote expansion assigned straight to a variable must not be field-split (embedded newline preserved): [32mOK[0m
backquote expansion of a silent command must be empty: [32mOK[0m
Tests succeeded: 3
Tests failed: 0
Success
<end of output>
Test time =   0.02 sec
----------------------------------------------------------
Test Passed.
"bquote.sh" end time: Jul 24 10:31 CEST
"bquote.sh" time elapsed: 00:00:00
----------------------------------------------------------

2/136 Testing: builtin-expr.sh
2/136 Test: builtin-expr.sh
Command: "/mnt/data/Projects/shish/build/x86_64-linux-debug/shish" "tests/builtin-expr.sh"
Directory: /mnt/data/Projects/shish
"builtin-expr.sh" start time: Jul 24 10:31 CEST
Output:
----------------------------------------------------------
expr STRING : PATTERN strips a file extension via a capture group: [32mOK[0m
expr STRING : PATTERN works for a different extension: [32mOK[0m
expr STRING : PATTERN with no capture group reports the match length: [32mOK[0m
expr STRING : PATTERN matches a literal prefix and reports its length: [32mOK[0m
expr STRING : PATTERN honors a leading ^ anchor: [32mOK[0m
expr STRING : PATTERN honors a trailing $ anchor on a full match: [32mOK[0m
expr STRING : PATTERN's trailing $ anchor correctly rejects a non-full match: [32mOK[0m
expr STRING : PATTERN matches a bracket-expression range: [32mOK[0m
expr STRING : PATTERN combines a bracket range with a following capture group: [32mOK[0m
expr STRING : PATTERN honors bracket-expression negation (^): [32mOK[0m
expr STRING : PATTERN matches a POSIX [:alpha:] character class: [32mOK[0m
expr STRING : PATTERN with multiple groups reports only the first: [32mOK[0m
expr STRING : PATTERN's \* still matches a literal star: [32mOK[0m
expr STRING : PATTERN: a bare leading * in the pattern is literal, so it doesn't match a string without one: [32mOK[0m
expr STRING : PATTERN with no match and no group reports 0: [32mOK[0m
expr STRING : PATTERN with no match exits 1: [32mOK[0m
expr STRING : PATTERN with no match (bracket expression, no group) also reports 0: [32mOK[0m
Tests succeeded: 17
Tests failed: 0
Success
<end of output>
Test time =   0.02 sec
----------------------------------------------------------
Test Passed.
"builtin-expr.sh" end time: Jul 24 10:31 CEST
"builtin-expr.sh" time elapsed: 00:00:00
----------------------------------------------------------

3/136 Testing: builtin-hash.sh
3/136 Test: builtin-hash.sh
Command: "/mnt/data/Projects/shish/build/x86_64-linux-debug/shish" "tests/builtin-hash.sh"
Directory: /mnt/data/Projects/shish
"builtin-hash.sh" start time: Jul 24 10:31 CEST
Output:
----------------------------------------------------------
running a builtin once hashes it, and it shows up in the plain table: [32mOK[0m
hash -d forgets exactly the named entry: [32mOK[0m
tests/builtin-hash.sh:18:1: hash: this-name-was-never-hashed: not found
hash -d on an unknown name fails with a non-zero exit status: [32mOK[0m
sanity: the table has true and false entries before hash -r: [32mOK[0m
hash -r forgets every remembered entry, including true and false: [32mOK[0m
hash -p pathname name makes that name runnable via the given pathname: [32mOK[0m
hash -l reprints a hashed pathname entry as a reusable "hash -p ..." line: [32mOK[0m
sanity: true is not hashed right after hash -r: [32mOK[0m
a bare "hash name" (no options) hashes that name without running it: [32mOK[0m
Tests succeeded: 9
Tests failed: 0
Success
<end of output>
Test time =   0.03 sec
----------------------------------------------------------
Test Passed.
"builtin-hash.sh" end time: Jul 24 10:31 CEST
"builtin-hash.sh" time elapsed: 00:00:00
----------------------------------------------------------

4/136 Testing: builtin-kill.sh
4/136 Test: builtin-kill.sh
Command: "/mnt/data/Projects/shish/build/x86_64-linux-debug/shish" "tests/builtin-kill.sh"
Directory: /mnt/data/Projects/shish
"builtin-kill.sh" start time: Jul 24 10:31 CEST
Output:
----------------------------------------------------------
[1] 3661159
kill -0 on a live pid reports success: [32mOK[0m
[1]+  Done                    sleep 5
tests/builtin-kill.sh:23:1: kill: 3661159: No such process
kill -TERM actually terminates the process, confirmed via a following kill -0: [32mOK[0m
[1] 3661164
[1]+  Done                    sleep 5
tests/builtin-kill.sh:30:1: kill: 3661164: No such process
kill -9 (numeric signal) terminates the process: [32mOK[0m
[1] 3661172
[1]+  Done                    sleep 5
tests/builtin-kill.sh:37:1: kill: 3661172: No such process
kill -KILL (bare name) terminates the process: [32mOK[0m
[1] 3661175
[1]+  Done                    sleep 5
tests/builtin-kill.sh:44:1: kill: 3661175: No such process
kill -SIGKILL (SIG-prefixed name, case-insensitive) terminates the process: [32mOK[0m
[1] 3661199
[1]+  Done                    sleep 5
tests/builtin-kill.sh:51:1: kill: 3661199: No such process
kill %job-spec resolves the job and terminates it: [32mOK[0m
tests/builtin-kill.sh:54:1: kill: -FOOBAR: invalid signal specification
an unrecognized signal name fails with a non-zero exit status: [32mOK[0m
tests/builtin-kill.sh:57:1: kill: too few arguments
kill with no operands fails with a non-zero exit status: [32mOK[0m
tests/builtin-kill.sh:60:1: kill: 999999: No such process
kill -0 on a pid that doesn't exist fails with a non-zero exit status: [32mOK[0m
kill -0 on the shell's own pid succeeds: [32mOK[0m
Tests succeeded: 10
Tests failed: 0
Success
<end of output>
Test time =   1.53 sec
----------------------------------------------------------
Test Passed.
"builtin-kill.sh" end time: Jul 24 10:31 CEST
"builtin-kill.sh" time elapsed: 00:00:01
----------------------------------------------------------

5/136 Testing: builtin-local.sh
5/136 Test: builtin-local.sh
Command: "/mnt/data/Projects/shish/build/x86_64-linux-debug/shish" "tests/builtin-local.sh"
Directory: /mnt/data/Projects/shish
"builtin-local.sh" start time: Jul 24 10:31 CEST
Output:
----------------------------------------------------------
declared-without-value local starts unset: [32mOK[0m
declared-with-value local gets its initializer: [32mOK[0m
local var reflects an assignment made inside its function: [32mOK[0m
local var must not leak out of the function that declared it: [32mOK[0m
local var must not leak out of the function that declared it: [32mOK[0m
a plain (non-local) assignment inside a function must leak to the global scope: [32mOK[0m
Tests succeeded: 6
Tests failed: 0
Success
<end of output>
Test time =   0.02 sec
----------------------------------------------------------
Test Passed.
"builtin-local.sh" end time: Jul 24 10:31 CEST
"builtin-local.sh" time elapsed: 00:00:00
----------------------------------------------------------

6/136 Testing: builtin-read.sh
6/136 Test: builtin-read.sh
Command: "/mnt/data/Projects/shish/build/x86_64-linux-debug/shish" "tests/builtin-read.sh"
Directory: /mnt/data/Projects/shish
"builtin-read.sh" start time: Jul 24 10:31 CEST
Output:
----------------------------------------------------------
read must capture a single-word line: [32mOK[0m
read splits into the 1st variable: [32mOK[0m
read splits into the 2nd variable: [32mOK[0m
read splits into the 3rd variable: [32mOK[0m
read splits into the 4th variable: [32mOK[0m
read puts every remaining field into the last variable: [32mOK[0m
read -r must leave backslashes untouched: [32mOK[0m
read -n N must stop after N characters: [32mOK[0m
read -d must split on the given delimiter instead of newline: [32mOK[0m
read -u must read the 1st line from the given fd: [32mOK[0m
read -u must read the 2nd line from the same fd on the next call: [32mOK[0m
Tests succeeded: 11
Tests failed: 0
Success
<end of output>
Test time =   0.03 sec
----------------------------------------------------------
Test Passed.
"builtin-read.sh" end time: Jul 24 10:31 CEST
"builtin-read.sh" time elapsed: 00:00:00
----------------------------------------------------------

7/136 Testing: builtin-test.sh
7/136 Test: builtin-test.sh
Command: "/mnt/data/Projects/shish/build/x86_64-linux-debug/shish" "tests/builtin-test.sh"
Directory: /mnt/data/Projects/shish
"builtin-test.sh" start time: Jul 24 10:31 CEST
Output:
----------------------------------------------------------
3 -lt 10: [32mOK[0m
! ( 3 -lt 10 ): [32mOK[0m
( 3 -lt 10 ) -a ( 10 -gt 1 ): [32mOK[0m
( 10 -gt 3 ) -a ( 1 -lt 10 ): [32mOK[0m
( 10 -gt 3 ) -a ! ( 1 -gt 10 ): [32mOK[0m
( 3 -lt 10 -a 10 -gt 1 ): [32mOK[0m
1 -gt 0: [32mOK[0m
0 -gt 0: [32mOK[0m
negative-lhs -gt comparison: [32mOK[0m
test -e on this test script itself: [32mOK[0m
test -e CMakeLists.txt: [32mOK[0m
test -c /dev/null is a char device: [32mOK[0m
test -c CMakeLists.txt is not a char device: [32mOK[0m
test -d .: [32mOK[0m
test -d CMakeLists.txt is not a directory: [32mOK[0m
test -f CMakeLists.txt: [32mOK[0m
test -f . is not a regular file: [32mOK[0m
a non-empty single-arg string test: [32mOK[0m
an empty single-arg string test: [32mOK[0m
test -n on a non-empty string: [32mOK[0m
test -n on an empty string: [32mOK[0m
test -z on an empty string: [32mOK[0m
test -z on a non-empty string: [32mOK[0m
negated test -n on a non-empty string: [32mOK[0m
negated test -n on an empty string: [32mOK[0m
Tests succeeded: 25
Tests failed: 0
Success
<end of output>
Test time =   0.03 sec
----------------------------------------------------------
Test Passed.
"builtin-test.sh" end time: Jul 24 10:31 CEST
"builtin-test.sh" time elapsed: 00:00:00
----------------------------------------------------------

8/136 Testing: builtin-trap.sh
8/136 Test: builtin-trap.sh
Command: "/mnt/data/Projects/shish/build/x86_64-linux-debug/shish" "tests/builtin-trap.sh"
Directory: /mnt/data/Projects/shish
"builtin-trap.sh" start time: Jul 24 10:31 CEST
Output:
----------------------------------------------------------
builtin_trap 15 
"code": echo caught-term
trap_uninstall 15
trap handler 15
a trap on TERM runs when TERM is delivered, and execution continues afterward: [32mOK[0m
builtin_trap 10 
"code": echo first
trap_uninstall 10
builtin_trap 10 
"code": echo second
trap handler 10
retrapping the same signal replaces the handler -- only the newest one fires, not both: [32mOK[0m
builtin_trap 12 
"code": echo iter-0
trap_uninstall 12
builtin_trap 12 
"code": echo iter-1
builtin_trap 12 
"code": echo iter-2
builtin_trap 12 
"code": echo iter-3
builtin_trap 12 
"code": echo iter-4
builtin_trap 12 
"code": echo iter-5
builtin_trap 12 
"code": echo iter-6
builtin_trap 12 
"code": echo iter-7
builtin_trap 12 
"code": echo iter-8
builtin_trap 12 
"code": echo iter-9
builtin_trap 12 
"code": echo iter-10
builtin_trap 12 
"code": echo iter-11
builtin_trap 12 
"code": echo iter-12
builtin_trap 12 
"code": echo iter-13
builtin_trap 12 
"code": echo iter-14
builtin_trap 12 
"code": echo iter-15
builtin_trap 12 
"code": echo iter-16
builtin_trap 12 
"code": echo iter-17
builtin_trap 12 
"code": echo iter-18
builtin_trap 12 
"code": echo iter-19
builtin_trap 12 
"code": echo iter-20
builtin_trap 12 
"code": echo iter-21
builtin_trap 12 
"code": echo iter-22
builtin_trap 12 
"code": echo iter-23
builtin_trap 12 
"code": echo iter-24
builtin_trap 12 
"code": echo iter-25
builtin_trap 12 
"code": echo iter-26
builtin_trap 12 
"code": echo iter-27
builtin_trap 12 
"code": echo iter-28
builtin_trap 12 
"code": echo iter-29
trap handler 12
retrapping a signal 30 times (past sig_push()'s 16-deep stack) still works, and only the last trap fires: [32mOK[0m
builtin_trap 15 
"code": echo should-not-print
trap_uninstall 15
builtin_trap 15 
"code": -
tests/builtin-trap.sh:58:1: cat: builtin-trap.sh-UhfkSmLf: Success
trap - SIG resets to default and trap -p SIG then prints nothing for it: [32mOK[0m
builtin_trap 15 
"code": echo t1
trap_uninstall 15
builtin_trap 2 
"code": echo t2
trap_uninstall 2
trap -p with no operand lists every installed trap: [32mOK[0m
builtin_trap 0 
"code": echo should-show-in-listing
trap_uninstall 0
builtin_trap 0 
"code": -
an EXIT trap can be installed and shows up in trap -p's listing: [32mOK[0m
builtin_trap 0 
"code": echo trap-ran
trap_uninstall 0
trap handler 0
a subshell's own EXIT trap fires -- into the subshell's own capture -- when its body falls off the end: [32mOK[0m
builtin_trap 0 
"code": echo trap-ran
trap_uninstall 0
trap handler 0
a subshell's own EXIT trap fires exactly once (not twice) when the subshell exits via an explicit 'exit': [32mOK[0m
builtin_trap 0 
"code": echo inner-trap
trap_uninstall 0
trap handler 0
inner-trap
tests/builtin-trap.sh:96:1: cat: builtin-trap.sh-2c79Kw9X: Success
an EXIT trap set inside a subshell must not leak into the parent shell's trap list: [32mOK[0m
builtin_trap 0 
"code": echo outer-trap
trap_uninstall 0
builtin_trap 0 
"code": echo inner-trap
trap handler 0
trap handler 0
an outer EXIT trap still fires at the right time, unaffected by a same-named trap set and already run inside a nested subshell: [32mOK[0m
Tests succeeded: 10
Tests failed: 0
Success
<end of output>
Test time =   0.64 sec
----------------------------------------------------------
Test Passed.
"builtin-trap.sh" end time: Jul 24 10:31 CEST
"builtin-trap.sh" time elapsed: 00:00:00
----------------------------------------------------------

9/136 Testing: cmd-subst.sh
9/136 Test: cmd-subst.sh
Command: "/mnt/data/Projects/shish/build/x86_64-linux-debug/shish" "tests/cmd-subst.sh"
Directory: /mnt/data/Projects/shish
"cmd-subst.sh" start time: Jul 24 10:31 CEST
Output:
----------------------------------------------------------
$(...) must capture a simple command's stdout: [32mOK[0m
a here-doc with an unquoted delimiter must expand parameters in its body: [32mOK[0m
backquote command substitution must capture printf's output: [32mOK[0m
$(...) must nest without needing to escape the inner one: [32mOK[0m
$(...) must see variables assigned earlier in the same script: [32mOK[0m
Tests succeeded: 5
Tests failed: 0
Success
<end of output>
Test time =   0.02 sec
----------------------------------------------------------
Test Passed.
"cmd-subst.sh" end time: Jul 24 10:31 CEST
"cmd-subst.sh" time elapsed: 00:00:00
----------------------------------------------------------

10/136 Testing: debug.sh
10/136 Test: debug.sh
Command: "/mnt/data/Projects/shish/build/x86_64-linux-debug/shish" "tests/debug.sh"
Directory: /mnt/data/Projects/shish
"debug.sh" start time: Jul 24 10:31 CEST
Output:
----------------------------------------------------------
type must identify cd as a shell builtin: [32mOK[0m
type must identify set as a shell builtin: [32mOK[0m
++ true
++ false
++ :
++ echo ok
+ RESULT='ok'
+ set +x
set -x must not change what a command list actually does: [32mOK[0m
a function's own "set --" changes its own $#: [32mOK[0m
a function's own "set --" changes its own $1: [32mOK[0m
the caller's $# must survive a callee's "set --": [32mOK[0m
the caller's $1 must survive a callee's "set --": [32mOK[0m
a function's own "set --" changes its own $#: [32mOK[0m
a function's own "set --" changes its own $1: [32mOK[0m
a brace group must not leak a called function's positional params either: [32mOK[0m
Tests succeeded: 10
Tests failed: 0
Success
<end of output>
Test time =   0.02 sec
----------------------------------------------------------
Test Passed.
"debug.sh" end time: Jul 24 10:31 CEST
"debug.sh" time elapsed: 00:00:00
----------------------------------------------------------

11/136 Testing: fixed.sh
11/136 Test: fixed.sh
Command: "/mnt/data/Projects/shish/build/x86_64-linux-debug/shish" "tests/fixed.sh"
Directory: /mnt/data/Projects/shish
"fixed.sh" start time: Jul 24 10:31 CEST
Output:
----------------------------------------------------------
subshell-pipeline must not duplicate following commands: [32mOK[0m
a directory on PATH must not shadow a real executable further down PATH: [32mOK[0m
invoking a directory via a direct path must fail, not succeed: [32mOK[0m
tests/fixed.sh:53:1: rm: -r: invalid option
command not found on PATH must exit 127: [32mOK[0m
tests/fixed.sh:72:1: chmod: -x: invalid option
command found but not executable must exit 126: [32mOK[0m
tests/fixed.sh:79:1: rm: -r: invalid option
an unexecutable file (ENOEXEC) must exit 126, not crash or exit 0: [32mOK[0m
tests/fixed.sh:90:1: rm: -r: invalid option
command-not-found message must go through its own redirection, not the shell's original stderr: [32mOK[0m
read -d must not leave the delimiter in the captured value: [32mOK[0m
arithmetic expansion must accept a single-character bare variable name: [32mOK[0m
[1] 3661284
[1]+  Done                    true
backgrounding a simple builtin followed by more on the same line must not crash or duplicate: [32mOK[0m
[1] 3661286
[1]+  Done                    (null)
backgrounding a compound command followed by more on the same line must not fail to parse or duplicate: [32mOK[0m
export -p after exporting an unset variable must not crash: [32mOK[0m
export -p must list a declared-but-unassigned variable with no ='value': [32mOK[0m
an exported-but-unassigned variable must not itself appear in a child's environment: [32mOK[0m
an exported-but-unassigned variable must not truncate the rest of a child's environment: [32mOK[0m
tests/fixed.sh:192:1: READONLYVAR: readonly variable
assigning to a readonly variable via a redirected command must report failure, not crash: [32mOK[0m
a rejected readonly assignment must not change the variable's value: [32mOK[0m
command substitution of a 2-stage pipeline must capture its output: [32mOK[0m
command substitution of a pipeline must still work when input is multi-line: [32mOK[0m
command substitution of a 3-stage pipeline must capture the last stage's output: [32mOK[0m
a command substitution with its own pipeline, nested inside another command substitution, must not steal the outer one's output: [31mFAIL[0m
command substitution of a plain (non-piped) simple command must still work: [32mOK[0m
a 2-stage pipeline must still produce the right output: [32mOK[0m
a 3-stage pipeline must still produce the right output: [32mOK[0m
several 2-stage pipelines in a row must not corrupt job tracking badly enough to break the loop: [32mOK[0m
[1] 3661317
[2] 3661318
[2]+  Done                    sleep 0.2
the remaining job must be promoted to current ("+") once the previous current job is cleaned up: [32mOK[0m
wait with no operands must report the exit status of the backgrounded job it waited for: [32mOK[0m
[1] 3661327
"$!" must expand to the backgrounded command's pid, not stay empty: [32mOK[0m
[1]+  Done                    true
[hi]
a command substitution's internal pipeline must not print a job-completion banner: [32mOK[0m
echo must print a dash-led word it doesn't recognize as an option, not error out: [32mOK[0m
echo -n must still be recognized as an option: [32mOK[0m
"set" with no args must dump variables even after a shopt flag was turned on: [32mOK[0m
"set" with no args must also dump defined functions: [32mOK[0m
[1] 3661333
[1]+  Stopped                 sleep 0.5
[1]+  Done                    sleep 0.5
kill -STOP on a backgrounded job must be detected and reported as Stopped: [32mOK[0m
"bg" (not "fg" via the mis-wired dispatch table) must actually resume the stopped job so "wait" sees it exit cleanly: [32mOK[0m
a resumed-then-waited-for job must be fully reaped, not left listed by "jobs": [32mOK[0m
[1] 3661340
[1]+  Stopped                 sleep 0.3
"fg" on a stopped job must resume it (no stack OOB crash on the bare no-operand form) and wait for it to finish: [32mOK[0m
a job brought to the foreground and waited out must be fully reaped, not left listed by "jobs": [32mOK[0m
"bg" on a job that was never stopped must report an error, not silently succeed: [32mOK[0m
[2] 3661346
job_print() must still format a running job's status line correctly after routing through job_banner(): [32mOK[0m
"$?" right after a 2-stage pipeline (builtin | builtin) on the same line must be the last stage's status: [32mOK[0m
"$?" right after a pipeline must be the LAST stage's status, not the first: [32mOK[0m
"$?" after a 3-stage pipeline must still be the last stage's status: [32mOK[0m
"$?" after a 3-stage pipeline ending in success must be 0: [32mOK[0m
[1] 3661359
backgrounding a pipeline ("cmd1 | cmd2 &") must itself report success as "$?", independent of what it later exits with: [32mOK[0m
a command must resolve against PATH as it was at the time it's first run: [32mOK[0m
the same command name run again after PATH changes must re-resolve, not reuse the stale cached path: [32mOK[0m
tests/fixed.sh:594:1: rm: -r: invalid option
plain foreground external/builtin commands must still work normally now that they get a real struct job: [32mOK[0m
a quoted "$(cmd)" producing space-separated output must stay one word: [32mOK[0m
an UNQUOTED $(cmd) must still field-split on IFS as before: [32mOK[0m
a quoted "$(cmd)" assigned to a variable must keep its internal spaces: [32mOK[0m
a quoted backquoted command substitution must also stay one word, not just "$(...)": [32mOK[0m
"IFS=x read ..."'s prefix assignment must not persist past the command: [32mOK[0m
"read"'s own prefix-scoped IFS must still take effect during the read itself: [32mOK[0m
a function called with a prefix assignment must keep its own plain (non-local) global assignment, and the prefix assignment must not leak: [32mOK[0m
"local" inside a function called with a prefix assignment must still shadow correctly: [32mOK[0m
a single-quoted heredoc delimiter must suppress expansion in the body: [32mOK[0m
a double-quoted heredoc delimiter must suppress expansion in the body: [32mOK[0m
a backslash-escaped heredoc delimiter must suppress expansion in the body: [32mOK[0m
an UNQUOTED heredoc delimiter must still expand its body as before: [32mOK[0m
a heredoc delimiter with only PART of it quoted must still suppress expansion: [32mOK[0m
printf %08x must zero-pad a hex conversion to the given width: [32mOK[0m
printf %X must print uppercase hex digits: [32mOK[0m
printf %5d must space-pad a decimal conversion to the given width: [32mOK[0m
printf %-5d must left-justify within the given width: [32mOK[0m
printf %+d must force a sign on a positive value: [32mOK[0m
printf %.3d must zero-extend a decimal conversion to the given precision: [32mOK[0m
printf %-8s must left-justify a string within the given width: [32mOK[0m
printf %05d must keep the sign before zero-padding a negative value: [32mOK[0m
a prefix assignment on "getopts" must not leak past the command: [32mOK[0m
a prefix assignment on "alias" must not leak past the command: [32mOK[0m
a prefix assignment on "unalias" must not leak past the command: [32mOK[0m
a prefix assignment on "umask" must not leak past the command: [32mOK[0m
a prefix assignment on "local" must not leak past the command: [32mOK[0m
a quoted "$@" must expand an empty positional parameter to its own (empty) word: [32mOK[0m
a for-loop over a quoted "$@" must iterate an empty positional parameter as its own (empty) word: [32mOK[0m
a for-loop over an unquoted $@ with an empty positional parameter in the middle must not crash, and must still drop the empty word via field splitting: [32mOK[0m
tests/fixed.sh:858:1: 9: not opened for writing
"echo >&9" after "exec 9>&-" must fail instead of silently succeeding: [32mOK[0m
tests/fixed.sh:862:1: 9: not opened for writing
"echo >&9" after "exec 9>&-" must not produce any output: [32mOK[0m
tests/fixed.sh:867:1: 9: not opened for reading
"read <&9" after "exec 9<&-" must fail instead of silently succeeding: [32mOK[0m
tests/fixed.sh:873:1: 9: not opened for writing
a temporary (non-"exec") ">&-" on one command must not close the fd for commands after it: [32mOK[0m
a "for" loop whose closing "done" lands exactly at end-of-input must still parse: [32mOK[0m
an "if" whose closing "fi" lands exactly at end-of-input must still parse: [32mOK[0m
sourcing a file whose last command (no trailing newline) fails must propagate that status: [32mOK[0m
sanity: $(false) itself still produces no output: [32mOK[0m
a plain assignment with no command substitution must reset status to 0, not carry over the previous command's: [32mOK[0m
"X=$(cmd)" with no command name must reflect the substitution's own (successful) status: [32mOK[0m
"X=$(cmd)" with no command name must reflect the substitution's own (failing) status: [32mOK[0m
"X=$?" must still capture the PRECEDING command's status, not be treated as a substitution: [32mOK[0m
tests/fixed.sh:970:1: 4: not opened for writing
a nested subshell closing a fd an ancestor scope already had open must actually fail the redirection, not silently succeed: [32mOK[0m
the ancestor scope's own fd must keep working after the nested scope's close/pop, with nothing leaked in between: [31mFAIL[0m
a backquote substitution nested inside another (backslash-escaped) must actually run, not be left as literal text: [32mOK[0m
a nested backquote substitution's own multiple commands/words must all run and field-split normally: [32mOK[0m
a "$( )" substitution nested inside a backquoted one (no escaping needed for "$( )") must still work: [32mOK[0m
a backquoted substitution nested inside a "$( )" one must still work (this direction never needed escaping and worked already): [32mOK[0m
"\$" and "\\" inside a backquoted substitution must still unescape to "$"/"\" as POSIX 2.6.3 requires, alongside the new "\`" handling: [32mOK[0m
a plain (non-nested) backquote substitution must still work exactly as before: [32mOK[0m
an unquoted backquote substitution used directly as an argument must field-split on IFS, like "$( )" and a variable already did: [32mOK[0m
a QUOTED backquote substitution used directly as an argument must still NOT field-split: [32mOK[0m
reprinting a nested backquote substitution must re-emit it as "$( )" so the result still parses back to the same thing: [32mOK[0m
reprinting a plain (non-nested) backquote substitution must still keep its original backquote syntax: [32mOK[0m
a function whose body is "(...)" must isolate its own assignments from the caller, exactly like a bare "(...)" subshell: [32mOK[0m
a subshell-bodied function's own exit status must still propagate to its caller: [32mOK[0m
a subshell-bodied function must still see its own call arguments: [32mOK[0m
an external command's "2>&1" inside a command substitution must actually be captured, not leak to the shell's real stderr: [32mOK[0m
sanity: without "2>&1", an external command's stderr must still NOT be captured: [32mOK[0m
the "[" test builtin (itself a glob-special character, see fixes/65) must still work correctly: [32mOK[0m
sanity: "[" must still correctly report a false comparison: [32mOK[0m
a bare wildcard as a command argument must actually glob-expand, even as the very last thing before end-of-input: [32mOK[0m
a bare wildcard followed by more words must still glob-expand: [32mOK[0m
a wildcard in a "for" loop's word list must glob-expand into separate words: [32mOK[0m
a wildcard with no matches must fall back to the literal pattern text: [32mOK[0m
a backslash-escaped wildcard must stay a literal, not glob-expand: [32mOK[0m
a bracket-expression wildcard must glob-expand without leftover garbage appended to the first match: [32mOK[0m
tests/fixed.sh:1253:1: rm: -r: invalid option
a POSIX bracket character class must actually match, not hang forever: [32mOK[0m
a POSIX bracket character class must correctly NOT match a character outside the class: [32mOK[0m
a different POSIX bracket character class (:digit:) must also match correctly: [32mOK[0m
a bracket-expression collating symbol ([.x.]) must degrade to matching its single enclosed character: [32mOK[0m
a bracket-expression equivalence class ([=x=]) must degrade to matching its single enclosed character: [32mOK[0m
an unterminated/malformed bracket class must fall back to a literal '[' member instead of hanging: [32mOK[0m
"$$" inside a command substitution must match the top-level shell's pid: [32mOK[0m
"$$" inside a pipeline member (its own forked child) must still match the top-level shell's pid: [31mFAIL[0m
"$$" inside a subshell must still match the top-level shell's pid: [32mOK[0m
a variable holding literal backslashes must survive being re-substituted (quoted) as a command argument: [32mOK[0m
a variable holding literal backslashes must survive being re-substituted (unquoted) as a command argument: [32mOK[0m
sourcing a file via a command-substitution-built path must not corrupt an unrelated later substitution's buffer: [32mOK[0m
an assignment mixing a literal prefix/suffix with a substituted value containing a real backslash must not lose that backslash: [32mOK[0m
a plain fully-quoted command argument containing a real backslash must still match itself: [32mOK[0m
a quoted-delimiter here-document body must preserve a real backslash verbatim: [32mOK[0m
an unquoted-delimiter here-document body must still expand parameters and collapse an escaped backslash to one, matching double-quote rules: [32mOK[0m
test with a single argument that looks like an unrecognized unary operator must just check non-emptiness: [32mOK[0m
test with a single argument that looks like a real unary operator (missing its operand) must also just check non-emptiness: [32mOK[0m
test -f with an actual operand must still perform the real file test, unaffected by the single-argument fix above: [32mOK[0m
a multi-hop fd-alias rotation (3<&0, 4<&3, 3<&4) must still read from the original stdin: [32mOK[0m
the classic 3>&1 1>&2 2>&3 3>&- stdout/stderr swap must land the right text on stdout: [32mOK[0m
the classic 3>&1 1>&2 2>&3 3>&- stdout/stderr swap must land the right text on stderr: [32mOK[0m
a bare-digit redirection after a -N-shaped argument and a quoted word must still be parsed as a redirection: [32mOK[0m
same bare-digit-redirection case with a different -N digit: [32mOK[0m
a plain (non-dash) preceding argument must still parse the following redirection correctly (no regression): [32mOK[0m
case's universal * pattern must match a scrutinee value that starts with a literal dot: [32mOK[0m
a bracket expression explicitly containing a literal dot must match a leading-dot scrutinee: [32mOK[0m
a bracket expression with a quoted dot inside it must match a leading-dot scrutinee (the original BUGS repro): [32mOK[0m
a fully-quoted bracket-expression-shaped case pattern is a literal string, not a live bracket expression: [32mOK[0m
a fully-quoted bracket-expression-shaped case pattern must still match its own literal text: [32mOK[0m
a backslash-escaped ] inside an unquoted bracket expression must still match a literal ] (no regression): [32mOK[0m
a bracket expression with just the closing ] quoted inside it must still match a literal ] (no regression): [32mOK[0m
${var#pattern} must match a leading dot with a single-char ? pattern: [32mOK[0m
${var##pattern} must also match a leading dot with a single-char ? pattern: [32mOK[0m
${var#pattern} with a leading * must still match through a leading dot: [32mOK[0m
${var%pattern} smallest-suffix removal is unaffected by the fix (no regression): [32mOK[0m
${var##pattern} largest-prefix removal is unaffected by the fix (no regression): [32mOK[0m
a range between two [.symbol.] collating-symbol endpoints must match a value inside it: [32mOK[0m
a [.symbol.]-[.symbol.] range must match its own start endpoint: [32mOK[0m
a [.symbol.]-[.symbol.] range must match its own end endpoint: [32mOK[0m
a [.symbol.]-[.symbol.] range must not match a value outside it: [32mOK[0m
a range with one plain-char endpoint and one [.symbol.] endpoint must also fuse correctly: [32mOK[0m
a standalone [.symbol.] (no following range) still matches its single character (no regression): [32mOK[0m
an ordinary bare-character range is unaffected by the fix (no regression): [32mOK[0m
a trailing dash right before the closing ] is still a literal member, not a range (no regression): [32mOK[0m
<<- must strip leading tabs even on a line whose tabs are followed by an expansion: [32mOK[0m
the later of two here-docs redirected to the same fd must fully win, with no leftover from the first: [32mOK[0m
the same holds with three here-docs queued on one command line: [32mOK[0m
Tests succeeded: 156
Tests failed: 3
Fail: 3
<end of output>
Test time =   2.59 sec
----------------------------------------------------------
Test Failed.
"fixed.sh" end time: Jul 24 10:31 CEST
"fixed.sh" time elapsed: 00:00:02
----------------------------------------------------------

12/136 Testing: functions.sh
12/136 Test: functions.sh
Command: "/mnt/data/Projects/shish/build/x86_64-linux-debug/shish" "tests/functions.sh"
Directory: /mnt/data/Projects/shish
"functions.sh" start time: Jul 24 10:31 CEST
Output:
----------------------------------------------------------
a function's explicit "return 0" must be its exit status: [32mOK[0m
a function ending on a successful command must exit 0: [32mOK[0m
a function's explicit "return N" must be its exit status: [32mOK[0m
functions must run in the order they're called, each seeing the caller's variables, except a subshell-bodied one whose own assignments must stay isolated: [32mOK[0m
a function's $# reflects the arguments it was called with: [32mOK[0m
a function's positional params are its call arguments, in order: [32mOK[0m
len() case-matched branch for a 1-char string: [32mOK[0m
len() case-matched branch for a 3-char string: [32mOK[0m
len() ${#1} fallback branch for a string longer than the matched cases: [32mOK[0m
a recursive function must compute the right result (5! = 120): [32mOK[0m
Tests succeeded: 10
Tests failed: 0
Success
<end of output>
Test time =   0.03 sec
----------------------------------------------------------
Test Passed.
"functions.sh" end time: Jul 24 10:31 CEST
"functions.sh" time elapsed: 00:00:00
----------------------------------------------------------

13/136 Testing: here-doc.sh
13/136 Test: here-doc.sh
Command: "/mnt/data/Projects/shish/build/x86_64-linux-debug/shish" "tests/here-doc.sh"
Directory: /mnt/data/Projects/shish
"here-doc.sh" start time: Jul 24 10:31 CEST
Output:
----------------------------------------------------------
unquoted delimiter expands parameters: [32mOK[0m
unquoted delimiter expands arithmetic: [32mOK[0m
unquoted delimiter expands command substitution: [32mOK[0m
backslash-newline in an unquoted here-doc body is a line continuation: [32mOK[0m
backslash-escaped $ in an unquoted here-doc body suppresses expansion: [32mOK[0m
single-quoted delimiter suppresses expansion: [32mOK[0m
double-quoted delimiter suppresses expansion: [32mOK[0m
backslash-escaped delimiter suppresses expansion: [32mOK[0m
delimiter mixing quoted and unquoted parts suppresses expansion: [32mOK[0m
a quoted-delimiter here-doc body preserves a real backslash verbatim: [32mOK[0m
<<- strips leading tabs from body and the closing delimiter line: [32mOK[0m
<<- still expands parameters when the delimiter is unquoted: [32mOK[0m
<<- combined with a quoted delimiter both strips tabs and suppresses expansion: [32mOK[0m
<<- does not strip leading spaces, only tabs: [32mOK[0m
a here-doc with an empty body produces empty output: [32mOK[0m
the later of two here-docs redirected to the same fd wins: [32mOK[0m
with three here-docs on the same fd, the last one still wins cleanly: [32mOK[0m
two here-docs on separate simple commands are each read in source order: [32mOK[0m
a here-doc attaches to its command before the pipeline runs: [32mOK[0m
a here-doc coexists with an unrelated output redirection on the same command: [32mOK[0m
tests/here-doc.sh:150:1: rm: -r: invalid option
a here-doc inside a command substitution works: [32mOK[0m
a here-doc can be attached to a compound command (while loop): [32mOK[0m
here-doc body is treated as data, not parsed as shell syntax: [32mOK[0m
Tests succeeded: 23
Tests failed: 0
Success
<end of output>
Test time =   0.03 sec
----------------------------------------------------------
Test Passed.
"here-doc.sh" end time: Jul 24 10:31 CEST
"here-doc.sh" time elapsed: 00:00:00
----------------------------------------------------------

14/136 Testing: if.sh
14/136 Test: if.sh
Command: "/mnt/data/Projects/shish/build/x86_64-linux-debug/shish" "tests/if.sh"
Directory: /mnt/data/Projects/shish
"if.sh" start time: Jul 24 10:31 CEST
Output:
----------------------------------------------------------
if true must take the then branch: [32mOK[0m
if false must take the else branch: [32mOK[0m
if false / elif true must take the elif branch: [32mOK[0m
if false / elif false must take the else branch: [32mOK[0m
the if condition's command substitution output must be visible after the if: [31mFAIL[0m
an if with no matching branch and no else must still exit 0: [32mOK[0m
Tests succeeded: 5
Tests failed: 1
Fail: 1
<end of output>
Test time =   0.02 sec
----------------------------------------------------------
Test Failed.
"if.sh" end time: Jul 24 10:31 CEST
"if.sh" time elapsed: 00:00:00
----------------------------------------------------------

15/136 Testing: loop-while.sh
15/136 Test: loop-while.sh
Command: "/mnt/data/Projects/shish/build/x86_64-linux-debug/shish" "tests/loop-while.sh"
Directory: /mnt/data/Projects/shish
"loop-while.sh" start time: Jul 24 10:31 CEST
Output:
----------------------------------------------------------
while loop must iterate over every positional param: [32mOK[0m
a while loop whose condition starts false must never run its body: [32mOK[0m
break must exit the loop before running anything after it in the body: [32mOK[0m
break must still let the body run once before exiting: [32mOK[0m
continue must skip the rest of the body for that iteration only (1+2+4+5): [32mOK[0m
until loop must run until its condition becomes true: [32mOK[0m
an until loop whose condition starts true must never run its body: [32mOK[0m
Tests succeeded: 7
Tests failed: 0
Success
<end of output>
Test time =   0.02 sec
----------------------------------------------------------
Test Passed.
"loop-while.sh" end time: Jul 24 10:31 CEST
"loop-while.sh" time elapsed: 00:00:00
----------------------------------------------------------

16/136 Testing: param.sh
16/136 Test: param.sh
Command: "/mnt/data/Projects/shish/build/x86_64-linux-debug/shish" "tests/param.sh"
Directory: /mnt/data/Projects/shish
"param.sh" start time: Jul 24 10:31 CEST
Output:
----------------------------------------------------------
: [32mOK[0m
: [32mOK[0m
: [32mOK[0m
: [32mOK[0m
: [32mOK[0m
: [32mOK[0m
: [32mOK[0m
: [32mOK[0m
: [32mOK[0m
: [32mOK[0m
: [32mOK[0m
: [32mOK[0m
: [32mOK[0m
: [32mOK[0m
: [32mOK[0m
: [32mOK[0m
: [32mOK[0m
: [32mOK[0m
: [32mOK[0m
: [32mOK[0m
: [32mOK[0m
: [32mOK[0m
: [32mOK[0m
: [32mOK[0m
: [32mOK[0m
: [32mOK[0m
: [32mOK[0m
: [32mOK[0m
XXX: 1
: [32mOK[0m
: [32mOK[0m
: [32mOK[0m
: [32mOK[0m
: [32mOK[0m
[1] 3661383
: [32mOK[0m
: [32mOK[0m
: [32mOK[0m
: [32mOK[0m
Tests succeeded: 37
Tests failed: 0
Success
<end of output>
Test time =   1.03 sec
----------------------------------------------------------
Test Passed.
"param.sh" end time: Jul 24 10:31 CEST
"param.sh" time elapsed: 00:00:01
----------------------------------------------------------

17/136 Testing: posix/alias-p.tst
17/136 Test: posix/alias-p.tst
Command: "/usr/bin/sh" "tests/run-tst.sh" "/mnt/data/Projects/shish/build/x86_64-linux-debug/shish" "tests/posix" "alias-p.tst"
Directory: /mnt/data/Projects/shish
"posix/alias-p.tst" start time: Jul 24 10:31 CEST
Output:
----------------------------------------------------------
alias-p.tst: 12/65 passed, 0 skipped
%%% FAILED: alias-p.tst:50: removing multiple aliases - removal
%%% FAILED: alias-p.tst:59: removing all aliases - exit status
%%% FAILED: alias-p.tst:64: removing all aliases - removal
%%% FAILED: alias-p.tst:70: printing specific alias
%%% FAILED: alias-p.tst:74: reusing printed alias (simple)
%%% FAILED: alias-p.tst:83: reusing printed alias (complex quotation)
%%% FAILED: alias-p.tst:93: printing all aliases
%%% FAILED: alias-p.tst:104: subshell inherits aliases
%%% FAILED: alias-p.tst:108: subshell cannot affect main shell
%%% FAILED: alias-p.tst:115: printing undefined alias is error
%%% FAILED: alias-p.tst:120: removing undefined alias is error
%%% FAILED: alias-p.tst:133: using alias after assignment (complex)
%%% FAILED: alias-p.tst:146: using alias after redirection (complex)
%%% FAILED: alias-p.tst:151: using alias in pipeline (simple)
%%% FAILED: alias-p.tst:158: using alias in pipeline (complex)
%%% FAILED: alias-p.tst:166: using aliases in compound commands
%%% FAILED: alias-p.tst:176: alias substitution to blank before if
%%% FAILED: alias-p.tst:182: alias substitution to blank should not change exit status
%%% FAILED: alias-p.tst:188: alias substitution to blank before newline
%%% FAILED: alias-p.tst:199: alias substitution to assignment
%%% FAILED: alias-p.tst:214: alias substitution to here-document
%%% FAILED: alias-p.tst:223: alias substitution to here-document operand
%%% FAILED: alias-p.tst:232: alias substitution to !
%%% FAILED: alias-p.tst:240: alias substitution to parenthesis
%%% FAILED: alias-p.tst:254: alias substitution to if/then/elif/else/fi keywords
%%% FAILED: alias-p.tst:272: alias substitution to while/until/do/done keywords
%%% FAILED: alias-p.tst:281: alias substitution to for
%%% FAILED: alias-p.tst:289: alias substitution to word (for)
%%% FAILED: alias-p.tst:296: alias substitution to in (for)
%%% FAILED: alias-p.tst:309: alias substitution to do/done (for with in)
%%% FAILED: alias-p.tst:320: alias substitution to do/done (for w/o in)
%%% FAILED: alias-p.tst:342: inapplicable alias substitution of do (for)
%%% FAILED: alias-p.tst:350: alias substitution to case/esac keywords
%%% FAILED: alias-p.tst:361: alias substitution to in (case)
%%% FAILED: alias-p.tst:371: alias substitution to case pattern
%%% FAILED: alias-p.tst:386: alias substitution to ( (case)
%%% FAILED: alias-p.tst:395: alias substitution to | (case)
%%% FAILED: alias-p.tst:402: alias substitution to ) (case)
%%% FAILED: alias-p.tst:409: alias substitution to ;;
%%% FAILED: alias-p.tst:421: alias substitution to function definition
%%% FAILED: alias-p.tst:430: alias substitution to parentheses in function definition
%%% FAILED: alias-p.tst:444: alias substitution to command in function definition
%%% FAILED: alias-p.tst:453: IO_NUMBER cannot be aliased
%%% FAILED: alias-p.tst:462: alias starting with blank
%%% FAILED: alias-p.tst:471: alias ending with blank
%%% FAILED: alias-p.tst:487: alias substitution can be part of an operator
%%% FAILED: alias-p.tst:502: quoted aliases are not substituted
%%% FAILED: alias-p.tst:528: line continuation between alias names (1)
%%% FAILED: alias-p.tst:540: line continuation between alias names (2)
%%% FAILED: alias-p.tst:548: alias substitution to line continuation
%%% FAILED: alias-p.tst:559: characters allowed in alias name
%%% FAILED: alias-p.tst:566: recursive alias
%%% FAILED: alias-p.tst:576: alias in command substitution
(see tests/posix/alias-p.trs for full diffs)
<end of output>
Test time =   0.68 sec
----------------------------------------------------------
Test Failed.
"posix/alias-p.tst" end time: Jul 24 10:31 CEST
"posix/alias-p.tst" time elapsed: 00:00:00
----------------------------------------------------------

18/136 Testing: posix/andor-p.tst
18/136 Test: posix/andor-p.tst
Command: "/usr/bin/sh" "tests/run-tst.sh" "/mnt/data/Projects/shish/build/x86_64-linux-debug/shish" "tests/posix" "andor-p.tst"
Directory: /mnt/data/Projects/shish
"posix/andor-p.tst" start time: Jul 24 10:31 CEST
Output:
----------------------------------------------------------
andor-p.tst: 13/14 passed, 0 skipped
%%% FAILED: andor-p.tst:87: pipelines in list
(see tests/posix/andor-p.trs for full diffs)
<end of output>
Test time =   0.12 sec
----------------------------------------------------------
Test Failed.
"posix/andor-p.tst" end time: Jul 24 10:31 CEST
"posix/andor-p.tst" time elapsed: 00:00:00
----------------------------------------------------------

19/136 Testing: posix/arith-p.tst
19/136 Test: posix/arith-p.tst
Command: "/usr/bin/sh" "tests/run-tst.sh" "/mnt/data/Projects/shish/build/x86_64-linux-debug/shish" "tests/posix" "arith-p.tst"
Directory: /mnt/data/Projects/shish
"posix/arith-p.tst" start time: Jul 24 10:31 CEST
Output:
----------------------------------------------------------
arith-p.tst: 16/43 passed, 0 skipped
%%% FAILED: arith-p.tst:22: unset variable is considered 0 (direct)
%%% FAILED: arith-p.tst:29: unary sign operators
%%% FAILED: arith-p.tst:35: unary negation operators
%%% FAILED: arith-p.tst:109: logical operators
%%% FAILED: arith-p.tst:119: conditional evaluation of && operator operand
%%% FAILED: arith-p.tst:130: conditional evaluation of || operator operand
%%% FAILED: arith-p.tst:141: conditional evaluation of ?: operator operand
%%% FAILED: arith-p.tst:155: assignment operators
%%% FAILED: arith-p.tst:165: assigning to read-only variable
%%% FAILED: arith-p.tst:179: operator precedence: unary and multiplicatives
%%% FAILED: arith-p.tst:195: operator precedence: multiplicatives and additives
%%% FAILED: arith-p.tst:209: operator precedence: additives and shifts
%%% FAILED: arith-p.tst:217: operator precedence: shifts
%%% FAILED: arith-p.tst:223: operator precedence: shifts and relationals
%%% FAILED: arith-p.tst:243: operator precedence: relationals and equalities
%%% FAILED: arith-p.tst:261: operator precedence: equalities and bitwise and
%%% FAILED: arith-p.tst:267: operator precedence: bitwise and and xor
%%% FAILED: arith-p.tst:273: operator precedence: bitwise xor and or
%%% FAILED: arith-p.tst:279: operator precedence: bitwise or and logical and
%%% FAILED: arith-p.tst:285: operator precedence: logical and and or
%%% FAILED: arith-p.tst:291: operator precedence: logical or and conditional
%%% FAILED: arith-p.tst:297: operator precedence: conditionals
%%% FAILED: arith-p.tst:303: operator precedence: assignments in conditionals
%%% FAILED: arith-p.tst:314: operator precedence: conditionals and assignments
%%% FAILED: arith-p.tst:325: operator precedence: assignments
%%% FAILED: arith-p.tst:334: parentheses
%%% FAILED: arith-p.tst:347: command substitution in arithmetic expansion
(see tests/posix/arith-p.trs for full diffs)
<end of output>
Test time =   5.00 sec
----------------------------------------------------------
Test Failed.
"posix/arith-p.tst" end time: Jul 24 10:31 CEST
"posix/arith-p.tst" time elapsed: 00:00:05
----------------------------------------------------------

20/136 Testing: posix/async-p.tst
20/136 Test: posix/async-p.tst
Command: "/usr/bin/sh" "tests/run-tst.sh" "/mnt/data/Projects/shish/build/x86_64-linux-debug/shish" "tests/posix" "async-p.tst"
Directory: /mnt/data/Projects/shish
"posix/async-p.tst" start time: Jul 24 10:31 CEST
Output:
----------------------------------------------------------
async-p.tst: 1/9 passed, 0 skipped
%%% FAILED: async-p.tst:18: asynchronous lists separated by ampersands
%%% FAILED: async-p.tst:27: asynchronous commands run asynchronously
%%% FAILED: async-p.tst:38: asynchronous command runs in subshell
%%% FAILED: async-p.tst:48: stdin of asynchronous list is null without job control
%%% FAILED: async-p.tst:57: stdin of asynchronous list is null even if already redirected
%%% FAILED: async-p.tst:65: stdin of asynchronous list is null for first command only
%%% FAILED: async-p.tst:72: exit status of asynchronous list
%%% FAILED: async-p.tst:82: asynchronous and-or lists
(see tests/posix/async-p.trs for full diffs)
<end of output>
Test time =   2.37 sec
----------------------------------------------------------
Test Failed.
"posix/async-p.tst" end time: Jul 24 10:31 CEST
"posix/async-p.tst" time elapsed: 00:00:02
----------------------------------------------------------

21/136 Testing: posix/bg-p.tst
21/136 Test: posix/bg-p.tst
Command: "/usr/bin/sh" "tests/run-tst.sh" "/mnt/data/Projects/shish/build/x86_64-linux-debug/shish" "tests/posix" "bg-p.tst"
Directory: /mnt/data/Projects/shish
"posix/bg-p.tst" start time: Jul 24 10:31 CEST
Output:
----------------------------------------------------------
bg-p.tst: 0/11 passed, 11 skipped
<end of output>
Test time =   0.05 sec
----------------------------------------------------------
Test Passed.
"posix/bg-p.tst" end time: Jul 24 10:31 CEST
"posix/bg-p.tst" time elapsed: 00:00:00
----------------------------------------------------------

22/136 Testing: posix/break-p.tst
22/136 Test: posix/break-p.tst
Command: "/usr/bin/sh" "tests/run-tst.sh" "/mnt/data/Projects/shish/build/x86_64-linux-debug/shish" "tests/posix" "break-p.tst"
Directory: /mnt/data/Projects/shish
"posix/break-p.tst" start time: Jul 24 10:31 CEST
Output:
----------------------------------------------------------
break-p.tst: 23/32 passed, 0 skipped
%%% FAILED: break-p.tst:17: breaking one while loop, unnested
%%% FAILED: break-p.tst:29: breaking one until loop, unnested
%%% FAILED: break-p.tst:91: breaking one while loop, nested in while loop
%%% FAILED: break-p.tst:117: breaking one while loop, nested in until loop
%%% FAILED: break-p.tst:143: breaking one until loop, nested in until loop
%%% FAILED: break-p.tst:213: breaking for and while loops, outermost
%%% FAILED: break-p.tst:232: breaking two while loops, outermost
%%% FAILED: break-p.tst:251: breaking while and until loops, outermost
%%% FAILED: break-p.tst:354: zero operand
(see tests/posix/break-p.trs for full diffs)
<end of output>
Test time =   3.75 sec
----------------------------------------------------------
Test Failed.
"posix/break-p.tst" end time: Jul 24 10:31 CEST
"posix/break-p.tst" time elapsed: 00:00:03
----------------------------------------------------------

23/136 Testing: posix/builtins-p.tst
23/136 Test: posix/builtins-p.tst
Command: "/usr/bin/sh" "tests/run-tst.sh" "/mnt/data/Projects/shish/build/x86_64-linux-debug/shish" "tests/posix" "builtins-p.tst"
Directory: /mnt/data/Projects/shish
"posix/builtins-p.tst" start time: Jul 24 10:31 CEST
Output:
----------------------------------------------------------
builtins-p.tst: 69/81 passed, 0 skipped
%%% FAILED: builtins-p.tst:23: assignment on special built-in break is persistent
%%% FAILED: builtins-p.tst:33: assignment on special built-in continue is persistent
%%% FAILED: builtins-p.tst:51: assignment on special built-in exec is persistent
%%% FAILED: builtins-p.tst:110: assignment on special built-in trap is persistent
%%% FAILED: builtins-p.tst:136: function cannot override special built-in break
%%% FAILED: builtins-p.tst:143: function cannot override special built-in continue
%%% FAILED: builtins-p.tst:191: function cannot override special built-in times
%%% FAILED: builtins-p.tst:196: function cannot override special built-in trap
%%% FAILED: builtins-p.tst:298: special built-in times can be invoked without $PATH
%%% FAILED: builtins-p.tst:302: special built-in trap can be invoked without $PATH
%%% FAILED: builtins-p.tst:340: intrinsic built-in getopts can be invoked without $PATH
%%% FAILED: builtins-p.tst:383: intrinsic built-in unalias can be invoked without $PATH
(see tests/posix/builtins-p.trs for full diffs)
<end of output>
Test time =   0.66 sec
----------------------------------------------------------
Test Failed.
"posix/builtins-p.tst" end time: Jul 24 10:31 CEST
"posix/builtins-p.tst" time elapsed: 00:00:00
----------------------------------------------------------

24/136 Testing: posix/case-p.tst
24/136 Test: posix/case-p.tst
Command: "/usr/bin/sh" "tests/run-tst.sh" "/mnt/data/Projects/shish/build/x86_64-linux-debug/shish" "tests/posix" "case-p.tst"
Directory: /mnt/data/Projects/shish
"posix/case-p.tst" start time: Jul 24 10:31 CEST
Output:
----------------------------------------------------------
case-p.tst: 29/52 passed, 0 skipped
%%% FAILED: case-p.tst:5: case word is subject to tilde expansion
%%% FAILED: case-p.tst:62: case pattern is subject to tilde expansion
%%% FAILED: case-p.tst:105: backslashes arising from expansion in case pattern
%%% FAILED: case-p.tst:178: exit status of case command (unmatched, empty)
%%% FAILED: case-p.tst:220: linebreak after word
%%% FAILED: case-p.tst:258: & before ;;
%%% FAILED: case-p.tst:315: reserved word ! as pattern
%%% FAILED: case-p.tst:316: reserved word { as pattern
%%% FAILED: case-p.tst:317: reserved word } as pattern
%%% FAILED: case-p.tst:318: reserved word [[ as pattern
%%% FAILED: case-p.tst:320: reserved word case as pattern
%%% FAILED: case-p.tst:321: reserved word do as pattern
%%% FAILED: case-p.tst:322: reserved word done as pattern
%%% FAILED: case-p.tst:323: reserved word elif as pattern
%%% FAILED: case-p.tst:324: reserved word else as pattern
%%% FAILED: case-p.tst:326: reserved word fi as pattern
%%% FAILED: case-p.tst:327: reserved word for as pattern
%%% FAILED: case-p.tst:329: reserved word if as pattern
%%% FAILED: case-p.tst:330: reserved word in as pattern
%%% FAILED: case-p.tst:332: reserved word then as pattern
%%% FAILED: case-p.tst:333: reserved word until as pattern
%%% FAILED: case-p.tst:334: reserved word while as pattern
%%% FAILED: case-p.tst:336: reserved word esac as (non-first) pattern
(see tests/posix/case-p.trs for full diffs)
<end of output>
Test time =  20.97 sec
----------------------------------------------------------
Test Failed.
"posix/case-p.tst" end time: Jul 24 10:32 CEST
"posix/case-p.tst" time elapsed: 00:00:20
----------------------------------------------------------

25/136 Testing: posix/cd-p.tst
25/136 Test: posix/cd-p.tst
Command: "/usr/bin/sh" "tests/run-tst.sh" "/mnt/data/Projects/shish/build/x86_64-linux-debug/shish" "tests/posix" "cd-p.tst"
Directory: /mnt/data/Projects/shish
"posix/cd-p.tst" start time: Jul 24 10:32 CEST
Output:
----------------------------------------------------------
cd-p.tst: 17/39 passed, 0 skipped
%%% FAILED: cd-p.tst:65: found in last cd path (-L)
%%% FAILED: cd-p.tst:77: found in last cd path (-P)
%%% FAILED: cd-p.tst:89: found in empty cd path (-L)
%%% FAILED: cd-p.tst:100: found in empty cd path (-P)
%%% FAILED: cd-p.tst:111: found in dot cd path (-L)
%%% FAILED: cd-p.tst:123: found in dot cd path (-P)
%%% FAILED: cd-p.tst:157: found not in any cd path, but in PWD (-L)
%%% FAILED: cd-p.tst:168: found not in any cd path, but in PWD (-P)
%%% FAILED: cd-p.tst:199: cd paths are ignored for operand starting with dot (-L)
%%% FAILED: cd-p.tst:210: cd paths are ignored for operand starting with dot (-P)
%%% FAILED: cd-p.tst:221: cd paths are ignored for operand starting with dot-dot (-L)
%%% FAILED: cd-p.tst:234: cd paths are ignored for operand starting with dot-dot (-P)
%%% FAILED: cd-p.tst:293: non-directory file in operand component (-L)
%%% FAILED: cd-p.tst:297: non-directory file in operand component (-P)
%%% FAILED: cd-p.tst:301: non-existing file in operand component (-L)
%%% FAILED: cd-p.tst:305: non-existing file in operand component (-P)
%%% FAILED: cd-p.tst:309: target pathname is canonicalized (-L)
%%% FAILED: cd-p.tst:343: default option is -L
%%% FAILED: cd-p.tst:354: the last option wins (-L)
%%% FAILED: cd-p.tst:392: hyphen operand means OLDPWD (-L)
%%% FAILED: cd-p.tst:403: hyphen operand means OLDPWD (-P)
%%% FAILED: cd-p.tst:414: OLDPWD is set to old PWD (-L)
(see tests/posix/cd-p.trs for full diffs)
<end of output>
Test time =   0.35 sec
----------------------------------------------------------
Test Failed.
"posix/cd-p.tst" end time: Jul 24 10:32 CEST
"posix/cd-p.tst" time elapsed: 00:00:00
----------------------------------------------------------

26/136 Testing: posix/cmdsub-p.tst
26/136 Test: posix/cmdsub-p.tst
Command: "/usr/bin/sh" "tests/run-tst.sh" "/mnt/data/Projects/shish/build/x86_64-linux-debug/shish" "tests/posix" "cmdsub-p.tst"
Directory: /mnt/data/Projects/shish
"posix/cmdsub-p.tst" start time: Jul 24 10:32 CEST
Output:
----------------------------------------------------------
cmdsub-p.tst: 14/21 passed, 0 skipped
%%% FAILED: cmdsub-p.tst:33: stdin is not redirected
%%% FAILED: cmdsub-p.tst:79: quotations in backquotes in double quotes
%%% FAILED: cmdsub-p.tst:95: quotations in backquotes in here-document
%%% FAILED: cmdsub-p.tst:139: command substitution between here-document operator and body
%%% FAILED: cmdsub-p.tst:168: pathname expansion on result of command substitution
%%% FAILED: cmdsub-p.tst:186: ambiguity with arithmetic expansion, missing many )s
%%% FAILED: cmdsub-p.tst:198: ambiguity with arithmetic expansion, missing one )
(see tests/posix/cmdsub-p.trs for full diffs)
<end of output>
Test time =   0.31 sec
----------------------------------------------------------
Test Failed.
"posix/cmdsub-p.tst" end time: Jul 24 10:32 CEST
"posix/cmdsub-p.tst" time elapsed: 00:00:00
----------------------------------------------------------

27/136 Testing: posix/command-p.tst
27/136 Test: posix/command-p.tst
Command: "/usr/bin/sh" "tests/run-tst.sh" "/mnt/data/Projects/shish/build/x86_64-linux-debug/shish" "tests/posix" "command-p.tst"
Directory: /mnt/data/Projects/shish
"posix/command-p.tst" start time: Jul 24 10:32 CEST
Output:
----------------------------------------------------------
command-p.tst: 21/49 passed, 0 skipped
%%% FAILED: command-p.tst:42: command exec retains redirection
%%% FAILED: command-p.tst:60: executing with standard path
%%% FAILED: command-p.tst:70: describing reserved word ! (-v)
%%% FAILED: command-p.tst:76: describing reserved word { (-v)
%%% FAILED: command-p.tst:82: describing reserved word } (-v)
%%% FAILED: command-p.tst:88: describing reserved word case (-v)
%%% FAILED: command-p.tst:94: describing reserved word do (-v)
%%% FAILED: command-p.tst:100: describing reserved word done (-v)
%%% FAILED: command-p.tst:106: describing reserved word elif (-v)
%%% FAILED: command-p.tst:112: describing reserved word else (-v)
%%% FAILED: command-p.tst:118: describing reserved word esac (-v)
%%% FAILED: command-p.tst:124: describing reserved word fi (-v)
%%% FAILED: command-p.tst:130: describing reserved word for (-v)
%%% FAILED: command-p.tst:136: describing reserved word if (-v)
%%% FAILED: command-p.tst:142: describing reserved word in (-v)
%%% FAILED: command-p.tst:148: describing reserved word then (-v)
%%% FAILED: command-p.tst:154: describing reserved word until (-v)
%%% FAILED: command-p.tst:160: describing reserved word while (-v)
%%% FAILED: command-p.tst:188: output of describing regular built-in (-v)
%%% FAILED: command-p.tst:192: output of describing regular built-in (-V)
%%% FAILED: command-p.tst:204: output of describing external command (-v, no slash)
%%% FAILED: command-p.tst:208: output of describing external command (-V, no slash)
%%% FAILED: command-p.tst:223: output of describing external command (-v, with slash)
%%% FAILED: command-p.tst:227: output of describing external command (-V, with slash)
%%% FAILED: command-p.tst:243: describing alias (-v)
%%% FAILED: command-p.tst:253: describing alias (-V)
%%% FAILED: command-p.tst:265: describing non-existent command (-v)
%%% FAILED: command-p.tst:287: executing non-existent command
(see tests/posix/command-p.trs for full diffs)
<end of output>
Test time =   0.42 sec
----------------------------------------------------------
Test Failed.
"posix/command-p.tst" end time: Jul 24 10:32 CEST
"posix/command-p.tst" time elapsed: 00:00:00
----------------------------------------------------------

28/136 Testing: posix/comment-p.tst
28/136 Test: posix/comment-p.tst
Command: "/usr/bin/sh" "tests/run-tst.sh" "/mnt/data/Projects/shish/build/x86_64-linux-debug/shish" "tests/posix" "comment-p.tst"
Directory: /mnt/data/Projects/shish
"posix/comment-p.tst" start time: Jul 24 10:32 CEST
Output:
----------------------------------------------------------
comment-p.tst: 10/15 passed, 0 skipped
%%% FAILED: comment-p.tst:16: comment ending with backslash
%%% FAILED: comment-p.tst:41: comment in pipeline
%%% FAILED: comment-p.tst:57: comment after (a)synchronous list
%%% FAILED: comment-p.tst:80: comment in for loop
%%% FAILED: comment-p.tst:92: comment in case statement
(see tests/posix/comment-p.trs for full diffs)
<end of output>
Test time =   2.44 sec
----------------------------------------------------------
Test Failed.
"posix/comment-p.tst" end time: Jul 24 10:32 CEST
"posix/comment-p.tst" time elapsed: 00:00:02
----------------------------------------------------------

29/136 Testing: posix/continue-p.tst
29/136 Test: posix/continue-p.tst
Command: "/usr/bin/sh" "tests/run-tst.sh" "/mnt/data/Projects/shish/build/x86_64-linux-debug/shish" "tests/posix" "continue-p.tst"
Directory: /mnt/data/Projects/shish
"posix/continue-p.tst" start time: Jul 24 10:32 CEST
Output:
----------------------------------------------------------
continue-p.tst: 30/31 passed, 0 skipped
%%% FAILED: continue-p.tst:408: zero operand
(see tests/posix/continue-p.trs for full diffs)
<end of output>
Test time =   0.29 sec
----------------------------------------------------------
Test Failed.
"posix/continue-p.tst" end time: Jul 24 10:32 CEST
"posix/continue-p.tst" time elapsed: 00:00:00
----------------------------------------------------------

30/136 Testing: posix/dot-p.tst
30/136 Test: posix/dot-p.tst
Command: "/usr/bin/sh" "tests/run-tst.sh" "/mnt/data/Projects/shish/build/x86_64-linux-debug/shish" "tests/posix" "dot-p.tst"
Directory: /mnt/data/Projects/shish
"posix/dot-p.tst" start time: Jul 24 10:32 CEST
Output:
----------------------------------------------------------
dot-p.tst: 9/14 passed, 0 skipped
%%% FAILED: dot-p.tst:20: empty dot script
%%% FAILED: dot-p.tst:52: dot script not found, in $PATH, non-interactive shell
%%% FAILED: dot-p.tst:70: dot script not found, in $PATH, interactive shell, no exiting
%%% FAILED: dot-p.tst:84: dot script not found, relative, non-interactive shell
%%% FAILED: dot-p.tst:100: dot script not found, relative, interactive shell, no exiting
(see tests/posix/dot-p.trs for full diffs)
<end of output>
Test time =   0.13 sec
----------------------------------------------------------
Test Failed.
"posix/dot-p.tst" end time: Jul 24 10:32 CEST
"posix/dot-p.tst" time elapsed: 00:00:00
----------------------------------------------------------

31/136 Testing: posix/errexit-p.tst
31/136 Test: posix/errexit-p.tst
Command: "/usr/bin/sh" "tests/run-tst.sh" "/mnt/data/Projects/shish/build/x86_64-linux-debug/shish" "tests/posix" "errexit-p.tst"
Directory: /mnt/data/Projects/shish
"posix/errexit-p.tst" start time: Jul 24 10:32 CEST
Output:
----------------------------------------------------------
errexit-p.tst: 35/53 passed, 0 skipped
%%% FAILED: errexit-p.tst:26: errexit: failed simple command
%%% FAILED: errexit-p.tst:38: errexit: independent redirection error
%%% FAILED: errexit-p.tst:43: noerrexit: redirection error on simple command
%%% FAILED: errexit-p.tst:50: errexit: redirection error on simple command
%%% FAILED: errexit-p.tst:76: errexit: last of pipeline
%%% FAILED: errexit-p.tst:118: errexit: finally failing and list
%%% FAILED: errexit-p.tst:172: errexit: all failing or list
%%% FAILED: errexit-p.tst:177: noerrexit: subshell
%%% FAILED: errexit-p.tst:189: errexit: subshell
%%% FAILED: errexit-p.tst:198: noerrexit: grouping
%%% FAILED: errexit-p.tst:210: errexit: grouping
%%% FAILED: errexit-p.tst:236: errexit: for loop body
%%% FAILED: errexit-p.tst:262: errexit: case body
%%% FAILED: errexit-p.tst:334: errexit: then body
%%% FAILED: errexit-p.tst:350: errexit: else body
%%% FAILED: errexit-p.tst:389: errexit: while body
%%% FAILED: errexit-p.tst:433: errexit: until body
%%% FAILED: errexit-p.tst:445: ignored failure in subshell
(see tests/posix/errexit-p.trs for full diffs)
<end of output>
Test time =   0.41 sec
----------------------------------------------------------
Test Failed.
"posix/errexit-p.tst" end time: Jul 24 10:32 CEST
"posix/errexit-p.tst" time elapsed: 00:00:00
----------------------------------------------------------

32/136 Testing: posix/error-p.tst
32/136 Test: posix/error-p.tst
Command: "/usr/bin/sh" "tests/run-tst.sh" "/mnt/data/Projects/shish/build/x86_64-linux-debug/shish" "tests/posix" "error-p.tst"
Directory: /mnt/data/Projects/shish
"posix/error-p.tst" start time: Jul 24 10:32 CEST
Output:
----------------------------------------------------------
error-p.tst: 6/212 passed, 0 skipped
%%% FAILED: error-p.tst:10: syntax error in eval kills non-interactive shell
%%% FAILED: error-p.tst:15: syntax error in subshell
%%% FAILED: error-p.tst:23: syntax error spares interactive shell
%%% FAILED: error-p.tst:36: expansion error in subshell
%%% FAILED: error-p.tst:45: expansion error spares interactive shell
%%% FAILED: error-p.tst:60: assignment error without command kills non-interactive shell
%%% FAILED: error-p.tst:66: assignment error without command in subshell
%%% FAILED: error-p.tst:75: assignment error without command spares interactive shell
%%% FAILED: error-p.tst:124: assignment error on command : kills non-interactive shell
%%% FAILED: error-p.tst:125: assignment error on command : in subshell
%%% FAILED: error-p.tst:126: assignment error on command : spares interactive shell
%%% FAILED: error-p.tst:127: assignment error on command . kills non-interactive shell
%%% FAILED: error-p.tst:128: assignment error on command . in subshell
%%% FAILED: error-p.tst:129: assignment error on command . spares interactive shell
%%% FAILED: error-p.tst:130: assignment error on command [ kills non-interactive shell
%%% FAILED: error-p.tst:131: assignment error on command [ in subshell
%%% FAILED: error-p.tst:132: assignment error on command [ spares interactive shell
%%% FAILED: error-p.tst:133: assignment error on command alias kills non-interactive shell
%%% FAILED: error-p.tst:134: assignment error on command alias in subshell
%%% FAILED: error-p.tst:135: assignment error on command alias spares interactive shell
%%% FAILED: error-p.tst:136: assignment error on command array kills non-interactive shell
%%% FAILED: error-p.tst:137: assignment error on command array in subshell
%%% FAILED: error-p.tst:138: assignment error on command array spares interactive shell
%%% FAILED: error-p.tst:139: assignment error on command bg kills non-interactive shell
%%% FAILED: error-p.tst:140: assignment error on command bg in subshell
%%% FAILED: error-p.tst:141: assignment error on command bg spares interactive shell
%%% FAILED: error-p.tst:142: assignment error on command bindkey kills non-interactive shell
%%% FAILED: error-p.tst:143: assignment error on command bindkey in subshell
%%% FAILED: error-p.tst:144: assignment error on command bindkey spares interactive shell
%%% FAILED: error-p.tst:145: assignment error on command break kills non-interactive shell
%%% FAILED: error-p.tst:146: assignment error on command break in subshell
%%% FAILED: error-p.tst:147: assignment error on command break spares interactive shell
%%% FAILED: error-p.tst:148: assignment error on command cat kills non-interactive shell
%%% FAILED: error-p.tst:149: assignment error on command cat in subshell
%%% FAILED: error-p.tst:150: assignment error on command cat spares interactive shell
%%% FAILED: error-p.tst:151: assignment error on command cd kills non-interactive shell
%%% FAILED: error-p.tst:152: assignment error on command cd in subshell
%%% FAILED: error-p.tst:153: assignment error on command cd spares interactive shell
%%% FAILED: error-p.tst:154: assignment error on command command kills non-interactive shell
%%% FAILED: error-p.tst:155: assignment error on command command in subshell
%%% FAILED: error-p.tst:156: assignment error on command command spares interactive shell
%%% FAILED: error-p.tst:157: assignment error on command complete kills non-interactive shell
%%% FAILED: error-p.tst:158: assignment error on command complete in subshell
%%% FAILED: error-p.tst:159: assignment error on command complete spares interactive shell
%%% FAILED: error-p.tst:160: assignment error on command continue kills non-interactive shell
%%% FAILED: error-p.tst:161: assignment error on command continue in subshell
%%% FAILED: error-p.tst:162: assignment error on command continue spares interactive shell
%%% FAILED: error-p.tst:163: assignment error on command dirs kills non-interactive shell
%%% FAILED: error-p.tst:164: assignment error on command dirs in subshell
%%% FAILED: error-p.tst:165: assignment error on command dirs spares interactive shell
%%% FAILED: error-p.tst:166: assignment error on command disown kills non-interactive shell
%%% FAILED: error-p.tst:167: assignment error on command disown in subshell
%%% FAILED: error-p.tst:168: assignment error on command disown spares interactive shell
%%% FAILED: error-p.tst:169: assignment error on command echo kills non-interactive shell
%%% FAILED: error-p.tst:170: assignment error on command echo in subshell
%%% FAILED: error-p.tst:171: assignment error on command echo spares interactive shell
%%% FAILED: error-p.tst:172: assignment error on command eval kills non-interactive shell
%%% FAILED: error-p.tst:173: assignment error on command eval in subshell
%%% FAILED: error-p.tst:174: assignment error on command eval spares interactive shell
%%% FAILED: error-p.tst:175: assignment error on command exec kills non-interactive shell
%%% FAILED: error-p.tst:176: assignment error on command exec in subshell
%%% FAILED: error-p.tst:177: assignment error on command exec spares interactive shell
%%% FAILED: error-p.tst:178: assignment error on command exit kills non-interactive shell
%%% FAILED: error-p.tst:179: assignment error on command exit in subshell
%%% FAILED: error-p.tst:180: assignment error on command exit spares interactive shell
%%% FAILED: error-p.tst:181: assignment error on command export kills non-interactive shell
%%% FAILED: error-p.tst:182: assignment error on command export in subshell
%%% FAILED: error-p.tst:183: assignment error on command export spares interactive shell
%%% FAILED: error-p.tst:184: assignment error on command false kills non-interactive shell
%%% FAILED: error-p.tst:185: assignment error on command false in subshell
%%% FAILED: error-p.tst:186: assignment error on command false spares interactive shell
%%% FAILED: error-p.tst:187: assignment error on command fc kills non-interactive shell
%%% FAILED: error-p.tst:188: assignment error on command fc in subshell
%%% FAILED: error-p.tst:189: assignment error on command fc spares interactive shell
%%% FAILED: error-p.tst:190: assignment error on command fg kills non-interactive shell
%%% FAILED: error-p.tst:191: assignment error on command fg in subshell
%%% FAILED: error-p.tst:192: assignment error on command fg spares interactive shell
%%% FAILED: error-p.tst:193: assignment error on command getopts kills non-interactive shell
%%% FAILED: error-p.tst:194: assignment error on command getopts in subshell
%%% FAILED: error-p.tst:195: assignment error on command getopts spares interactive shell
%%% FAILED: error-p.tst:196: assignment error on command hash kills non-interactive shell
%%% FAILED: error-p.tst:197: assignment error on command hash in subshell
%%% FAILED: error-p.tst:198: assignment error on command hash spares interactive shell
%%% FAILED: error-p.tst:199: assignment error on command help kills non-interactive shell
%%% FAILED: error-p.tst:200: assignment error on command help in subshell
%%% FAILED: error-p.tst:201: assignment error on command help spares interactive shell
%%% FAILED: error-p.tst:202: assignment error on command history kills non-interactive shell
%%% FAILED: error-p.tst:203: assignment error on command history in subshell
%%% FAILED: error-p.tst:204: assignment error on command history spares interactive shell
%%% FAILED: error-p.tst:205: assignment error on command jobs kills non-interactive shell
%%% FAILED: error-p.tst:206: assignment error on command jobs in subshell
%%% FAILED: error-p.tst:207: assignment error on command jobs spares interactive shell
%%% FAILED: error-p.tst:208: assignment error on command kill kills non-interactive shell
%%% FAILED: error-p.tst:209: assignment error on command kill in subshell
%%% FAILED: error-p.tst:210: assignment error on command kill spares interactive shell
%%% FAILED: error-p.tst:211: assignment error on command popd kills non-interactive shell
%%% FAILED: error-p.tst:212: assignment error on command popd in subshell
%%% FAILED: error-p.tst:213: assignment error on command popd spares interactive shell
%%% FAILED: error-p.tst:214: assignment error on command printf kills non-interactive shell
%%% FAILED: error-p.tst:215: assignment error on command printf in subshell
%%% FAILED: error-p.tst:216: assignment error on command printf spares interactive shell
%%% FAILED: error-p.tst:217: assignment error on command pushd kills non-interactive shell
%%% FAILED: error-p.tst:218: assignment error on command pushd in subshell
%%% FAILED: error-p.tst:219: assignment error on command pushd spares interactive shell
%%% FAILED: error-p.tst:220: assignment error on command pwd kills non-interactive shell
%%% FAILED: error-p.tst:221: assignment error on command pwd in subshell
%%% FAILED: error-p.tst:222: assignment error on command pwd spares interactive shell
%%% FAILED: error-p.tst:223: assignment error on command read kills non-interactive shell
%%% FAILED: error-p.tst:224: assignment error on command read in subshell
%%% FAILED: error-p.tst:225: assignment error on command read spares interactive shell
%%% FAILED: error-p.tst:226: assignment error on command readonly kills non-interactive shell
%%% FAILED: error-p.tst:227: assignment error on command readonly in subshell
%%% FAILED: error-p.tst:228: assignment error on command readonly spares interactive shell
%%% FAILED: error-p.tst:229: assignment error on command return kills non-interactive shell
%%% FAILED: error-p.tst:230: assignment error on command return in subshell
%%% FAILED: error-p.tst:231: assignment error on command return spares interactive shell
%%% FAILED: error-p.tst:232: assignment error on command set kills non-interactive shell
%%% FAILED: error-p.tst:233: assignment error on command set in subshell
%%% FAILED: error-p.tst:234: assignment error on command set spares interactive shell
%%% FAILED: error-p.tst:235: assignment error on command shift kills non-interactive shell
%%% FAILED: error-p.tst:236: assignment error on command shift in subshell
%%% FAILED: error-p.tst:237: assignment error on command shift spares interactive shell
%%% FAILED: error-p.tst:238: assignment error on command suspend kills non-interactive shell
%%% FAILED: error-p.tst:239: assignment error on command suspend in subshell
%%% FAILED: error-p.tst:240: assignment error on command suspend spares interactive shell
%%% FAILED: error-p.tst:241: assignment error on command test kills non-interactive shell
%%% FAILED: error-p.tst:242: assignment error on command test in subshell
%%% FAILED: error-p.tst:243: assignment error on command test spares interactive shell
%%% FAILED: error-p.tst:244: assignment error on command times kills non-interactive shell
%%% FAILED: error-p.tst:245: assignment error on command times in subshell
%%% FAILED: error-p.tst:246: assignment error on command times spares interactive shell
%%% FAILED: error-p.tst:247: assignment error on command trap kills non-interactive shell
%%% FAILED: error-p.tst:248: assignment error on command trap in subshell
%%% FAILED: error-p.tst:249: assignment error on command trap spares interactive shell
%%% FAILED: error-p.tst:250: assignment error on command true kills non-interactive shell
%%% FAILED: error-p.tst:251: assignment error on command true in subshell
%%% FAILED: error-p.tst:252: assignment error on command true spares interactive shell
%%% FAILED: error-p.tst:253: assignment error on command type kills non-interactive shell
%%% FAILED: error-p.tst:254: assignment error on command type in subshell
%%% FAILED: error-p.tst:255: assignment error on command type spares interactive shell
%%% FAILED: error-p.tst:256: assignment error on command typeset kills non-interactive shell
%%% FAILED: error-p.tst:257: assignment error on command typeset in subshell
%%% FAILED: error-p.tst:258: assignment error on command typeset spares interactive shell
%%% FAILED: error-p.tst:259: assignment error on command ulimit kills non-interactive shell
%%% FAILED: error-p.tst:260: assignment error on command ulimit in subshell
%%% FAILED: error-p.tst:261: assignment error on command ulimit spares interactive shell
%%% FAILED: error-p.tst:262: assignment error on command umask kills non-interactive shell
%%% FAILED: error-p.tst:263: assignment error on command umask in subshell
%%% FAILED: error-p.tst:264: assignment error on command umask spares interactive shell
%%% FAILED: error-p.tst:265: assignment error on command unalias kills non-interactive shell
%%% FAILED: error-p.tst:266: assignment error on command unalias in subshell
%%% FAILED: error-p.tst:267: assignment error on command unalias spares interactive shell
%%% FAILED: error-p.tst:268: assignment error on command unset kills non-interactive shell
%%% FAILED: error-p.tst:269: assignment error on command unset in subshell
%%% FAILED: error-p.tst:270: assignment error on command unset spares interactive shell
%%% FAILED: error-p.tst:271: assignment error on command wait kills non-interactive shell
%%% FAILED: error-p.tst:272: assignment error on command wait in subshell
%%% FAILED: error-p.tst:273: assignment error on command wait spares interactive shell
%%% FAILED: error-p.tst:274: assignment error on command ./_no_such_command_ kills non-interactive shell
%%% FAILED: error-p.tst:275: assignment error on command ./_no_such_command_ in subshell
%%% FAILED: error-p.tst:276: assignment error on command ./_no_such_command_ spares interactive shell
%%% FAILED: error-p.tst:316: redirection error on special built-in : kills non-interactive shell
%%% FAILED: error-p.tst:317: redirection error on special built-in : in subshell
%%% FAILED: error-p.tst:318: redirection error on special built-in : spares interactive shell
%%% FAILED: error-p.tst:319: redirection error on special built-in . kills non-interactive shell
%%% FAILED: error-p.tst:320: redirection error on special built-in . in subshell
%%% FAILED: error-p.tst:321: redirection error on special built-in . spares interactive shell
%%% FAILED: error-p.tst:322: redirection error on special built-in break kills non-interactive shell
%%% FAILED: error-p.tst:323: redirection error on special built-in break in subshell
%%% FAILED: error-p.tst:324: redirection error on special built-in break spares interactive shell
%%% FAILED: error-p.tst:325: redirection error on special built-in continue kills non-interactive shell
%%% FAILED: error-p.tst:326: redirection error on special built-in continue in subshell
%%% FAILED: error-p.tst:327: redirection error on special built-in continue spares interactive shell
%%% FAILED: error-p.tst:328: redirection error on special built-in eval kills non-interactive shell
[...]
%%% FAILED: test-p.tst:190: test -r unreadablelink
%%% FAILED: test-p.tst:192: test -r dir
%%% FAILED: test-p.tst:193: test -r dirlink
%%% FAILED: test-p.tst:194: test -r ./_no_such_file_
%%% FAILED: test-p.tst:195: test -r brokenlink
%%% FAILED: test-p.tst:197: test -S
%%% FAILED: test-p.tst:199: test -S file
%%% FAILED: test-p.tst:200: test -S filelink
%%% FAILED: test-p.tst:201: test -S dir
%%% FAILED: test-p.tst:202: test -S dirlink
%%% FAILED: test-p.tst:203: test -S ./_no_such_file_
%%% FAILED: test-p.tst:204: test -S brokenlink
%%% FAILED: test-p.tst:206: test -s
%%% FAILED: test-p.tst:207: test -s oneline
%%% FAILED: test-p.tst:208: test -s onelinelink
%%% FAILED: test-p.tst:209: test -s nonempty
%%% FAILED: test-p.tst:210: test -s nonemptylink
%%% FAILED: test-p.tst:211: test -s file
%%% FAILED: test-p.tst:212: test -s filelink
%%% FAILED: test-p.tst:213: test -s ./_no_such_file_
%%% FAILED: test-p.tst:214: test -s brokenlink
%%% FAILED: test-p.tst:216: test -t
%%% FAILED: test-p.tst:219: test -u
%%% FAILED: test-p.tst:220: test -u setuserid
%%% FAILED: test-p.tst:221: test -u setuseridlink
%%% FAILED: test-p.tst:222: test -u file
%%% FAILED: test-p.tst:223: test -u filelink
%%% FAILED: test-p.tst:224: test -u dir
%%% FAILED: test-p.tst:225: test -u dirlink
%%% FAILED: test-p.tst:226: test -u ./_no_such_file_
%%% FAILED: test-p.tst:227: test -u brokenlink
%%% FAILED: test-p.tst:229: test -w
%%% FAILED: test-p.tst:230: test -w file
%%% FAILED: test-p.tst:231: test -w filelink
%%% FAILED: test-p.tst:236: test -w unwritable
%%% FAILED: test-p.tst:242: test -w unwritablelink
%%% FAILED: test-p.tst:244: test -w dir
%%% FAILED: test-p.tst:245: test -w dirlink
%%% FAILED: test-p.tst:246: test -w ./_no_such_file_
%%% FAILED: test-p.tst:247: test -w brokenlink
%%% FAILED: test-p.tst:249: test -x
%%% FAILED: test-p.tst:250: test -x executable
%%% FAILED: test-p.tst:251: test -x executablelink
%%% FAILED: test-p.tst:256: test -x unexecutable
%%% FAILED: test-p.tst:262: test -x unexecutableln
%%% FAILED: test-p.tst:264: test -x dir
%%% FAILED: test-p.tst:265: test -x dirlink
%%% FAILED: test-p.tst:266: test -x ./_no_such_file_
%%% FAILED: test-p.tst:267: test -x brokenlink
%%% FAILED: test-p.tst:269: test -z
%%% FAILED: test-p.tst:270: test -z 
%%% FAILED: test-p.tst:271: test -z .
%%% FAILED: test-p.tst:272: test -z ..
%%% FAILED: test-p.tst:273: test -z ...
%%% FAILED: test-p.tst:274: test -z A
%%% FAILED: test-p.tst:275: test -z xyz
%%% FAILED: test-p.tst:277: test  = 
%%% FAILED: test-p.tst:278: test 1 = 1
%%% FAILED: test-p.tst:279: test abcde = abcde
%%% FAILED: test-p.tst:280: test 0 = 1
%%% FAILED: test-p.tst:281: test abcde = 12345
%%% FAILED: test-p.tst:282: test ! = !
%%% FAILED: test-p.tst:283: test = = =
%%% FAILED: test-p.tst:284: test ( = )
%%% FAILED: test-p.tst:286: test  != 
%%% FAILED: test-p.tst:287: test 1 != 1
%%% FAILED: test-p.tst:288: test abcde != abcde
%%% FAILED: test-p.tst:289: test 0 != 1
%%% FAILED: test-p.tst:290: test abcde != 12345
%%% FAILED: test-p.tst:291: test ! != !
%%% FAILED: test-p.tst:292: test != != !=
%%% FAILED: test-p.tst:293: test ( != )
%%% FAILED: test-p.tst:295: test -3 -eq -3
%%% FAILED: test-p.tst:296: test 90 -eq 90
%%% FAILED: test-p.tst:297: test 0 -eq 0
%%% FAILED: test-p.tst:298: test -3 -eq 90
%%% FAILED: test-p.tst:299: test -3 -eq 0
%%% FAILED: test-p.tst:300: test 90 -eq 0
%%% FAILED: test-p.tst:302: test -3 -ne -3
%%% FAILED: test-p.tst:303: test 90 -ne 90
%%% FAILED: test-p.tst:304: test 0 -ne 0
%%% FAILED: test-p.tst:305: test -3 -ne 90
%%% FAILED: test-p.tst:306: test -3 -ne 0
%%% FAILED: test-p.tst:307: test 90 -ne 0
%%% FAILED: test-p.tst:309: test -3 -gt -3
%%% FAILED: test-p.tst:310: test -3 -gt 0
%%% FAILED: test-p.tst:311: test 0 -gt 90
%%% FAILED: test-p.tst:312: test 0 -gt -3
%%% FAILED: test-p.tst:313: test 90 -gt -3
%%% FAILED: test-p.tst:314: test 0 -gt 0
%%% FAILED: test-p.tst:316: test -3 -ge -3
%%% FAILED: test-p.tst:317: test -3 -ge 0
%%% FAILED: test-p.tst:318: test 0 -ge 90
%%% FAILED: test-p.tst:319: test 0 -ge -3
%%% FAILED: test-p.tst:320: test 90 -ge -3
%%% FAILED: test-p.tst:321: test 0 -ge 0
%%% FAILED: test-p.tst:323: test -3 -lt -3
%%% FAILED: test-p.tst:324: test -3 -lt 0
%%% FAILED: test-p.tst:325: test 0 -lt 90
%%% FAILED: test-p.tst:326: test 0 -lt -3
%%% FAILED: test-p.tst:327: test 90 -lt -3
%%% FAILED: test-p.tst:328: test 0 -lt 0
%%% FAILED: test-p.tst:330: test -3 -le -3
%%% FAILED: test-p.tst:331: test -3 -le 0
%%% FAILED: test-p.tst:332: test 0 -le 90
%%% FAILED: test-p.tst:333: test 0 -le -3
%%% FAILED: test-p.tst:334: test 90 -le -3
%%% FAILED: test-p.tst:335: test 0 -le 0
%%% FAILED: test-p.tst:337: test  -a 
%%% FAILED: test-p.tst:338: test  -a 1
%%% FAILED: test-p.tst:339: test 1 -a 
%%% FAILED: test-p.tst:340: test 1 -a 1
%%% FAILED: test-p.tst:342: test  -o 
%%% FAILED: test-p.tst:343: test  -o 1
%%% FAILED: test-p.tst:344: test 1 -o 
%%% FAILED: test-p.tst:345: test 1 -o 1
%%% FAILED: test-p.tst:347: test  -a 1 -o 1
%%% FAILED: test-p.tst:348: test 1 -o 1 -a 
%%% FAILED: test-p.tst:350: test !
%%% FAILED: test-p.tst:351: test ! 
%%% FAILED: test-p.tst:352: test ! A
%%% FAILED: test-p.tst:353: test ! X
%%% FAILED: test-p.tst:354: test ! ABC
%%% FAILED: test-p.tst:355: test ! xyz
%%% FAILED: test-p.tst:356: test ! -f file
%%% FAILED: test-p.tst:357: test ! -f dir
%%% FAILED: test-p.tst:358: test ! -d file
%%% FAILED: test-p.tst:359: test ! -d dir
%%% FAILED: test-p.tst:360: test ! -n 
%%% FAILED: test-p.tst:361: test ! -n .
%%% FAILED: test-p.tst:362: test !  -a 
%%% FAILED: test-p.tst:363: test ! 0 -a 
%%% FAILED: test-p.tst:364: test ! a = a
%%% FAILED: test-p.tst:365: test ! ! -n 
%%% FAILED: test-p.tst:366: test ! ! -n 1
%%% FAILED: test-p.tst:367: test ! ! ! 
%%% FAILED: test-p.tst:368: test ! ! ! 1
%%% FAILED: test-p.tst:370: test (  )
%%% FAILED: test-p.tst:371: test ( A )
%%% FAILED: test-p.tst:372: test ( xyz )
%%% FAILED: test-p.tst:373: test ( 12345 = 12345 )
%%% FAILED: test-p.tst:374: test ( 12345 = abcde )
%%% FAILED: test-p.tst:375: test ( ( 12345 = 12345 ) )
%%% FAILED: test-p.tst:376: test ( ( 12345 = abcde ) )
%%% FAILED: test-p.tst:377: test ( ! a = a )
%%% FAILED: test-p.tst:378: test ( ! a = b )
(see tests/posix/test-p.trs for full diffs)
<end of output>
Test time =   2.33 sec
----------------------------------------------------------
Test Failed.
"posix/test-p.tst" end time: Jul 24 10:39 CEST
"posix/test-p.tst" time elapsed: 00:00:02
----------------------------------------------------------

129/136 Testing: posix/testtty-p.tst
129/136 Test: posix/testtty-p.tst
Command: "/usr/bin/sh" "tests/run-tst.sh" "/mnt/data/Projects/shish/build/x86_64-linux-debug/shish" "tests/posix" "testtty-p.tst"
Directory: /mnt/data/Projects/shish
"posix/testtty-p.tst" start time: Jul 24 10:39 CEST
Output:
----------------------------------------------------------
testtty-p.tst: 0/9 passed, 9 skipped
<end of output>
Test time =   0.04 sec
----------------------------------------------------------
Test Passed.
"posix/testtty-p.tst" end time: Jul 24 10:39 CEST
"posix/testtty-p.tst" time elapsed: 00:00:00
----------------------------------------------------------

130/136 Testing: posix/tilde-p.tst
130/136 Test: posix/tilde-p.tst
Command: "/usr/bin/sh" "tests/run-tst.sh" "/mnt/data/Projects/shish/build/x86_64-linux-debug/shish" "tests/posix" "tilde-p.tst"
Directory: /mnt/data/Projects/shish
"posix/tilde-p.tst" start time: Jul 24 10:39 CEST
Output:
----------------------------------------------------------
tilde-p.tst: 8/29 passed, 0 skipped
%%% FAILED: tilde-p.tst:15: unnamed tilde expansion, end of word
%%% FAILED: tilde-p.tst:24: unnamed tilde expansion, followed by slash
%%% FAILED: tilde-p.tst:44: unnamed tilde expansion in assignment, end of word
%%% FAILED: tilde-p.tst:53: unnamed tilde expansion in assignment, followed by slash
%%% FAILED: tilde-p.tst:62: unnamed tilde expansion in assignment, followed by colon
%%% FAILED: tilde-p.tst:71: unnamed tilde expansion in assignment, following colon
%%% FAILED: tilde-p.tst:80: unnamed tilde expansion in assignment, between colon
%%% FAILED: tilde-p.tst:89: many unnamed tilde expansions in assignment
%%% FAILED: tilde-p.tst:134: named tilde expansion, end of word
%%% FAILED: tilde-p.tst:141: named tilde expansion, followed by slash
%%% FAILED: tilde-p.tst:162: named tilde expansion in assignment, end of word
%%% FAILED: tilde-p.tst:170: named tilde expansion in assignment, followed by slash
%%% FAILED: tilde-p.tst:178: named tilde expansion in assignment, followed by colon
%%% FAILED: tilde-p.tst:186: named tilde expansion in assignment, following colon
%%% FAILED: tilde-p.tst:194: named tilde expansion in assignment, between colon
%%% FAILED: tilde-p.tst:202: many named tilde expansions in assignment
%%% FAILED: tilde-p.tst:218: result of tilde expansion is not subject to field splitting
%%% FAILED: tilde-p.tst:225: result of tilde expansion is not subject to parameter expansion
%%% FAILED: tilde-p.tst:232: result of tilde expansion is not subject to command substitution
%%% FAILED: tilde-p.tst:239: result of tilde expansion is not subject to arithmetic expansion
%%% FAILED: tilde-p.tst:246: result of tilde expansion is not subject to pathname expansion
(see tests/posix/tilde-p.trs for full diffs)
<end of output>
Test time =   0.30 sec
----------------------------------------------------------
Test Failed.
"posix/tilde-p.tst" end time: Jul 24 10:39 CEST
"posix/tilde-p.tst" time elapsed: 00:00:00
----------------------------------------------------------

131/136 Testing: posix/trap-p.tst
131/136 Test: posix/trap-p.tst
Command: "/usr/bin/sh" "tests/run-tst.sh" "/mnt/data/Projects/shish/build/x86_64-linux-debug/shish" "tests/posix" "trap-p.tst"
Directory: /mnt/data/Projects/shish
"posix/trap-p.tst" start time: Jul 24 10:39 CEST
Output:
----------------------------------------------------------
trap-p.tst: 1/37 passed, 0 skipped
%%% FAILED: trap-p.tst:5: setting default trap
%%% FAILED: trap-p.tst:10: setting ignore trap
%%% FAILED: trap-p.tst:16: setting command trap
%%% FAILED: trap-p.tst:24: resetting to default trap
%%% FAILED: trap-p.tst:30: specifying multiple signals
%%% FAILED: trap-p.tst:50: specifying signal by number (HUP)
%%% FAILED: trap-p.tst:51: specifying signal by number (INT)
%%% FAILED: trap-p.tst:52: specifying signal by number (QUIT)
%%% FAILED: trap-p.tst:53: specifying signal by number (ABRT)
%%% FAILED: trap-p.tst:55: specifying signal by number (ALRM)
%%% FAILED: trap-p.tst:56: specifying signal by number (TERM)
%%% FAILED: trap-p.tst:58: initial numeric operand implies default trap (first operand)
%%% FAILED: trap-p.tst:64: initial numeric operand implies default trap (second operand)
%%% FAILED: trap-p.tst:70: setting trap for EXIT (EOF)
%%% FAILED: trap-p.tst:78: setting trap for EXIT (exit built-in)
%%% FAILED: trap-p.tst:85: exit status of succeeding subshell in signal trap
%%% FAILED: trap-p.tst:91: exit status of failing subshell in signal trap
%%% FAILED: trap-p.tst:97: exit status of succeeding subshell in EXIT
%%% FAILED: trap-p.tst:104: exit status of failing subshell in EXIT
%%% FAILED: trap-p.tst:110: fatal shell error in trap
%%% FAILED: trap-p.tst:116: $? is restored after trap is executed
%%% FAILED: trap-p.tst:124: trap command is not affected by assignment in same simple command
%%% FAILED: trap-p.tst:131: trap command is not affected by assignment for calling function
%%% FAILED: trap-p.tst:138: trap command is not affected by redirections effective when set (1)
%%% FAILED: trap-p.tst:144: trap command is not affected by redirections effective when set (2)
%%% FAILED: trap-p.tst:150: trap command is not affected by redirections effective when set (3)
%%% FAILED: trap-p.tst:156: trap command is not affected by redirections effective when set (4)
%%% FAILED: trap-p.tst:162: trap command in subshell is affected by outer redirections
%%% FAILED: trap-p.tst:166: command is evaluated each time trap is executed
%%% FAILED: trap-p.tst:177: traps are not handled until foreground job finishes
%%% FAILED: trap-p.tst:188: single trap may be invoked more than once
%%% FAILED: trap-p.tst:199: setting new trap in trap
%%% FAILED: trap-p.tst:208: setting new EXIT in subshell in EXIT
%%% FAILED: trap-p.tst:214: printing traps
%%% FAILED: trap-p.tst:224: traps are printed even in command substitution
%%% FAILED: trap-p.tst:237: setting command trap that starts with hyphen
(see tests/posix/trap-p.trs for full diffs)
<end of output>
Test time =   0.48 sec
----------------------------------------------------------
Test Failed.
"posix/trap-p.tst" end time: Jul 24 10:39 CEST
"posix/trap-p.tst" time elapsed: 00:00:00
----------------------------------------------------------

132/136 Testing: posix/umask-p.tst
132/136 Test: posix/umask-p.tst
Command: "/usr/bin/sh" "tests/run-tst.sh" "/mnt/data/Projects/shish/build/x86_64-linux-debug/shish" "tests/posix" "umask-p.tst"
Directory: /mnt/data/Projects/shish
"posix/umask-p.tst" start time: Jul 24 10:39 CEST
Output:
----------------------------------------------------------
umask-p.tst: 27/83 passed, 0 skipped
%%% FAILED: umask-p.tst:69: symbolic operand u+
%%% FAILED: umask-p.tst:70: symbolic operand u+r
%%% FAILED: umask-p.tst:71: symbolic operand u+w
%%% FAILED: umask-p.tst:72: symbolic operand u+x
%%% FAILED: umask-p.tst:73: symbolic operand u+rw
%%% FAILED: umask-p.tst:74: symbolic operand u+xr
%%% FAILED: umask-p.tst:75: symbolic operand u+wx
%%% FAILED: umask-p.tst:76: symbolic operand u+xwr
%%% FAILED: umask-p.tst:78: symbolic operand g+
%%% FAILED: umask-p.tst:79: symbolic operand g+r
%%% FAILED: umask-p.tst:80: symbolic operand g+w
%%% FAILED: umask-p.tst:81: symbolic operand g+x
%%% FAILED: umask-p.tst:82: symbolic operand g+rw
%%% FAILED: umask-p.tst:83: symbolic operand g+xr
%%% FAILED: umask-p.tst:84: symbolic operand g+wx
%%% FAILED: umask-p.tst:85: symbolic operand g+xwr
%%% FAILED: umask-p.tst:87: symbolic operand o+
%%% FAILED: umask-p.tst:88: symbolic operand o+r
%%% FAILED: umask-p.tst:89: symbolic operand o+w
%%% FAILED: umask-p.tst:90: symbolic operand o+x
%%% FAILED: umask-p.tst:91: symbolic operand o+rw
%%% FAILED: umask-p.tst:92: symbolic operand o+xr
%%% FAILED: umask-p.tst:93: symbolic operand o+wx
%%% FAILED: umask-p.tst:94: symbolic operand o+xwr
%%% FAILED: umask-p.tst:97: symbolic operand a+r
%%% FAILED: umask-p.tst:98: symbolic operand a+w
%%% FAILED: umask-p.tst:99: symbolic operand a+x
%%% FAILED: umask-p.tst:100: symbolic operand a+rw
%%% FAILED: umask-p.tst:101: symbolic operand a+xr
%%% FAILED: umask-p.tst:102: symbolic operand a+wx
%%% FAILED: umask-p.tst:103: symbolic operand a+xwr
%%% FAILED: umask-p.tst:106: symbolic operand +r
%%% FAILED: umask-p.tst:107: symbolic operand +w
%%% FAILED: umask-p.tst:108: symbolic operand +x
%%% FAILED: umask-p.tst:109: symbolic operand +rw
%%% FAILED: umask-p.tst:110: symbolic operand +xr
%%% FAILED: umask-p.tst:111: symbolic operand +wx
%%% FAILED: umask-p.tst:112: symbolic operand +xwr
%%% FAILED: umask-p.tst:114: symbolic operand u=
%%% FAILED: umask-p.tst:115: symbolic operand u=r
%%% FAILED: umask-p.tst:116: symbolic operand u=w
%%% FAILED: umask-p.tst:117: symbolic operand u=x
%%% FAILED: umask-p.tst:118: symbolic operand u=rw
%%% FAILED: umask-p.tst:119: symbolic operand u=xr
%%% FAILED: umask-p.tst:120: symbolic operand u=wx
%%% FAILED: umask-p.tst:121: symbolic operand u=xwr
%%% FAILED: umask-p.tst:123: symbolic operand u=r+w
%%% FAILED: umask-p.tst:124: symbolic operand u+w=r
%%% FAILED: umask-p.tst:125: symbolic operand u+w=r+x
%%% FAILED: umask-p.tst:127: symbolic operand u=r+w,g=wx,o+xr
%%% FAILED: umask-p.tst:128: symbolic operand u=rwx,u-w
%%% FAILED: umask-p.tst:132: symbolic operand g=u
%%% FAILED: umask-p.tst:133: symbolic operand o=u
%%% FAILED: umask-p.tst:134: symbolic operand og=u
%%% FAILED: umask-p.tst:135: symbolic operand og=u
%%% FAILED: umask-p.tst:136: symbolic operand g+u,o+rwx-u
(see tests/posix/umask-p.trs for full diffs)
<end of output>
Test time =   0.79 sec
----------------------------------------------------------
Test Failed.
"posix/umask-p.tst" end time: Jul 24 10:39 CEST
"posix/umask-p.tst" time elapsed: 00:00:00
----------------------------------------------------------

133/136 Testing: posix/unset-p.tst
133/136 Test: posix/unset-p.tst
Command: "/usr/bin/sh" "tests/run-tst.sh" "/mnt/data/Projects/shish/build/x86_64-linux-debug/shish" "tests/posix" "unset-p.tst"
Directory: /mnt/data/Projects/shish
"posix/unset-p.tst" start time: Jul 24 10:39 CEST
Output:
----------------------------------------------------------
unset-p.tst: 6/12 passed, 0 skipped
%%% FAILED: unset-p.tst:37: only variable is deleted by default
%%% FAILED: unset-p.tst:63: deleting existing function (-f)
%%% FAILED: unset-p.tst:74: deleting non-existing function (-f)
%%% FAILED: unset-p.tst:84: deleting many functions (-f)
%%% FAILED: unset-p.tst:112: read-only variable cannot be deleted (default)
%%% FAILED: unset-p.tst:118: read-only variable cannot be deleted (-v)
(see tests/posix/unset-p.trs for full diffs)
<end of output>
Test time =   0.12 sec
----------------------------------------------------------
Test Failed.
"posix/unset-p.tst" end time: Jul 24 10:39 CEST
"posix/unset-p.tst" time elapsed: 00:00:00
----------------------------------------------------------

134/136 Testing: posix/until-p.tst
134/136 Test: posix/until-p.tst
Command: "/usr/bin/sh" "tests/run-tst.sh" "/mnt/data/Projects/shish/build/x86_64-linux-debug/shish" "tests/posix" "until-p.tst"
Directory: /mnt/data/Projects/shish
"posix/until-p.tst" start time: Jul 24 10:39 CEST
Output:
----------------------------------------------------------
until-p.tst: 12/16 passed, 0 skipped
%%% FAILED: until-p.tst:42: exit status of 1-round loop
%%% FAILED: until-p.tst:47: exit status of 2-round loop
%%% FAILED: until-p.tst:94: command ending with asynchronous command (condition)
%%% FAILED: until-p.tst:100: command ending with asynchronous command (body)
(see tests/posix/until-p.trs for full diffs)
<end of output>
Test time =   2.43 sec
----------------------------------------------------------
Test Failed.
"posix/until-p.tst" end time: Jul 24 10:39 CEST
"posix/until-p.tst" time elapsed: 00:00:02
----------------------------------------------------------

135/136 Testing: posix/wait-p.tst
135/136 Test: posix/wait-p.tst
Command: "/usr/bin/sh" "tests/run-tst.sh" "/mnt/data/Projects/shish/build/x86_64-linux-debug/shish" "tests/posix" "wait-p.tst"
Directory: /mnt/data/Projects/shish
"posix/wait-p.tst" start time: Jul 24 10:39 CEST
Output:
----------------------------------------------------------
wait-p.tst: 0/16 passed, 16 skipped
<end of output>
Test time =   0.05 sec
----------------------------------------------------------
Test Passed.
"posix/wait-p.tst" end time: Jul 24 10:39 CEST
"posix/wait-p.tst" time elapsed: 00:00:00
----------------------------------------------------------

136/136 Testing: posix/while-p.tst
136/136 Test: posix/while-p.tst
Command: "/usr/bin/sh" "tests/run-tst.sh" "/mnt/data/Projects/shish/build/x86_64-linux-debug/shish" "tests/posix" "while-p.tst"
Directory: /mnt/data/Projects/shish
"posix/while-p.tst" start time: Jul 24 10:39 CEST
Output:
----------------------------------------------------------
while-p.tst: 12/16 passed, 0 skipped
%%% FAILED: while-p.tst:42: exit status of 1-round loop
%%% FAILED: while-p.tst:47: exit status of 2-round loop
%%% FAILED: while-p.tst:94: command ending with asynchronous command (condition)
%%% FAILED: while-p.tst:100: command ending with asynchronous command (body)
(see tests/posix/while-p.trs for full diffs)
<end of output>
Test time =   2.42 sec
----------------------------------------------------------
Test Failed.
"posix/while-p.tst" end time: Jul 24 10:40 CEST
"posix/while-p.tst" time elapsed: 00:00:02
----------------------------------------------------------

End testing: Jul 24 10:40 CEST
