Start testing: Aug 08 20:48 CEST
----------------------------------------------------------
26/262 Testing: posix/arith-p.tst
26/262 Test: posix/arith-p.tst
Command: "/usr/bin/sh" "tests/run-tst.sh" "/home/roman/Projects/shish/build/x86_64-linux-gnu/shish" "tests/posix" "arith-p.tst"
Directory: /home/roman/Projects/shish
"posix/arith-p.tst" start time: Aug 08 20:48 CEST
Output:
----------------------------------------------------------
arith-p.tst: 42/43 passed, 0 skipped
%%% FAILED: arith-p.tst:165: assigning to read-only variable
(see tests/posix/arith-p.trs for full diffs)
<end of output>
Test time =   0.34 sec
----------------------------------------------------------
Test Failed.
"posix/arith-p.tst" end time: Aug 08 20:48 CEST
"posix/arith-p.tst" time elapsed: 00:00:00
----------------------------------------------------------

252/262 Testing: yash/test2-y.tst
252/262 Test: yash/test2-y.tst
Command: "/usr/bin/sh" "tests/run-tst.sh" "/home/roman/Projects/shish/build/x86_64-linux-gnu/shish" "tests/yash" "test2-y.tst"
Directory: /home/roman/Projects/shish
"yash/test2-y.tst" start time: Aug 08 20:48 CEST
Output:
----------------------------------------------------------
test2-y.tst: 0/75 passed, 75 skipped
<end of output>
Test time =   0.37 sec
----------------------------------------------------------
Test Passed.
"yash/test2-y.tst" end time: Aug 08 20:48 CEST
"yash/test2-y.tst" time elapsed: 00:00:00
----------------------------------------------------------

251/262 Testing: yash/test1-y.tst
251/262 Test: yash/test1-y.tst
Command: "/usr/bin/sh" "tests/run-tst.sh" "/home/roman/Projects/shish/build/x86_64-linux-gnu/shish" "tests/yash" "test1-y.tst"
Directory: /home/roman/Projects/shish
"yash/test1-y.tst" start time: Aug 08 20:48 CEST
Output:
----------------------------------------------------------
test1-y.tst: 0/78 passed, 78 skipped
<end of output>
Test time =   0.39 sec
----------------------------------------------------------
Test Passed.
"yash/test1-y.tst" end time: Aug 08 20:48 CEST
"yash/test1-y.tst" time elapsed: 00:00:00
----------------------------------------------------------

181/262 Testing: yash/help-y.tst
181/262 Test: yash/help-y.tst
Command: "/usr/bin/sh" "tests/run-tst.sh" "/home/roman/Projects/shish/build/x86_64-linux-gnu/shish" "tests/yash" "help-y.tst"
Directory: /home/roman/Projects/shish
"yash/help-y.tst" start time: Aug 08 20:48 CEST
Output:
----------------------------------------------------------
help-y.tst: 0/56 passed, 56 skipped
<end of output>
Test time =   0.17 sec
----------------------------------------------------------
Test Passed.
"yash/help-y.tst" end time: Aug 08 20:48 CEST
"yash/help-y.tst" time elapsed: 00:00:00
----------------------------------------------------------

162/262 Testing: yash/dirstack-y.tst
162/262 Test: yash/dirstack-y.tst
Command: "/usr/bin/sh" "tests/run-tst.sh" "/home/roman/Projects/shish/build/x86_64-linux-gnu/shish" "tests/yash" "dirstack-y.tst"
Directory: /home/roman/Projects/shish
"yash/dirstack-y.tst" start time: Aug 08 20:48 CEST
Output:
----------------------------------------------------------
dirstack-y.tst: 0/87 passed, 87 skipped
<end of output>
Test time =   0.21 sec
----------------------------------------------------------
Test Passed.
"yash/dirstack-y.tst" end time: Aug 08 20:48 CEST
"yash/dirstack-y.tst" time elapsed: 00:00:00
----------------------------------------------------------

152/262 Testing: yash/bracket-y.tst
152/262 Test: yash/bracket-y.tst
Command: "/usr/bin/sh" "tests/run-tst.sh" "/home/roman/Projects/shish/build/x86_64-linux-gnu/shish" "tests/yash" "bracket-y.tst"
Directory: /home/roman/Projects/shish
"yash/bracket-y.tst" start time: Aug 08 20:48 CEST
Output:
----------------------------------------------------------
bracket-y.tst: 0/77 passed, 77 skipped
<end of output>
Test time =   0.19 sec
----------------------------------------------------------
Test Passed.
"yash/bracket-y.tst" end time: Aug 08 20:48 CEST
"yash/bracket-y.tst" time elapsed: 00:00:00
----------------------------------------------------------

78/262 Testing: posix/sigcont7-p.tst
78/262 Test: posix/sigcont7-p.tst
Command: "/usr/bin/sh" "tests/run-tst.sh" "/home/roman/Projects/shish/build/x86_64-linux-gnu/shish" "tests/posix" "sigcont7-p.tst"
Directory: /home/roman/Projects/shish
"posix/sigcont7-p.tst" start time: Aug 08 20:48 CEST
Output:
----------------------------------------------------------
sigcont7-p.tst: 0/180 passed, 180 skipped
<end of output>
Test time =   0.62 sec
----------------------------------------------------------
Test Passed.
"posix/sigcont7-p.tst" end time: Aug 08 20:48 CEST
"posix/sigcont7-p.tst" time elapsed: 00:00:00
----------------------------------------------------------

79/262 Testing: posix/sigcont8-p.tst
79/262 Test: posix/sigcont8-p.tst
Command: "/usr/bin/sh" "tests/run-tst.sh" "/home/roman/Projects/shish/build/x86_64-linux-gnu/shish" "tests/posix" "sigcont8-p.tst"
Directory: /home/roman/Projects/shish
"posix/sigcont8-p.tst" start time: Aug 08 20:48 CEST
Output:
----------------------------------------------------------
sigcont8-p.tst: 0/180 passed, 180 skipped
<end of output>
Test time =   0.63 sec
----------------------------------------------------------
Test Passed.
"posix/sigcont8-p.tst" end time: Aug 08 20:48 CEST
"posix/sigcont8-p.tst" time elapsed: 00:00:00
----------------------------------------------------------

38/262 Testing: posix/errexit-p.tst
38/262 Test: posix/errexit-p.tst
Command: "/usr/bin/sh" "tests/run-tst.sh" "/home/roman/Projects/shish/build/x86_64-linux-gnu/shish" "tests/posix" "errexit-p.tst"
Directory: /home/roman/Projects/shish
"posix/errexit-p.tst" start time: Aug 08 20:48 CEST
Output:
----------------------------------------------------------
errexit-p.tst: 53/53 passed, 0 skipped
<end of output>
Test time =   0.34 sec
----------------------------------------------------------
Test Passed.
"posix/errexit-p.tst" end time: Aug 08 20:48 CEST
"posix/errexit-p.tst" time elapsed: 00:00:00
----------------------------------------------------------

75/262 Testing: posix/sigcont4-p.tst
75/262 Test: posix/sigcont4-p.tst
Command: "/usr/bin/sh" "tests/run-tst.sh" "/home/roman/Projects/shish/build/x86_64-linux-gnu/shish" "tests/posix" "sigcont4-p.tst"
Directory: /home/roman/Projects/shish
"posix/sigcont4-p.tst" start time: Aug 08 20:48 CEST
Output:
----------------------------------------------------------
sigcont4-p.tst: 0/180 passed, 180 skipped
<end of output>
Test time =   0.62 sec
----------------------------------------------------------
Test Passed.
"posix/sigcont4-p.tst" end time: Aug 08 20:48 CEST
"posix/sigcont4-p.tst" time elapsed: 00:00:00
----------------------------------------------------------

6/262 Testing: builtin-kill.sh
6/262 Test: builtin-kill.sh
Command: "/home/roman/Projects/shish/build/x86_64-linux-gnu/shish" "tests/builtin-kill.sh"
Directory: /home/roman/Projects/shish
"builtin-kill.sh" start time: Aug 08 20:48 CEST
Output:
----------------------------------------------------------
kill -0 on a live pid reports success: [32mOK[0m
process 2927560 signaled: TERM
tests/builtin-kill.sh:23:1: kill: 2927560: No such process
kill -TERM actually terminates the process, confirmed via a following kill -0: [32mOK[0m
process 2928338 signaled: KILL
tests/builtin-kill.sh:30:1: kill: 2928338: No such process
kill -9 (numeric signal) terminates the process: [32mOK[0m
process 2929169 signaled: KILL
tests/builtin-kill.sh:37:1: kill: 2929169: No such process
kill -KILL (bare name) terminates the process: [32mOK[0m
process 2929985 signaled: KILL
tests/builtin-kill.sh:44:1: kill: 2929985: No such process
kill -SIGKILL (SIG-prefixed name, case-insensitive) terminates the process: [32mOK[0m
process 2930811 signaled: TERM
tests/builtin-kill.sh:51:1: kill: 2930811: No such process
kill %job-spec resolves the job and terminates it: [32mOK[0m
tests/builtin-kill.sh:54:1: kill: -FOOBAR: invalid signal specification
an unrecognized signal name fails with a non-zero exit status: [32mOK[0m
tests/builtin-kill.sh:57:1: kill: too few arguments
kill with no operands fails with a non-zero exit status: [32mOK[0m
tests/builtin-kill.sh:60:1: kill: 999999: No such process
kill -0 on a pid that doesn't exist fails with a non-zero exit status: [32mOK[0m
kill -0 on the shell's own pid succeeds: [32mOK[0m
Tests succeeded: 10
Tests failed: 0
Success
<end of output>
Test time =   1.51 sec
----------------------------------------------------------
Test Passed.
"builtin-kill.sh" end time: Aug 08 20:48 CEST
"builtin-kill.sh" time elapsed: 00:00:01
----------------------------------------------------------

90/262 Testing: posix/sigint3-p.tst
90/262 Test: posix/sigint3-p.tst
Command: "/usr/bin/sh" "tests/run-tst.sh" "/home/roman/Projects/shish/build/x86_64-linux-gnu/shish" "tests/posix" "sigint3-p.tst"
Directory: /home/roman/Projects/shish
"posix/sigint3-p.tst" start time: Aug 08 20:48 CEST
Output:
----------------------------------------------------------
sigint3-p.tst: 0/180 passed, 180 skipped
<end of output>
Test time =   0.64 sec
----------------------------------------------------------
Test Passed.
"posix/sigint3-p.tst" end time: Aug 08 20:48 CEST
"posix/sigint3-p.tst" time elapsed: 00:00:00
----------------------------------------------------------

87/262 Testing: posix/sighup8-p.tst
87/262 Test: posix/sighup8-p.tst
Command: "/usr/bin/sh" "tests/run-tst.sh" "/home/roman/Projects/shish/build/x86_64-linux-gnu/shish" "tests/posix" "sighup8-p.tst"
Directory: /home/roman/Projects/shish
"posix/sighup8-p.tst" start time: Aug 08 20:48 CEST
Output:
----------------------------------------------------------
sighup8-p.tst: 0/180 passed, 180 skipped
<end of output>
Test time =   0.67 sec
----------------------------------------------------------
Test Passed.
"posix/sighup8-p.tst" end time: Aug 08 20:48 CEST
"posix/sighup8-p.tst" time elapsed: 00:00:00
----------------------------------------------------------

113/262 Testing: posix/sigterm8-p.tst
113/262 Test: posix/sigterm8-p.tst
Command: "/usr/bin/sh" "tests/run-tst.sh" "/home/roman/Projects/shish/build/x86_64-linux-gnu/shish" "tests/posix" "sigterm8-p.tst"
Directory: /home/roman/Projects/shish
"posix/sigterm8-p.tst" start time: Aug 08 20:48 CEST
Output:
----------------------------------------------------------
sigterm8-p.tst: 0/180 passed, 180 skipped
<end of output>
Test time =   0.66 sec
----------------------------------------------------------
Test Passed.
"posix/sigterm8-p.tst" end time: Aug 08 20:48 CEST
"posix/sigterm8-p.tst" time elapsed: 00:00:00
----------------------------------------------------------

133/262 Testing: posix/sigurg8-p.tst
133/262 Test: posix/sigurg8-p.tst
Command: "/usr/bin/sh" "tests/run-tst.sh" "/home/roman/Projects/shish/build/x86_64-linux-gnu/shish" "tests/posix" "sigurg8-p.tst"
Directory: /home/roman/Projects/shish
"posix/sigurg8-p.tst" start time: Aug 08 20:48 CEST
Output:
----------------------------------------------------------
sigurg8-p.tst: 0/180 passed, 180 skipped
<end of output>
Test time =   0.69 sec
----------------------------------------------------------
Test Passed.
"posix/sigurg8-p.tst" end time: Aug 08 20:48 CEST
"posix/sigurg8-p.tst" time elapsed: 00:00:00
----------------------------------------------------------

98/262 Testing: posix/sigquit3-p.tst
98/262 Test: posix/sigquit3-p.tst
Command: "/usr/bin/sh" "tests/run-tst.sh" "/home/roman/Projects/shish/build/x86_64-linux-gnu/shish" "tests/posix" "sigquit3-p.tst"
Directory: /home/roman/Projects/shish
"posix/sigquit3-p.tst" start time: Aug 08 20:48 CEST
Output:
----------------------------------------------------------
sigquit3-p.tst: 0/180 passed, 180 skipped
<end of output>
Test time =   0.70 sec
----------------------------------------------------------
Test Passed.
"posix/sigquit3-p.tst" end time: Aug 08 20:48 CEST
"posix/sigquit3-p.tst" time elapsed: 00:00:00
----------------------------------------------------------

95/262 Testing: posix/sigint8-p.tst
95/262 Test: posix/sigint8-p.tst
Command: "/usr/bin/sh" "tests/run-tst.sh" "/home/roman/Projects/shish/build/x86_64-linux-gnu/shish" "tests/posix" "sigint8-p.tst"
Directory: /home/roman/Projects/shish
"posix/sigint8-p.tst" start time: Aug 08 20:48 CEST
Output:
----------------------------------------------------------
sigint8-p.tst: 0/180 passed, 180 skipped
<end of output>
Test time =   0.69 sec
----------------------------------------------------------
Test Passed.
"posix/sigint8-p.tst" end time: Aug 08 20:48 CEST
"posix/sigint8-p.tst" time elapsed: 00:00:00
----------------------------------------------------------

83/262 Testing: posix/sighup4-p.tst
83/262 Test: posix/sighup4-p.tst
Command: "/usr/bin/sh" "tests/run-tst.sh" "/home/roman/Projects/shish/build/x86_64-linux-gnu/shish" "tests/posix" "sighup4-p.tst"
Directory: /home/roman/Projects/shish
"posix/sighup4-p.tst" start time: Aug 08 20:48 CEST
Output:
----------------------------------------------------------
sighup4-p.tst: 0/180 passed, 180 skipped
<end of output>
Test time =   0.70 sec
----------------------------------------------------------
Test Passed.
"posix/sighup4-p.tst" end time: Aug 08 20:48 CEST
"posix/sighup4-p.tst" time elapsed: 00:00:00
----------------------------------------------------------

82/262 Testing: posix/sighup3-p.tst
82/262 Test: posix/sighup3-p.tst
Command: "/usr/bin/sh" "tests/run-tst.sh" "/home/roman/Projects/shish/build/x86_64-linux-gnu/shish" "tests/posix" "sighup3-p.tst"
Directory: /home/roman/Projects/shish
"posix/sighup3-p.tst" start time: Aug 08 20:48 CEST
Output:
----------------------------------------------------------
sighup3-p.tst: 0/180 passed, 180 skipped
<end of output>
Test time =   0.69 sec
----------------------------------------------------------
Test Passed.
"posix/sighup3-p.tst" end time: Aug 08 20:48 CEST
"posix/sighup3-p.tst" time elapsed: 00:00:00
----------------------------------------------------------

86/262 Testing: posix/sighup7-p.tst
86/262 Test: posix/sighup7-p.tst
Command: "/usr/bin/sh" "tests/run-tst.sh" "/home/roman/Projects/shish/build/x86_64-linux-gnu/shish" "tests/posix" "sighup7-p.tst"
Directory: /home/roman/Projects/shish
"posix/sighup7-p.tst" start time: Aug 08 20:48 CEST
Output:
----------------------------------------------------------
sighup7-p.tst: 0/180 passed, 180 skipped
<end of output>
Test time =   0.68 sec
----------------------------------------------------------
Test Passed.
"posix/sighup7-p.tst" end time: Aug 08 20:48 CEST
"posix/sighup7-p.tst" time elapsed: 00:00:00
----------------------------------------------------------

103/262 Testing: posix/sigquit8-p.tst
103/262 Test: posix/sigquit8-p.tst
Command: "/usr/bin/sh" "tests/run-tst.sh" "/home/roman/Projects/shish/build/x86_64-linux-gnu/shish" "tests/posix" "sigquit8-p.tst"
Directory: /home/roman/Projects/shish
"posix/sigquit8-p.tst" start time: Aug 08 20:48 CEST
Output:
----------------------------------------------------------
sigquit8-p.tst: 0/180 passed, 180 skipped
<end of output>
Test time =   0.67 sec
----------------------------------------------------------
Test Passed.
"posix/sigquit8-p.tst" end time: Aug 08 20:48 CEST
"posix/sigquit8-p.tst" time elapsed: 00:00:00
----------------------------------------------------------

128/262 Testing: posix/sigurg3-p.tst
128/262 Test: posix/sigurg3-p.tst
Command: "/usr/bin/sh" "tests/run-tst.sh" "/home/roman/Projects/shish/build/x86_64-linux-gnu/shish" "tests/posix" "sigurg3-p.tst"
Directory: /home/roman/Projects/shish
"posix/sigurg3-p.tst" start time: Aug 08 20:48 CEST
Output:
----------------------------------------------------------
sigurg3-p.tst: 0/180 passed, 180 skipped
<end of output>
Test time =   0.67 sec
----------------------------------------------------------
Test Passed.
"posix/sigurg3-p.tst" end time: Aug 08 20:48 CEST
"posix/sigurg3-p.tst" time elapsed: 00:00:00
----------------------------------------------------------

129/262 Testing: posix/sigurg4-p.tst
129/262 Test: posix/sigurg4-p.tst
Command: "/usr/bin/sh" "tests/run-tst.sh" "/home/roman/Projects/shish/build/x86_64-linux-gnu/shish" "tests/posix" "sigurg4-p.tst"
Directory: /home/roman/Projects/shish
"posix/sigurg4-p.tst" start time: Aug 08 20:48 CEST
Output:
----------------------------------------------------------
sigurg4-p.tst: 0/180 passed, 180 skipped
<end of output>
Test time =   0.67 sec
----------------------------------------------------------
Test Passed.
"posix/sigurg4-p.tst" end time: Aug 08 20:48 CEST
"posix/sigurg4-p.tst" time elapsed: 00:00:00
----------------------------------------------------------

132/262 Testing: posix/sigurg7-p.tst
132/262 Test: posix/sigurg7-p.tst
Command: "/usr/bin/sh" "tests/run-tst.sh" "/home/roman/Projects/shish/build/x86_64-linux-gnu/shish" "tests/posix" "sigurg7-p.tst"
Directory: /home/roman/Projects/shish
"posix/sigurg7-p.tst" start time: Aug 08 20:48 CEST
Output:
----------------------------------------------------------
sigurg7-p.tst: 0/180 passed, 180 skipped
<end of output>
Test time =   0.66 sec
----------------------------------------------------------
Test Passed.
"posix/sigurg7-p.tst" end time: Aug 08 20:48 CEST
"posix/sigurg7-p.tst" time elapsed: 00:00:00
----------------------------------------------------------

91/262 Testing: posix/sigint4-p.tst
91/262 Test: posix/sigint4-p.tst
Command: "/usr/bin/sh" "tests/run-tst.sh" "/home/roman/Projects/shish/build/x86_64-linux-gnu/shish" "tests/posix" "sigint4-p.tst"
Directory: /home/roman/Projects/shish
"posix/sigint4-p.tst" start time: Aug 08 20:48 CEST
Output:
----------------------------------------------------------
sigint4-p.tst: 0/180 passed, 180 skipped
<end of output>
Test time =   0.67 sec
----------------------------------------------------------
Test Passed.
"posix/sigint4-p.tst" end time: Aug 08 20:48 CEST
"posix/sigint4-p.tst" time elapsed: 00:00:00
----------------------------------------------------------

108/262 Testing: posix/sigterm3-p.tst
108/262 Test: posix/sigterm3-p.tst
Command: "/usr/bin/sh" "tests/run-tst.sh" "/home/roman/Projects/shish/build/x86_64-linux-gnu/shish" "tests/posix" "sigterm3-p.tst"
Directory: /home/roman/Projects/shish
"posix/sigterm3-p.tst" start time: Aug 08 20:48 CEST
Output:
----------------------------------------------------------
sigterm3-p.tst: 0/180 passed, 180 skipped
<end of output>
Test time =   0.67 sec
----------------------------------------------------------
Test Passed.
"posix/sigterm3-p.tst" end time: Aug 08 20:48 CEST
"posix/sigterm3-p.tst" time elapsed: 00:00:00
----------------------------------------------------------

94/262 Testing: posix/sigint7-p.tst
94/262 Test: posix/sigint7-p.tst
Command: "/usr/bin/sh" "tests/run-tst.sh" "/home/roman/Projects/shish/build/x86_64-linux-gnu/shish" "tests/posix" "sigint7-p.tst"
Directory: /home/roman/Projects/shish
"posix/sigint7-p.tst" start time: Aug 08 20:48 CEST
Output:
----------------------------------------------------------
sigint7-p.tst: 0/180 passed, 180 skipped
<end of output>
Test time =   0.68 sec
----------------------------------------------------------
Test Passed.
"posix/sigint7-p.tst" end time: Aug 08 20:48 CEST
"posix/sigint7-p.tst" time elapsed: 00:00:00
----------------------------------------------------------

109/262 Testing: posix/sigterm4-p.tst
109/262 Test: posix/sigterm4-p.tst
Command: "/usr/bin/sh" "tests/run-tst.sh" "/home/roman/Projects/shish/build/x86_64-linux-gnu/shish" "tests/posix" "sigterm4-p.tst"
Directory: /home/roman/Projects/shish
"posix/sigterm4-p.tst" start time: Aug 08 20:48 CEST
Output:
----------------------------------------------------------
sigterm4-p.tst: 0/180 passed, 180 skipped
<end of output>
Test time =   0.67 sec
----------------------------------------------------------
Test Passed.
"posix/sigterm4-p.tst" end time: Aug 08 20:49 CEST
"posix/sigterm4-p.tst" time elapsed: 00:00:00
----------------------------------------------------------

102/262 Testing: posix/sigquit7-p.tst
102/262 Test: posix/sigquit7-p.tst
Command: "/usr/bin/sh" "tests/run-tst.sh" "/home/roman/Projects/shish/build/x86_64-linux-gnu/shish" "tests/posix" "sigquit7-p.tst"
Directory: /home/roman/Projects/shish
"posix/sigquit7-p.tst" start time: Aug 08 20:48 CEST
Output:
----------------------------------------------------------
sigquit7-p.tst: 0/180 passed, 180 skipped
<end of output>
Test time =   0.68 sec
----------------------------------------------------------
Test Passed.
"posix/sigquit7-p.tst" end time: Aug 08 20:49 CEST
"posix/sigquit7-p.tst" time elapsed: 00:00:00
----------------------------------------------------------

74/262 Testing: posix/sigcont3-p.tst
74/262 Test: posix/sigcont3-p.tst
Command: "/usr/bin/sh" "tests/run-tst.sh" "/home/roman/Projects/shish/build/x86_64-linux-gnu/shish" "tests/posix" "sigcont3-p.tst"
Directory: /home/roman/Projects/shish
"posix/sigcont3-p.tst" start time: Aug 08 20:48 CEST
Output:
----------------------------------------------------------
sigcont3-p.tst: 0/180 passed, 180 skipped
<end of output>
Test time =   0.68 sec
----------------------------------------------------------
Test Passed.
"posix/sigcont3-p.tst" end time: Aug 08 20:49 CEST
"posix/sigcont3-p.tst" time elapsed: 00:00:00
----------------------------------------------------------

112/262 Testing: posix/sigterm7-p.tst
112/262 Test: posix/sigterm7-p.tst
Command: "/usr/bin/sh" "tests/run-tst.sh" "/home/roman/Projects/shish/build/x86_64-linux-gnu/shish" "tests/posix" "sigterm7-p.tst"
Directory: /home/roman/Projects/shish
"posix/sigterm7-p.tst" start time: Aug 08 20:48 CEST
Output:
----------------------------------------------------------
sigterm7-p.tst: 0/180 passed, 180 skipped
<end of output>
Test time =   0.67 sec
----------------------------------------------------------
Test Passed.
"posix/sigterm7-p.tst" end time: Aug 08 20:49 CEST
"posix/sigterm7-p.tst" time elapsed: 00:00:00
----------------------------------------------------------

99/262 Testing: posix/sigquit4-p.tst
99/262 Test: posix/sigquit4-p.tst
Command: "/usr/bin/sh" "tests/run-tst.sh" "/home/roman/Projects/shish/build/x86_64-linux-gnu/shish" "tests/posix" "sigquit4-p.tst"
Directory: /home/roman/Projects/shish
"posix/sigquit4-p.tst" start time: Aug 08 20:49 CEST
Output:
----------------------------------------------------------
sigquit4-p.tst: 0/180 passed, 180 skipped
<end of output>
Test time =   0.65 sec
----------------------------------------------------------
Test Passed.
"posix/sigquit4-p.tst" end time: Aug 08 20:49 CEST
"posix/sigquit4-p.tst" time elapsed: 00:00:00
----------------------------------------------------------

115/262 Testing: posix/sigtstp4-p.tst
115/262 Test: posix/sigtstp4-p.tst
Command: "/usr/bin/sh" "tests/run-tst.sh" "/home/roman/Projects/shish/build/x86_64-linux-gnu/shish" "tests/posix" "sigtstp4-p.tst"
Directory: /home/roman/Projects/shish
"posix/sigtstp4-p.tst" start time: Aug 08 20:49 CEST
Output:
----------------------------------------------------------
sigtstp4-p.tst: 0/132 passed, 132 skipped
<end of output>
Test time =   0.46 sec
----------------------------------------------------------
Test Passed.
"posix/sigtstp4-p.tst" end time: Aug 08 20:49 CEST
"posix/sigtstp4-p.tst" time elapsed: 00:00:00
----------------------------------------------------------

13/262 Testing: builtin-trap.sh
13/262 Test: builtin-trap.sh
Command: "/home/roman/Projects/shish/build/x86_64-linux-gnu/shish" "tests/builtin-trap.sh"
Directory: /home/roman/Projects/shish
"builtin-trap.sh" start time: Aug 08 20:49 CEST
Output:
----------------------------------------------------------
a trap on TERM runs when TERM is delivered, and execution continues afterward: [32mOK[0m
retrapping the same signal replaces the handler -- only the newest one fires, not both: [32mOK[0m
retrapping a signal 30 times (past sig_push()'s 16-deep stack) still works, and only the last trap fires: [32mOK[0m
trap - SIG resets to default and trap -p SIG then prints nothing for it: [32mOK[0m
trap -p with no operand lists every installed trap: [32mOK[0m
an EXIT trap can be installed and shows up in trap -p's listing: [32mOK[0m
a subshell's own EXIT trap fires -- into the subshell's own capture -- when its body falls off the end: [32mOK[0m
a subshell's own EXIT trap fires exactly once (not twice) when the subshell exits via an explicit 'exit': [32mOK[0m
inner-trap
an EXIT trap set inside a subshell must not leak into the parent shell's trap list: [32mOK[0m
an outer EXIT trap still fires at the right time, unaffected by a same-named trap set and already run inside a nested subshell: [32mOK[0m
Tests succeeded: 10
Tests failed: 0
Success
<end of output>
Test time =   0.61 sec
----------------------------------------------------------
Test Passed.
"builtin-trap.sh" end time: Aug 08 20:49 CEST
"builtin-trap.sh" time elapsed: 00:00:00
----------------------------------------------------------

122/262 Testing: posix/sigttou3-p.tst
122/262 Test: posix/sigttou3-p.tst
Command: "/usr/bin/sh" "tests/run-tst.sh" "/home/roman/Projects/shish/build/x86_64-linux-gnu/shish" "tests/posix" "sigttou3-p.tst"
Directory: /home/roman/Projects/shish
"posix/sigttou3-p.tst" start time: Aug 08 20:49 CEST
Output:
----------------------------------------------------------
sigttou3-p.tst: 0/132 passed, 132 skipped
<end of output>
Test time =   0.46 sec
----------------------------------------------------------
Test Passed.
"posix/sigttou3-p.tst" end time: Aug 08 20:49 CEST
"posix/sigttou3-p.tst" time elapsed: 00:00:00
----------------------------------------------------------

125/262 Testing: posix/sigttou8-p.tst
125/262 Test: posix/sigttou8-p.tst
Command: "/usr/bin/sh" "tests/run-tst.sh" "/home/roman/Projects/shish/build/x86_64-linux-gnu/shish" "tests/posix" "sigttou8-p.tst"
Directory: /home/roman/Projects/shish
"posix/sigttou8-p.tst" start time: Aug 08 20:49 CEST
Output:
----------------------------------------------------------
sigttou8-p.tst: 0/132 passed, 132 skipped
<end of output>
Test time =   0.49 sec
----------------------------------------------------------
Test Passed.
"posix/sigttou8-p.tst" end time: Aug 08 20:49 CEST
"posix/sigttou8-p.tst" time elapsed: 00:00:00
----------------------------------------------------------

124/262 Testing: posix/sigttou7-p.tst
124/262 Test: posix/sigttou7-p.tst
Command: "/usr/bin/sh" "tests/run-tst.sh" "/home/roman/Projects/shish/build/x86_64-linux-gnu/shish" "tests/posix" "sigttou7-p.tst"
Directory: /home/roman/Projects/shish
"posix/sigttou7-p.tst" start time: Aug 08 20:49 CEST
Output:
----------------------------------------------------------
sigttou7-p.tst: 0/132 passed, 132 skipped
<end of output>
Test time =   0.49 sec
----------------------------------------------------------
Test Passed.
"posix/sigttou7-p.tst" end time: Aug 08 20:49 CEST
"posix/sigttou7-p.tst" time elapsed: 00:00:00
----------------------------------------------------------

116/262 Testing: posix/sigtstp7-p.tst
116/262 Test: posix/sigtstp7-p.tst
Command: "/usr/bin/sh" "tests/run-tst.sh" "/home/roman/Projects/shish/build/x86_64-linux-gnu/shish" "tests/posix" "sigtstp7-p.tst"
Directory: /home/roman/Projects/shish
"posix/sigtstp7-p.tst" start time: Aug 08 20:49 CEST
Output:
----------------------------------------------------------
sigtstp7-p.tst: 0/132 passed, 132 skipped
<end of output>
Test time =   0.51 sec
----------------------------------------------------------
Test Passed.
"posix/sigtstp7-p.tst" end time: Aug 08 20:49 CEST
"posix/sigtstp7-p.tst" time elapsed: 00:00:00
----------------------------------------------------------

117/262 Testing: posix/sigtstp8-p.tst
117/262 Test: posix/sigtstp8-p.tst
Command: "/usr/bin/sh" "tests/run-tst.sh" "/home/roman/Projects/shish/build/x86_64-linux-gnu/shish" "tests/posix" "sigtstp8-p.tst"
Directory: /home/roman/Projects/shish
"posix/sigtstp8-p.tst" start time: Aug 08 20:49 CEST
Output:
----------------------------------------------------------
sigtstp8-p.tst: 0/132 passed, 132 skipped
<end of output>
Test time =   0.51 sec
----------------------------------------------------------
Test Passed.
"posix/sigtstp8-p.tst" end time: Aug 08 20:49 CEST
"posix/sigtstp8-p.tst" time elapsed: 00:00:00
----------------------------------------------------------

121/262 Testing: posix/sigttin8-p.tst
121/262 Test: posix/sigttin8-p.tst
Command: "/usr/bin/sh" "tests/run-tst.sh" "/home/roman/Projects/shish/build/x86_64-linux-gnu/shish" "tests/posix" "sigttin8-p.tst"
Directory: /home/roman/Projects/shish
"posix/sigttin8-p.tst" start time: Aug 08 20:49 CEST
Output:
----------------------------------------------------------
sigttin8-p.tst: 0/132 passed, 132 skipped
<end of output>
Test time =   0.52 sec
----------------------------------------------------------
Test Passed.
"posix/sigttin8-p.tst" end time: Aug 08 20:49 CEST
"posix/sigttin8-p.tst" time elapsed: 00:00:00
----------------------------------------------------------

120/262 Testing: posix/sigttin7-p.tst
120/262 Test: posix/sigttin7-p.tst
Command: "/usr/bin/sh" "tests/run-tst.sh" "/home/roman/Projects/shish/build/x86_64-linux-gnu/shish" "tests/posix" "sigttin7-p.tst"
Directory: /home/roman/Projects/shish
"posix/sigttin7-p.tst" start time: Aug 08 20:49 CEST
Output:
----------------------------------------------------------
sigttin7-p.tst: 0/132 passed, 132 skipped
<end of output>
Test time =   0.52 sec
----------------------------------------------------------
Test Passed.
"posix/sigttin7-p.tst" end time: Aug 08 20:49 CEST
"posix/sigttin7-p.tst" time elapsed: 00:00:00
----------------------------------------------------------

119/262 Testing: posix/sigttin4-p.tst
119/262 Test: posix/sigttin4-p.tst
Command: "/usr/bin/sh" "tests/run-tst.sh" "/home/roman/Projects/shish/build/x86_64-linux-gnu/shish" "tests/posix" "sigttin4-p.tst"
Directory: /home/roman/Projects/shish
"posix/sigttin4-p.tst" start time: Aug 08 20:49 CEST
Output:
----------------------------------------------------------
sigttin4-p.tst: 0/132 passed, 132 skipped
<end of output>
Test time =   0.52 sec
----------------------------------------------------------
Test Passed.
"posix/sigttin4-p.tst" end time: Aug 08 20:49 CEST
"posix/sigttin4-p.tst" time elapsed: 00:00:00
----------------------------------------------------------

114/262 Testing: posix/sigtstp3-p.tst
114/262 Test: posix/sigtstp3-p.tst
Command: "/usr/bin/sh" "tests/run-tst.sh" "/home/roman/Projects/shish/build/x86_64-linux-gnu/shish" "tests/posix" "sigtstp3-p.tst"
Directory: /home/roman/Projects/shish
"posix/sigtstp3-p.tst" start time: Aug 08 20:49 CEST
Output:
----------------------------------------------------------
sigtstp3-p.tst: 0/132 passed, 132 skipped
<end of output>
Test time =   0.52 sec
----------------------------------------------------------
Test Passed.
"posix/sigtstp3-p.tst" end time: Aug 08 20:49 CEST
"posix/sigtstp3-p.tst" time elapsed: 00:00:00
----------------------------------------------------------

195/262 Testing: yash/printf-y.tst
195/262 Test: yash/printf-y.tst
Command: "/usr/bin/sh" "tests/run-tst.sh" "/home/roman/Projects/shish/build/x86_64-linux-gnu/shish" "tests/yash" "printf-y.tst"
Directory: /home/roman/Projects/shish
"yash/printf-y.tst" start time: Aug 08 20:49 CEST
Output:
----------------------------------------------------------
printf-y.tst: 2/33 passed, 31 skipped
<end of output>
Test time =   0.10 sec
----------------------------------------------------------
Test Passed.
"yash/printf-y.tst" end time: Aug 08 20:49 CEST
"yash/printf-y.tst" time elapsed: 00:00:00
----------------------------------------------------------

150/262 Testing: yash/bindkey-y.tst
150/262 Test: yash/bindkey-y.tst
Command: "/usr/bin/sh" "tests/run-tst.sh" "/home/roman/Projects/shish/build/x86_64-linux-gnu/shish" "tests/yash" "bindkey-y.tst"
Directory: /home/roman/Projects/shish
"yash/bindkey-y.tst" start time: Aug 08 20:49 CEST
Output:
----------------------------------------------------------
bindkey-y.tst: 0/34 passed, 34 skipped
<end of output>
Test time =   0.11 sec
----------------------------------------------------------
Test Passed.
"yash/bindkey-y.tst" end time: Aug 08 20:49 CEST
"yash/bindkey-y.tst" time elapsed: 00:00:00
----------------------------------------------------------

123/262 Testing: posix/sigttou4-p.tst
123/262 Test: posix/sigttou4-p.tst
Command: "/usr/bin/sh" "tests/run-tst.sh" "/home/roman/Projects/shish/build/x86_64-linux-gnu/shish" "tests/posix" "sigttou4-p.tst"
Directory: /home/roman/Projects/shish
"posix/sigttou4-p.tst" start time: Aug 08 20:49 CEST
Output:
----------------------------------------------------------
sigttou4-p.tst: 0/132 passed, 132 skipped
<end of output>
Test time =   0.48 sec
----------------------------------------------------------
Test Passed.
"posix/sigttou4-p.tst" end time: Aug 08 20:49 CEST
"posix/sigttou4-p.tst" time elapsed: 00:00:00
----------------------------------------------------------

118/262 Testing: posix/sigttin3-p.tst
118/262 Test: posix/sigttin3-p.tst
Command: "/usr/bin/sh" "tests/run-tst.sh" "/home/roman/Projects/shish/build/x86_64-linux-gnu/shish" "tests/posix" "sigttin3-p.tst"
Directory: /home/roman/Projects/shish
"posix/sigttin3-p.tst" start time: Aug 08 20:49 CEST
Output:
----------------------------------------------------------
sigttin3-p.tst: 0/132 passed, 132 skipped
<end of output>
Test time =   0.47 sec
----------------------------------------------------------
Test Passed.
"posix/sigttin3-p.tst" end time: Aug 08 20:49 CEST
"posix/sigttin3-p.tst" time elapsed: 00:00:00
----------------------------------------------------------

105/262 Testing: posix/sigstop7-p.tst
105/262 Test: posix/sigstop7-p.tst
Command: "/usr/bin/sh" "tests/run-tst.sh" "/home/roman/Projects/shish/build/x86_64-linux-gnu/shish" "tests/posix" "sigstop7-p.tst"
Directory: /home/roman/Projects/shish
"posix/sigstop7-p.tst" start time: Aug 08 20:49 CEST
Output:
----------------------------------------------------------
sigstop7-p.tst: 0/74 passed, 74 skipped
<end of output>
Test time =   0.26 sec
----------------------------------------------------------
Test Passed.
"posix/sigstop7-p.tst" end time: Aug 08 20:49 CEST
"posix/sigstop7-p.tst" time elapsed: 00:00:00
----------------------------------------------------------

261/262 Testing: yash/wait-y.tst
261/262 Test: yash/wait-y.tst
Command: "/usr/bin/sh" "tests/run-tst.sh" "/home/roman/Projects/shish/build/x86_64-linux-gnu/shish" "tests/yash" "wait-y.tst"
Directory: /home/roman/Projects/shish
"yash/wait-y.tst" start time: Aug 08 20:49 CEST
Output:
----------------------------------------------------------
wait-y.tst: 0/12 passed, 12 skipped
<end of output>
Test time =   0.04 sec
----------------------------------------------------------
Test Passed.
"yash/wait-y.tst" end time: Aug 08 20:49 CEST
"yash/wait-y.tst" time elapsed: 00:00:00
----------------------------------------------------------

104/262 Testing: posix/sigstop3-p.tst
104/262 Test: posix/sigstop3-p.tst
Command: "/usr/bin/sh" "tests/run-tst.sh" "/home/roman/Projects/shish/build/x86_64-linux-gnu/shish" "tests/posix" "sigstop3-p.tst"
Directory: /home/roman/Projects/shish
"posix/sigstop3-p.tst" start time: Aug 08 20:49 CEST
Output:
----------------------------------------------------------
sigstop3-p.tst: 0/74 passed, 74 skipped
<end of output>
Test time =   0.26 sec
----------------------------------------------------------
Test Passed.
"posix/sigstop3-p.tst" end time: Aug 08 20:49 CEST
"posix/sigstop3-p.tst" time elapsed: 00:00:00
----------------------------------------------------------

199/262 Testing: yash/random-y.tst
199/262 Test: yash/random-y.tst
Command: "/usr/bin/sh" "tests/run-tst.sh" "/home/roman/Projects/shish/build/x86_64-linux-gnu/shish" "tests/yash" "random-y.tst"
Directory: /home/roman/Projects/shish
"yash/random-y.tst" start time: Aug 08 20:49 CEST
Output:
----------------------------------------------------------
random-y.tst: 5/5 passed, 0 skipped
<end of output>
Test time =   0.05 sec
----------------------------------------------------------
Test Passed.
"yash/random-y.tst" end time: Aug 08 20:49 CEST
"yash/random-y.tst" time elapsed: 00:00:00
----------------------------------------------------------

174/262 Testing: yash/fg-y.tst
174/262 Test: yash/fg-y.tst
Command: "/usr/bin/sh" "tests/run-tst.sh" "/home/roman/Projects/shish/build/x86_64-linux-gnu/shish" "tests/yash" "fg-y.tst"
Directory: /home/roman/Projects/shish
"yash/fg-y.tst" start time: Aug 08 20:49 CEST
Output:
----------------------------------------------------------
fg-y.tst: 0/12 passed, 12 skipped
<end of output>
Test time =   0.05 sec
----------------------------------------------------------
Test Passed.
"yash/fg-y.tst" end time: Aug 08 20:49 CEST
"yash/fg-y.tst" time elapsed: 00:00:00
----------------------------------------------------------

257/262 Testing: yash/ulimit-y.tst
257/262 Test: yash/ulimit-y.tst
Command: "/usr/bin/sh" "tests/run-tst.sh" "/home/roman/Projects/shish/build/x86_64-linux-gnu/shish" "tests/yash" "ulimit-y.tst"
Directory: /home/roman/Projects/shish
"yash/ulimit-y.tst" start time: Aug 08 20:49 CEST
Output:
----------------------------------------------------------
ulimit-y.tst: 0/8 passed, 8 skipped
<end of output>
Test time =   0.04 sec
----------------------------------------------------------
Test Passed.
"yash/ulimit-y.tst" end time: Aug 08 20:49 CEST
"yash/ulimit-y.tst" time elapsed: 00:00:00
----------------------------------------------------------

187/262 Testing: yash/jobs-y.tst
187/262 Test: yash/jobs-y.tst
Command: "/usr/bin/sh" "tests/run-tst.sh" "/home/roman/Projects/shish/build/x86_64-linux-gnu/shish" "tests/yash" "jobs-y.tst"
Directory: /home/roman/Projects/shish
"yash/jobs-y.tst" start time: Aug 08 20:49 CEST
Output:
----------------------------------------------------------
jobs-y.tst: 0/9 passed, 9 skipped
<end of output>
Test time =   0.04 sec
----------------------------------------------------------
Test Passed.
"yash/jobs-y.tst" end time: Aug 08 20:49 CEST
"yash/jobs-y.tst" time elapsed: 00:00:00
----------------------------------------------------------

149/262 Testing: yash/bg-y.tst
149/262 Test: yash/bg-y.tst
Command: "/usr/bin/sh" "tests/run-tst.sh" "/home/roman/Projects/shish/build/x86_64-linux-gnu/shish" "tests/yash" "bg-y.tst"
Directory: /home/roman/Projects/shish
"yash/bg-y.tst" start time: Aug 08 20:49 CEST
Output:
----------------------------------------------------------
bg-y.tst: 0/6 passed, 6 skipped
<end of output>
Test time =   0.03 sec
----------------------------------------------------------
Test Passed.
"yash/bg-y.tst" end time: Aug 08 20:49 CEST
"yash/bg-y.tst" time elapsed: 00:00:00
----------------------------------------------------------

154/262 Testing: yash/builtins-y.tst
154/262 Test: yash/builtins-y.tst
Command: "/usr/bin/sh" "tests/run-tst.sh" "/home/roman/Projects/shish/build/x86_64-linux-gnu/shish" "tests/yash" "builtins-y.tst"
Directory: /home/roman/Projects/shish
"yash/builtins-y.tst" start time: Aug 08 20:49 CEST
Output:
----------------------------------------------------------
builtins-y.tst: 0/3 passed, 3 skipped
<end of output>
Test time =   0.03 sec
----------------------------------------------------------
Test Passed.
"yash/builtins-y.tst" end time: Aug 08 20:49 CEST
"yash/builtins-y.tst" time elapsed: 00:00:00
----------------------------------------------------------

205/262 Testing: yash/settty-y.tst
205/262 Test: yash/settty-y.tst
Command: "/usr/bin/sh" "tests/run-tst.sh" "/home/roman/Projects/shish/build/x86_64-linux-gnu/shish" "tests/yash" "settty-y.tst"
Directory: /home/roman/Projects/shish
"yash/settty-y.tst" start time: Aug 08 20:49 CEST
Output:
----------------------------------------------------------
settty-y.tst: 0/4 passed, 4 skipped
<end of output>
Test time =   0.03 sec
----------------------------------------------------------
Test Passed.
"yash/settty-y.tst" end time: Aug 08 20:49 CEST
"yash/settty-y.tst" time elapsed: 00:00:00
----------------------------------------------------------

25/262 Testing: posix/andor-p.tst
25/262 Test: posix/andor-p.tst
Command: "/usr/bin/sh" "tests/run-tst.sh" "/home/roman/Projects/shish/build/x86_64-linux-gnu/shish" "tests/posix" "andor-p.tst"
Directory: /home/roman/Projects/shish
"posix/andor-p.tst" start time: Aug 08 20:49 CEST
Output:
----------------------------------------------------------
andor-p.tst: 14/14 passed, 0 skipped
<end of output>
Test time =   0.10 sec
----------------------------------------------------------
Test Passed.
"posix/andor-p.tst" end time: Aug 08 20:49 CEST
"posix/andor-p.tst" time elapsed: 00:00:00
----------------------------------------------------------

182/262 Testing: yash/history-y.tst
182/262 Test: yash/history-y.tst
Command: "/usr/bin/sh" "tests/run-tst.sh" "/home/roman/Projects/shish/build/x86_64-linux-gnu/shish" "tests/yash" "history-y.tst"
Directory: /home/roman/Projects/shish
"yash/history-y.tst" start time: Aug 08 20:49 CEST
Output:
----------------------------------------------------------
history-y.tst: 0/1 passed, 1 skipped
<end of output>
Test time =   0.02 sec
----------------------------------------------------------
Test Passed.
"yash/history-y.tst" end time: Aug 08 20:49 CEST
"yash/history-y.tst" time elapsed: 00:00:00
----------------------------------------------------------

183/262 Testing: yash/history1-y.tst
183/262 Test: yash/history1-y.tst
Command: "/usr/bin/sh" "tests/run-tst.sh" "/home/roman/Projects/shish/build/x86_64-linux-gnu/shish" "tests/yash" "history1-y.tst"
Directory: /home/roman/Projects/shish
"yash/history1-y.tst" start time: Aug 08 20:49 CEST
Output:
----------------------------------------------------------
history1-y.tst: 0/0 passed, 0 skipped
<end of output>
Test time =   0.02 sec
----------------------------------------------------------
Test Passed.
"yash/history1-y.tst" end time: Aug 08 20:49 CEST
"yash/history1-y.tst" time elapsed: 00:00:00
----------------------------------------------------------

184/262 Testing: yash/history2-y.tst
184/262 Test: yash/history2-y.tst
Command: "/usr/bin/sh" "tests/run-tst.sh" "/home/roman/Projects/shish/build/x86_64-linux-gnu/shish" "tests/yash" "history2-y.tst"
Directory: /home/roman/Projects/shish
"yash/history2-y.tst" start time: Aug 08 20:49 CEST
Output:
----------------------------------------------------------
history2-y.tst: 0/1 passed, 1 skipped
<end of output>
Test time =   0.02 sec
----------------------------------------------------------
Test Passed.
"yash/history2-y.tst" end time: Aug 08 20:49 CEST
"yash/history2-y.tst" time elapsed: 00:00:00
----------------------------------------------------------

160/262 Testing: yash/complete-y.tst
160/262 Test: yash/complete-y.tst
Command: "/usr/bin/sh" "tests/run-tst.sh" "/home/roman/Projects/shish/build/x86_64-linux-gnu/shish" "tests/yash" "complete-y.tst"
Directory: /home/roman/Projects/shish
"yash/complete-y.tst" start time: Aug 08 20:49 CEST
Output:
----------------------------------------------------------
complete-y.tst: 0/3 passed, 3 skipped
<end of output>
Test time =   0.02 sec
----------------------------------------------------------
Test Passed.
"yash/complete-y.tst" end time: Aug 08 20:49 CEST
"yash/complete-y.tst" time elapsed: 00:00:00
----------------------------------------------------------

173/262 Testing: yash/fc-y.tst
173/262 Test: yash/fc-y.tst
Command: "/usr/bin/sh" "tests/run-tst.sh" "/home/roman/Projects/shish/build/x86_64-linux-gnu/shish" "tests/yash" "fc-y.tst"
Directory: /home/roman/Projects/shish
"yash/fc-y.tst" start time: Aug 08 20:49 CEST
Output:
----------------------------------------------------------
fc-y.tst: 0/1 passed, 1 skipped
<end of output>
Test time =   0.02 sec
----------------------------------------------------------
Test Passed.
"yash/fc-y.tst" end time: Aug 08 20:49 CEST
"yash/fc-y.tst" time elapsed: 00:00:00
----------------------------------------------------------

186/262 Testing: yash/job-y.tst
186/262 Test: yash/job-y.tst
Command: "/usr/bin/sh" "tests/run-tst.sh" "/home/roman/Projects/shish/build/x86_64-linux-gnu/shish" "tests/yash" "job-y.tst"
Directory: /home/roman/Projects/shish
"yash/job-y.tst" start time: Aug 08 20:49 CEST
Output:
----------------------------------------------------------
job-y.tst: 0/1 passed, 1 skipped
<end of output>
Test time =   0.02 sec
----------------------------------------------------------
Test Passed.
"yash/job-y.tst" end time: Aug 08 20:49 CEST
"yash/job-y.tst" time elapsed: 00:00:00
----------------------------------------------------------

223/262 Testing: yash/signal-y.tst
223/262 Test: yash/signal-y.tst
Command: "/usr/bin/sh" "tests/run-tst.sh" "/home/roman/Projects/shish/build/x86_64-linux-gnu/shish" "tests/yash" "signal-y.tst"
Directory: /home/roman/Projects/shish
"yash/signal-y.tst" start time: Aug 08 20:49 CEST
Output:
----------------------------------------------------------
signal-y.tst: 0/2 passed, 2 skipped
<end of output>
Test time =   0.02 sec
----------------------------------------------------------
Test Passed.
"yash/signal-y.tst" end time: Aug 08 20:49 CEST
"yash/signal-y.tst" time elapsed: 00:00:00
----------------------------------------------------------

238/262 Testing: yash/sigrtmin7-y.tst
238/262 Test: yash/sigrtmin7-y.tst
Command: "/usr/bin/sh" "tests/run-tst.sh" "/home/roman/Projects/shish/build/x86_64-linux-gnu/shish" "tests/yash" "sigrtmin7-y.tst"
Directory: /home/roman/Projects/shish
"yash/sigrtmin7-y.tst" start time: Aug 08 20:49 CEST
Output:
----------------------------------------------------------
sigrtmin7-y.tst: 0/0 passed, 0 skipped
<end of output>
Test time =   0.02 sec
----------------------------------------------------------
Test Passed.
"yash/sigrtmin7-y.tst" end time: Aug 08 20:49 CEST
"yash/sigrtmin7-y.tst" time elapsed: 00:00:00
----------------------------------------------------------

212/262 Testing: yash/sigalrm6-y.tst
212/262 Test: yash/sigalrm6-y.tst
Command: "/usr/bin/sh" "tests/run-tst.sh" "/home/roman/Projects/shish/build/x86_64-linux-gnu/shish" "tests/yash" "sigalrm6-y.tst"
Directory: /home/roman/Projects/shish
"yash/sigalrm6-y.tst" start time: Aug 08 20:49 CEST
Output:
----------------------------------------------------------
sigalrm6-y.tst: 0/0 passed, 0 skipped
<end of output>
Test time =   0.02 sec
----------------------------------------------------------
Test Passed.
"yash/sigalrm6-y.tst" end time: Aug 08 20:49 CEST
"yash/sigalrm6-y.tst" time elapsed: 00:00:00
----------------------------------------------------------

62/262 Testing: posix/path-p.tst
62/262 Test: posix/path-p.tst
Command: "/usr/bin/sh" "tests/run-tst.sh" "/home/roman/Projects/shish/build/x86_64-linux-gnu/shish" "tests/posix" "path-p.tst"
Directory: /home/roman/Projects/shish
"posix/path-p.tst" start time: Aug 08 20:49 CEST
Output:
----------------------------------------------------------
path-p.tst: 10/10 passed, 0 skipped
<end of output>
Test time =   0.09 sec
----------------------------------------------------------
Test Passed.
"posix/path-p.tst" end time: Aug 08 20:49 CEST
"posix/path-p.tst" time elapsed: 00:00:00
----------------------------------------------------------

235/262 Testing: yash/sigrtmin4-y.tst
235/262 Test: yash/sigrtmin4-y.tst
Command: "/usr/bin/sh" "tests/run-tst.sh" "/home/roman/Projects/shish/build/x86_64-linux-gnu/shish" "tests/yash" "sigrtmin4-y.tst"
Directory: /home/roman/Projects/shish
"yash/sigrtmin4-y.tst" start time: Aug 08 20:49 CEST
Output:
----------------------------------------------------------
sigrtmin4-y.tst: 0/0 passed, 0 skipped
<end of output>
Test time =   0.02 sec
----------------------------------------------------------
Test Passed.
"yash/sigrtmin4-y.tst" end time: Aug 08 20:49 CEST
"yash/sigrtmin4-y.tst" time elapsed: 00:00:00
----------------------------------------------------------

217/262 Testing: yash/sigchld3-y.tst
217/262 Test: yash/sigchld3-y.tst
Command: "/usr/bin/sh" "tests/run-tst.sh" "/home/roman/Projects/shish/build/x86_64-linux-gnu/shish" "tests/yash" "sigchld3-y.tst"
Directory: /home/roman/Projects/shish
"yash/sigchld3-y.tst" start time: Aug 08 20:49 CEST
Output:
----------------------------------------------------------
sigchld3-y.tst: 0/0 passed, 0 skipped
<end of output>
Test time =   0.02 sec
----------------------------------------------------------
Test Passed.
"yash/sigchld3-y.tst" end time: Aug 08 20:49 CEST
"yash/sigchld3-y.tst" time elapsed: 00:00:00
----------------------------------------------------------

242/262 Testing: yash/sigwinch3-y.tst
242/262 Test: yash/sigwinch3-y.tst
Command: "/usr/bin/sh" "tests/run-tst.sh" "/home/roman/Projects/shish/build/x86_64-linux-gnu/shish" "tests/yash" "sigwinch3-y.tst"
Directory: /home/roman/Projects/shish
"yash/sigwinch3-y.tst" start time: Aug 08 20:49 CEST
Output:
----------------------------------------------------------
sigwinch3-y.tst: 0/0 passed, 0 skipped
<end of output>
Test time =   0.02 sec
----------------------------------------------------------
Test Passed.
"yash/sigwinch3-y.tst" end time: Aug 08 20:49 CEST
"yash/sigwinch3-y.tst" time elapsed: 00:00:00
----------------------------------------------------------

227/262 Testing: yash/sigrtmax4-y.tst
227/262 Test: yash/sigrtmax4-y.tst
Command: "/usr/bin/sh" "tests/run-tst.sh" "/home/roman/Projects/shish/build/x86_64-linux-gnu/shish" "tests/yash" "sigrtmax4-y.tst"
Directory: /home/roman/Projects/shish
"yash/sigrtmax4-y.tst" start time: Aug 08 20:49 CEST
Output:
----------------------------------------------------------
sigrtmax4-y.tst: 0/0 passed, 0 skipped
<end of output>
Test time =   0.02 sec
----------------------------------------------------------
Test Passed.
"yash/sigrtmax4-y.tst" end time: Aug 08 20:49 CEST
"yash/sigrtmax4-y.tst" time elapsed: 00:00:00
----------------------------------------------------------

210/262 Testing: yash/sigalrm4-y.tst
210/262 Test: yash/sigalrm4-y.tst
Command: "/usr/bin/sh" "tests/run-tst.sh" "/home/roman/Projects/shish/build/x86_64-linux-gnu/shish" "tests/yash" "sigalrm4-y.tst"
Directory: /home/roman/Projects/shish
"yash/sigalrm4-y.tst" start time: Aug 08 20:49 CEST
Output:
----------------------------------------------------------
sigalrm4-y.tst: 0/0 passed, 0 skipped
<end of output>
Test time =   0.02 sec
----------------------------------------------------------
Test Passed.
"yash/sigalrm4-y.tst" end time: Aug 08 20:49 CEST
"yash/sigalrm4-y.tst" time elapsed: 00:00:00
----------------------------------------------------------

214/262 Testing: yash/sigalrm8-y.tst
214/262 Test: yash/sigalrm8-y.tst
Command: "/usr/bin/sh" "tests/run-tst.sh" "/home/roman/Projects/shish/build/x86_64-linux-gnu/shish" "tests/yash" "sigalrm8-y.tst"
Directory: /home/roman/Projects/shish
"yash/sigalrm8-y.tst" start time: Aug 08 20:49 CEST
Output:
----------------------------------------------------------
sigalrm8-y.tst: 0/0 passed, 0 skipped
<end of output>
Test time =   0.02 sec
----------------------------------------------------------
Test Passed.
"yash/sigalrm8-y.tst" end time: Aug 08 20:49 CEST
"yash/sigalrm8-y.tst" time elapsed: 00:00:00
----------------------------------------------------------

226/262 Testing: yash/sigrtmax3-y.tst
226/262 Test: yash/sigrtmax3-y.tst
Command: "/usr/bin/sh" "tests/run-tst.sh" "/home/roman/Projects/shish/build/x86_64-linux-gnu/shish" "tests/yash" "sigrtmax3-y.tst"
Directory: /home/roman/Projects/shish
"yash/sigrtmax3-y.tst" start time: Aug 08 20:49 CEST
Output:
----------------------------------------------------------
sigrtmax3-y.tst: 0/0 passed, 0 skipped
<end of output>
Test time =   0.02 sec
----------------------------------------------------------
Test Passed.
"yash/sigrtmax3-y.tst" end time: Aug 08 20:49 CEST
"yash/sigrtmax3-y.tst" time elapsed: 00:00:00
----------------------------------------------------------

231/262 Testing: yash/sigrtmax8-y.tst
231/262 Test: yash/sigrtmax8-y.tst
Command: "/usr/bin/sh" "tests/run-tst.sh" "/home/roman/Projects/shish/build/x86_64-linux-gnu/shish" "tests/yash" "sigrtmax8-y.tst"
Directory: /home/roman/Projects/shish
"yash/sigrtmax8-y.tst" start time: Aug 08 20:49 CEST
Output:
----------------------------------------------------------
sigrtmax8-y.tst: 0/0 passed, 0 skipped
<end of output>
Test time =   0.02 sec
----------------------------------------------------------
Test Passed.
"yash/sigrtmax8-y.tst" end time: Aug 08 20:49 CEST
"yash/sigrtmax8-y.tst" time elapsed: 00:00:00
----------------------------------------------------------

222/262 Testing: yash/sigchld8-y.tst
222/262 Test: yash/sigchld8-y.tst
Command: "/usr/bin/sh" "tests/run-tst.sh" "/home/roman/Projects/shish/build/x86_64-linux-gnu/shish" "tests/yash" "sigchld8-y.tst"
Directory: /home/roman/Projects/shish
"yash/sigchld8-y.tst" start time: Aug 08 20:49 CEST
Output:
----------------------------------------------------------
sigchld8-y.tst: 0/0 passed, 0 skipped
<end of output>
Test time =   0.02 sec
----------------------------------------------------------
Test Passed.
"yash/sigchld8-y.tst" end time: Aug 08 20:49 CEST
"yash/sigchld8-y.tst" time elapsed: 00:00:00
----------------------------------------------------------

209/262 Testing: yash/sigalrm3-y.tst
209/262 Test: yash/sigalrm3-y.tst
Command: "/usr/bin/sh" "tests/run-tst.sh" "/home/roman/Projects/shish/build/x86_64-linux-gnu/shish" "tests/yash" "sigalrm3-y.tst"
Directory: /home/roman/Projects/shish
"yash/sigalrm3-y.tst" start time: Aug 08 20:49 CEST
Output:
----------------------------------------------------------
sigalrm3-y.tst: 0/0 passed, 0 skipped
<end of output>
Test time =   0.02 sec
----------------------------------------------------------
Test Passed.
"yash/sigalrm3-y.tst" end time: Aug 08 20:49 CEST
"yash/sigalrm3-y.tst" time elapsed: 00:00:00
----------------------------------------------------------

230/262 Testing: yash/sigrtmax7-y.tst
230/262 Test: yash/sigrtmax7-y.tst
Command: "/usr/bin/sh" "tests/run-tst.sh" "/home/roman/Projects/shish/build/x86_64-linux-gnu/shish" "tests/yash" "sigrtmax7-y.tst"
Directory: /home/roman/Projects/shish
"yash/sigrtmax7-y.tst" start time: Aug 08 20:49 CEST
Output:
----------------------------------------------------------
sigrtmax7-y.tst: 0/0 passed, 0 skipped
<end of output>
Test time =   0.02 sec
----------------------------------------------------------
Test Passed.
"yash/sigrtmax7-y.tst" end time: Aug 08 20:49 CEST
"yash/sigrtmax7-y.tst" time elapsed: 00:00:00
----------------------------------------------------------

234/262 Testing: yash/sigrtmin3-y.tst
234/262 Test: yash/sigrtmin3-y.tst
Command: "/usr/bin/sh" "tests/run-tst.sh" "/home/roman/Projects/shish/build/x86_64-linux-gnu/shish" "tests/yash" "sigrtmin3-y.tst"
Directory: /home/roman/Projects/shish
"yash/sigrtmin3-y.tst" start time: Aug 08 20:49 CEST
Output:
----------------------------------------------------------
sigrtmin3-y.tst: 0/0 passed, 0 skipped
<end of output>
Test time =   0.02 sec
----------------------------------------------------------
Test Passed.
"yash/sigrtmin3-y.tst" end time: Aug 08 20:49 CEST
"yash/sigrtmin3-y.tst" time elapsed: 00:00:00
----------------------------------------------------------

221/262 Testing: yash/sigchld7-y.tst
221/262 Test: yash/sigchld7-y.tst
Command: "/usr/bin/sh" "tests/run-tst.sh" "/home/roman/Projects/shish/build/x86_64-linux-gnu/shish" "tests/yash" "sigchld7-y.tst"
Directory: /home/roman/Projects/shish
"yash/sigchld7-y.tst" start time: Aug 08 20:49 CEST
Output:
----------------------------------------------------------
sigchld7-y.tst: 0/0 passed, 0 skipped
<end of output>
Test time =   0.02 sec
----------------------------------------------------------
Test Passed.
"yash/sigchld7-y.tst" end time: Aug 08 20:49 CEST
"yash/sigchld7-y.tst" time elapsed: 00:00:00
----------------------------------------------------------

216/262 Testing: yash/sigchld2-y.tst
216/262 Test: yash/sigchld2-y.tst
Command: "/usr/bin/sh" "tests/run-tst.sh" "/home/roman/Projects/shish/build/x86_64-linux-gnu/shish" "tests/yash" "sigchld2-y.tst"
Directory: /home/roman/Projects/shish
"yash/sigchld2-y.tst" start time: Aug 08 20:49 CEST
Output:
----------------------------------------------------------
sigchld2-y.tst: 0/0 passed, 0 skipped
<end of output>
Test time =   0.02 sec
----------------------------------------------------------
Test Passed.
"yash/sigchld2-y.tst" end time: Aug 08 20:49 CEST
"yash/sigchld2-y.tst" time elapsed: 00:00:00
----------------------------------------------------------

243/262 Testing: yash/sigwinch4-y.tst
243/262 Test: yash/sigwinch4-y.tst
Command: "/usr/bin/sh" "tests/run-tst.sh" "/home/roman/Projects/shish/build/x86_64-linux-gnu/shish" "tests/yash" "sigwinch4-y.tst"
Directory: /home/roman/Projects/shish
"yash/sigwinch4-y.tst" start time: Aug 08 20:49 CEST
Output:
----------------------------------------------------------
sigwinch4-y.tst: 0/0 passed, 0 skipped
<end of output>
Test time =   0.02 sec
----------------------------------------------------------
Test Passed.
"yash/sigwinch4-y.tst" end time: Aug 08 20:49 CEST
"yash/sigwinch4-y.tst" time elapsed: 00:00:00
----------------------------------------------------------

232/262 Testing: yash/sigrtmin1-y.tst
232/262 Test: yash/sigrtmin1-y.tst
Command: "/usr/bin/sh" "tests/run-tst.sh" "/home/roman/Projects/shish/build/x86_64-linux-gnu/shish" "tests/yash" "sigrtmin1-y.tst"
Directory: /home/roman/Projects/shish
"yash/sigrtmin1-y.tst" start time: Aug 08 20:49 CEST
Output:
----------------------------------------------------------
sigrtmin1-y.tst: 0/0 passed, 0 skipped
<end of output>
Test time =   0.02 sec
----------------------------------------------------------
Test Passed.
"yash/sigrtmin1-y.tst" end time: Aug 08 20:49 CEST
"yash/sigrtmin1-y.tst" time elapsed: 00:00:00
----------------------------------------------------------

247/262 Testing: yash/sigwinch8-y.tst
247/262 Test: yash/sigwinch8-y.tst
Command: "/usr/bin/sh" "tests/run-tst.sh" "/home/roman/Projects/shish/build/x86_64-linux-gnu/shish" "tests/yash" "sigwinch8-y.tst"
Directory: /home/roman/Projects/shish
"yash/sigwinch8-y.tst" start time: Aug 08 20:49 CEST
Output:
----------------------------------------------------------
sigwinch8-y.tst: 0/0 passed, 0 skipped
<end of output>
Test time =   0.02 sec
----------------------------------------------------------
Test Passed.
"yash/sigwinch8-y.tst" end time: Aug 08 20:49 CEST
"yash/sigwinch8-y.tst" time elapsed: 00:00:00
----------------------------------------------------------

220/262 Testing: yash/sigchld6-y.tst
220/262 Test: yash/sigchld6-y.tst
Command: "/usr/bin/sh" "tests/run-tst.sh" "/home/roman/Projects/shish/build/x86_64-linux-gnu/shish" "tests/yash" "sigchld6-y.tst"
Directory: /home/roman/Projects/shish
"yash/sigchld6-y.tst" start time: Aug 08 20:49 CEST
Output:
----------------------------------------------------------
sigchld6-y.tst: 0/0 passed, 0 skipped
<end of output>
Test time =   0.02 sec
----------------------------------------------------------
Test Passed.
"yash/sigchld6-y.tst" end time: Aug 08 20:49 CEST
"yash/sigchld6-y.tst" time elapsed: 00:00:00
----------------------------------------------------------

215/262 Testing: yash/sigchld1-y.tst
215/262 Test: yash/sigchld1-y.tst
Command: "/usr/bin/sh" "tests/run-tst.sh" "/home/roman/Projects/shish/build/x86_64-linux-gnu/shish" "tests/yash" "sigchld1-y.tst"
Directory: /home/roman/Projects/shish
"yash/sigchld1-y.tst" start time: Aug 08 20:49 CEST
Output:
----------------------------------------------------------
sigchld1-y.tst: 0/0 passed, 0 skipped
<end of output>
Test time =   0.02 sec
----------------------------------------------------------
Test Passed.
"yash/sigchld1-y.tst" end time: Aug 08 20:49 CEST
"yash/sigchld1-y.tst" time elapsed: 00:00:00
----------------------------------------------------------

246/262 Testing: yash/sigwinch7-y.tst
246/262 Test: yash/sigwinch7-y.tst
Command: "/usr/bin/sh" "tests/run-tst.sh" "/home/roman/Projects/shish/build/x86_64-linux-gnu/shish" "tests/yash" "sigwinch7-y.tst"
Directory: /home/roman/Projects/shish
"yash/sigwinch7-y.tst" start time: Aug 08 20:49 CEST
Output:
----------------------------------------------------------
sigwinch7-y.tst: 0/0 passed, 0 skipped
<end of output>
Test time =   0.02 sec
----------------------------------------------------------
Test Passed.
"yash/sigwinch7-y.tst" end time: Aug 08 20:49 CEST
"yash/sigwinch7-y.tst" time elapsed: 00:00:00
----------------------------------------------------------

233/262 Testing: yash/sigrtmin2-y.tst
233/262 Test: yash/sigrtmin2-y.tst
Command: "/usr/bin/sh" "tests/run-tst.sh" "/home/roman/Projects/shish/build/x86_64-linux-gnu/shish" "tests/yash" "sigrtmin2-y.tst"
Directory: /home/roman/Projects/shish
"yash/sigrtmin2-y.tst" start time: Aug 08 20:49 CEST
Output:
----------------------------------------------------------
sigrtmin2-y.tst: 0/0 passed, 0 skipped
<end of output>
Test time =   0.02 sec
----------------------------------------------------------
Test Passed.
"yash/sigrtmin2-y.tst" end time: Aug 08 20:49 CEST
"yash/sigrtmin2-y.tst" time elapsed: 00:00:00
----------------------------------------------------------

207/262 Testing: yash/sigalrm1-y.tst
207/262 Test: yash/sigalrm1-y.tst
Command: "/usr/bin/sh" "tests/run-tst.sh" "/home/roman/Projects/shish/build/x86_64-linux-gnu/shish" "tests/yash" "sigalrm1-y.tst"
Directory: /home/roman/Projects/shish
"yash/sigalrm1-y.tst" start time: Aug 08 20:49 CEST
Output:
----------------------------------------------------------
sigalrm1-y.tst: 0/0 passed, 0 skipped
<end of output>
Test time =   0.02 sec
----------------------------------------------------------
Test Passed.
"yash/sigalrm1-y.tst" end time: Aug 08 20:49 CEST
"yash/sigalrm1-y.tst" time elapsed: 00:00:00
----------------------------------------------------------

208/262 Testing: yash/sigalrm2-y.tst
208/262 Test: yash/sigalrm2-y.tst
Command: "/usr/bin/sh" "tests/run-tst.sh" "/home/roman/Projects/shish/build/x86_64-linux-gnu/shish" "tests/yash" "sigalrm2-y.tst"
Directory: /home/roman/Projects/shish
"yash/sigalrm2-y.tst" start time: Aug 08 20:49 CEST
Output:
----------------------------------------------------------
sigalrm2-y.tst: 0/0 passed, 0 skipped
<end of output>
Test time =   0.02 sec
----------------------------------------------------------
Test Passed.
"yash/sigalrm2-y.tst" end time: Aug 08 20:49 CEST
"yash/sigalrm2-y.tst" time elapsed: 00:00:00
----------------------------------------------------------

229/262 Testing: yash/sigrtmax6-y.tst
229/262 Test: yash/sigrtmax6-y.tst
Command: "/usr/bin/sh" "tests/run-tst.sh" "/home/roman/Projects/shish/build/x86_64-linux-gnu/shish" "tests/yash" "sigrtmax6-y.tst"
Directory: /home/roman/Projects/shish
"yash/sigrtmax6-y.tst" start time: Aug 08 20:49 CEST
Output:
----------------------------------------------------------
sigrtmax6-y.tst: 0/0 passed, 0 skipped
<end of output>
Test time =   0.02 sec
----------------------------------------------------------
Test Passed.
"yash/sigrtmax6-y.tst" end time: Aug 08 20:49 CEST
"yash/sigrtmax6-y.tst" time elapsed: 00:00:00
----------------------------------------------------------

213/262 Testing: yash/sigalrm7-y.tst
213/262 Test: yash/sigalrm7-y.tst
Command: "/usr/bin/sh" "tests/run-tst.sh" "/home/roman/Projects/shish/build/x86_64-linux-gnu/shish" "tests/yash" "sigalrm7-y.tst"
Directory: /home/roman/Projects/shish
"yash/sigalrm7-y.tst" start time: Aug 08 20:49 CEST
Output:
----------------------------------------------------------
sigalrm7-y.tst: 0/0 passed, 0 skipped
<end of output>
Test time =   0.02 sec
----------------------------------------------------------
Test Passed.
"yash/sigalrm7-y.tst" end time: Aug 08 20:49 CEST
"yash/sigalrm7-y.tst" time elapsed: 00:00:00
----------------------------------------------------------

218/262 Testing: yash/sigchld4-y.tst
218/262 Test: yash/sigchld4-y.tst
Command: "/usr/bin/sh" "tests/run-tst.sh" "/home/roman/Projects/shish/build/x86_64-linux-gnu/shish" "tests/yash" "sigchld4-y.tst"
Directory: /home/roman/Projects/shish
"yash/sigchld4-y.tst" start time: Aug 08 20:49 CEST
Output:
----------------------------------------------------------
sigchld4-y.tst: 0/0 passed, 0 skipped
<end of output>
Test time =   0.02 sec
----------------------------------------------------------
Test Passed.
"yash/sigchld4-y.tst" end time: Aug 08 20:49 CEST
"yash/sigchld4-y.tst" time elapsed: 00:00:00
----------------------------------------------------------

241/262 Testing: yash/sigwinch2-y.tst
241/262 Test: yash/sigwinch2-y.tst
Command: "/usr/bin/sh" "tests/run-tst.sh" "/home/roman/Projects/shish/build/x86_64-linux-gnu/shish" "tests/yash" "sigwinch2-y.tst"
Directory: /home/roman/Projects/shish
"yash/sigwinch2-y.tst" start time: Aug 08 20:49 CEST
Output:
----------------------------------------------------------
sigwinch2-y.tst: 0/0 passed, 0 skipped
<end of output>
Test time =   0.02 sec
----------------------------------------------------------
Test Passed.
"yash/sigwinch2-y.tst" end time: Aug 08 20:49 CEST
"yash/sigwinch2-y.tst" time elapsed: 00:00:00
----------------------------------------------------------

23/262 Testing: param.sh
23/262 Test: param.sh
Command: "/home/roman/Projects/shish/build/x86_64-linux-gnu/shish" "tests/param.sh"
Directory: /home/roman/Projects/shish
"param.sh" start time: Aug 08 20:49 CEST
Output:
----------------------------------------------------------
: [32mOK[0m
: [32mOK[0m
: [32mOK[0m
: [32mOK[0m
: [32mOK[0m
: [32mOK[0m
: [32mOK[0m
: [32mOK[0m
: [32mOK[0m
: [32mOK[0m
: [32mOK[0m
: [32mOK[0m
: [32mOK[0m
: [32mOK[0m
: [32mOK[0m
: [32mOK[0m
: [32mOK[0m
: [32mOK[0m
: [32mOK[0m
: [32mOK[0m
: [32mOK[0m
: [32mOK[0m
: [32mOK[0m
: [32mOK[0m
: [32mOK[0m
: [32mOK[0m
: [32mOK[0m
: [32mOK[0m
XXX: 1
: [32mOK[0m
: [32mOK[0m
: [32mOK[0m
: [32mOK[0m
: [32mOK[0m
: [32mOK[0m
: [32mOK[0m
: [32mOK[0m
: [32mOK[0m
Tests succeeded: 37
Tests failed: 0
Success
<end of output>
Test time =   1.00 sec
----------------------------------------------------------
Test Passed.
"param.sh" end time: Aug 08 20:49 CEST
"param.sh" time elapsed: 00:00:01
----------------------------------------------------------

239/262 Testing: yash/sigrtmin8-y.tst
239/262 Test: yash/sigrtmin8-y.tst
Command: "/usr/bin/sh" "tests/run-tst.sh" "/home/roman/Projects/shish/build/x86_64-linux-gnu/shish" "tests/yash" "sigrtmin8-y.tst"
Directory: /home/roman/Projects/shish
"yash/sigrtmin8-y.tst" start time: Aug 08 20:49 CEST
Output:
----------------------------------------------------------
sigrtmin8-y.tst: 0/0 passed, 0 skipped
<end of output>
Test time =   0.02 sec
----------------------------------------------------------
Test Passed.
"yash/sigrtmin8-y.tst" end time: Aug 08 20:49 CEST
"yash/sigrtmin8-y.tst" time elapsed: 00:00:00
----------------------------------------------------------

219/262 Testing: yash/sigchld5-y.tst
219/262 Test: yash/sigchld5-y.tst
Command: "/usr/bin/sh" "tests/run-tst.sh" "/home/roman/Projects/shish/build/x86_64-linux-gnu/shish" "tests/yash" "sigchld5-y.tst"
Directory: /home/roman/Projects/shish
"yash/sigchld5-y.tst" start time: Aug 08 20:49 CEST
Output:
----------------------------------------------------------
sigchld5-y.tst: 0/0 passed, 0 skipped
<end of output>
Test time =   0.02 sec
----------------------------------------------------------
Test Passed.
"yash/sigchld5-y.tst" end time: Aug 08 20:49 CEST
"yash/sigchld5-y.tst" time elapsed: 00:00:00
----------------------------------------------------------

237/262 Testing: yash/sigrtmin6-y.tst
237/262 Test: yash/sigrtmin6-y.tst
Command: "/usr/bin/sh" "tests/run-tst.sh" "/home/roman/Projects/shish/build/x86_64-linux-gnu/shish" "tests/yash" "sigrtmin6-y.tst"
Directory: /home/roman/Projects/shish
"yash/sigrtmin6-y.tst" start time: Aug 08 20:49 CEST
Output:
----------------------------------------------------------
sigrtmin6-y.tst: 0/0 passed, 0 skipped
<end of output>
Test time =   0.02 sec
----------------------------------------------------------
Test Passed.
"yash/sigrtmin6-y.tst" end time: Aug 08 20:49 CEST
"yash/sigrtmin6-y.tst" time elapsed: 00:00:00
----------------------------------------------------------

240/262 Testing: yash/sigwinch1-y.tst
240/262 Test: yash/sigwinch1-y.tst
Command: "/usr/bin/sh" "tests/run-tst.sh" "/home/roman/Projects/shish/build/x86_64-linux-gnu/shish" "tests/yash" "sigwinch1-y.tst"
Directory: /home/roman/Projects/shish
"yash/sigwinch1-y.tst" start time: Aug 08 20:49 CEST
Output:
----------------------------------------------------------
sigwinch1-y.tst: 0/0 passed, 0 skipped
<end of output>
Test time =   0.02 sec
----------------------------------------------------------
Test Passed.
"yash/sigwinch1-y.tst" end time: Aug 08 20:49 CEST
"yash/sigwinch1-y.tst" time elapsed: 00:00:00
----------------------------------------------------------

245/262 Testing: yash/sigwinch6-y.tst
245/262 Test: yash/sigwinch6-y.tst
Command: "/usr/bin/sh" "tests/run-tst.sh" "/home/roman/Projects/shish/build/x86_64-linux-gnu/shish" "tests/yash" "sigwinch6-y.tst"
Directory: /home/roman/Projects/shish
"yash/sigwinch6-y.tst" start time: Aug 08 20:49 CEST
Output:
----------------------------------------------------------
sigwinch6-y.tst: 0/0 passed, 0 skipped
<end of output>
Test time =   0.02 sec
----------------------------------------------------------
Test Passed.
"yash/sigwinch6-y.tst" end time: Aug 08 20:49 CEST
"yash/sigwinch6-y.tst" time elapsed: 00:00:00
----------------------------------------------------------

228/262 Testing: yash/sigrtmax5-y.tst
228/262 Test: yash/sigrtmax5-y.tst
Command: "/usr/bin/sh" "tests/run-tst.sh" "/home/roman/Projects/shish/build/x86_64-linux-gnu/shish" "tests/yash" "sigrtmax5-y.tst"
Directory: /home/roman/Projects/shish
"yash/sigrtmax5-y.tst" start time: Aug 08 20:49 CEST
Output:
----------------------------------------------------------
sigrtmax5-y.tst: 0/0 passed, 0 skipped
<end of output>
Test time =   0.02 sec
----------------------------------------------------------
Test Passed.
"yash/sigrtmax5-y.tst" end time: Aug 08 20:49 CEST
"yash/sigrtmax5-y.tst" time elapsed: 00:00:00
----------------------------------------------------------

244/262 Testing: yash/sigwinch5-y.tst
244/262 Test: yash/sigwinch5-y.tst
Command: "/usr/bin/sh" "tests/run-tst.sh" "/home/roman/Projects/shish/build/x86_64-linux-gnu/shish" "tests/yash" "sigwinch5-y.tst"
Directory: /home/roman/Projects/shish
"yash/sigwinch5-y.tst" start time: Aug 08 20:49 CEST
Output:
----------------------------------------------------------
sigwinch5-y.tst: 0/0 passed, 0 skipped
<end of output>
Test time =   0.02 sec
----------------------------------------------------------
Test Passed.
"yash/sigwinch5-y.tst" end time: Aug 08 20:49 CEST
"yash/sigwinch5-y.tst" time elapsed: 00:00:00
----------------------------------------------------------

211/262 Testing: yash/sigalrm5-y.tst
211/262 Test: yash/sigalrm5-y.tst
Command: "/usr/bin/sh" "tests/run-tst.sh" "/home/roman/Projects/shish/build/x86_64-linux-gnu/shish" "tests/yash" "sigalrm5-y.tst"
Directory: /home/roman/Projects/shish
"yash/sigalrm5-y.tst" start time: Aug 08 20:49 CEST
Output:
----------------------------------------------------------
sigalrm5-y.tst: 0/0 passed, 0 skipped
<end of output>
Test time =   0.02 sec
----------------------------------------------------------
Test Passed.
"yash/sigalrm5-y.tst" end time: Aug 08 20:49 CEST
"yash/sigalrm5-y.tst" time elapsed: 00:00:00
----------------------------------------------------------

236/262 Testing: yash/sigrtmin5-y.tst
236/262 Test: yash/sigrtmin5-y.tst
Command: "/usr/bin/sh" "tests/run-tst.sh" "/home/roman/Projects/shish/build/x86_64-linux-gnu/shish" "tests/yash" "sigrtmin5-y.tst"
Directory: /home/roman/Projects/shish
"yash/sigrtmin5-y.tst" start time: Aug 08 20:49 CEST
Output:
----------------------------------------------------------
sigrtmin5-y.tst: 0/0 passed, 0 skipped
<end of output>
Test time =   0.02 sec
----------------------------------------------------------
Test Passed.
"yash/sigrtmin5-y.tst" end time: Aug 08 20:49 CEST
"yash/sigrtmin5-y.tst" time elapsed: 00:00:00
----------------------------------------------------------

225/262 Testing: yash/sigrtmax2-y.tst
225/262 Test: yash/sigrtmax2-y.tst
Command: "/usr/bin/sh" "tests/run-tst.sh" "/home/roman/Projects/shish/build/x86_64-linux-gnu/shish" "tests/yash" "sigrtmax2-y.tst"
Directory: /home/roman/Projects/shish
"yash/sigrtmax2-y.tst" start time: Aug 08 20:49 CEST
Output:
----------------------------------------------------------
sigrtmax2-y.tst: 0/0 passed, 0 skipped
<end of output>
Test time =   0.02 sec
----------------------------------------------------------
Test Passed.
"yash/sigrtmax2-y.tst" end time: Aug 08 20:49 CEST
"yash/sigrtmax2-y.tst" time elapsed: 00:00:00
----------------------------------------------------------

224/262 Testing: yash/sigrtmax1-y.tst
224/262 Test: yash/sigrtmax1-y.tst
Command: "/usr/bin/sh" "tests/run-tst.sh" "/home/roman/Projects/shish/build/x86_64-linux-gnu/shish" "tests/yash" "sigrtmax1-y.tst"
Directory: /home/roman/Projects/shish
"yash/sigrtmax1-y.tst" start time: Aug 08 20:49 CEST
Output:
----------------------------------------------------------
sigrtmax1-y.tst: 0/0 passed, 0 skipped
<end of output>
Test time =   0.02 sec
----------------------------------------------------------
Test Passed.
"yash/sigrtmax1-y.tst" end time: Aug 08 20:49 CEST
"yash/sigrtmax1-y.tst" time elapsed: 00:00:00
----------------------------------------------------------

28/262 Testing: posix/bg-p.tst
28/262 Test: posix/bg-p.tst
Command: "/usr/bin/sh" "tests/run-tst.sh" "/home/roman/Projects/shish/build/x86_64-linux-gnu/shish" "tests/posix" "bg-p.tst"
Directory: /home/roman/Projects/shish
"posix/bg-p.tst" start time: Aug 08 20:49 CEST
Output:
----------------------------------------------------------
bg-p.tst: 0/11 passed, 11 skipped
<end of output>
Test time =   0.04 sec
----------------------------------------------------------
Test Passed.
"posix/bg-p.tst" end time: Aug 08 20:49 CEST
"posix/bg-p.tst" time elapsed: 00:00:00
----------------------------------------------------------

40/262 Testing: posix/eval-p.tst
40/262 Test: posix/eval-p.tst
Command: "/usr/bin/sh" "tests/run-tst.sh" "/home/roman/Projects/shish/build/x86_64-linux-gnu/shish" "tests/posix" "eval-p.tst"
Directory: /home/roman/Projects/shish
"posix/eval-p.tst" start time: Aug 08 20:49 CEST
Output:
----------------------------------------------------------
eval-p.tst: 6/6 passed, 0 skipped
<end of output>
Test time =   0.06 sec
----------------------------------------------------------
Test Passed.
"posix/eval-p.tst" end time: Aug 08 20:49 CEST
"posix/eval-p.tst" time elapsed: 00:00:00
----------------------------------------------------------

142/262 Testing: posix/wait-p.tst
142/262 Test: posix/wait-p.tst
Command: "/usr/bin/sh" "tests/run-tst.sh" "/home/roman/Projects/shish/build/x86_64-linux-gnu/shish" "tests/posix" "wait-p.tst"
Directory: /home/roman/Projects/shish
"posix/wait-p.tst" start time: Aug 08 20:49 CEST
Output:
----------------------------------------------------------
wait-p.tst: 0/16 passed, 16 skipped
<end of output>
Test time =   0.05 sec
----------------------------------------------------------
Test Passed.
"posix/wait-p.tst" end time: Aug 08 20:49 CEST
"posix/wait-p.tst" time elapsed: 00:00:00
----------------------------------------------------------

44/262 Testing: posix/fg-p.tst
44/262 Test: posix/fg-p.tst
Command: "/usr/bin/sh" "tests/run-tst.sh" "/home/roman/Projects/shish/build/x86_64-linux-gnu/shish" "tests/posix" "fg-p.tst"
Directory: /home/roman/Projects/shish
"posix/fg-p.tst" start time: Aug 08 20:49 CEST
Output:
----------------------------------------------------------
fg-p.tst: 0/8 passed, 8 skipped
<end of output>
Test time =   0.04 sec
----------------------------------------------------------
Test Passed.
"posix/fg-p.tst" end time: Aug 08 20:49 CEST
"posix/fg-p.tst" time elapsed: 00:00:00
----------------------------------------------------------

136/262 Testing: posix/testtty-p.tst
136/262 Test: posix/testtty-p.tst
Command: "/usr/bin/sh" "tests/run-tst.sh" "/home/roman/Projects/shish/build/x86_64-linux-gnu/shish" "tests/posix" "testtty-p.tst"
Directory: /home/roman/Projects/shish
"posix/testtty-p.tst" start time: Aug 08 20:49 CEST
Output:
----------------------------------------------------------
testtty-p.tst: 0/9 passed, 9 skipped
<end of output>
Test time =   0.04 sec
----------------------------------------------------------
Test Passed.
"posix/testtty-p.tst" end time: Aug 08 20:49 CEST
"posix/testtty-p.tst" time elapsed: 00:00:00
----------------------------------------------------------

59/262 Testing: posix/nop-p.tst
59/262 Test: posix/nop-p.tst
Command: "/usr/bin/sh" "tests/run-tst.sh" "/home/roman/Projects/shish/build/x86_64-linux-gnu/shish" "tests/posix" "nop-p.tst"
Directory: /home/roman/Projects/shish
"posix/nop-p.tst" start time: Aug 08 20:49 CEST
Output:
----------------------------------------------------------
nop-p.tst: 4/4 passed, 0 skipped
<end of output>
Test time =   0.05 sec
----------------------------------------------------------
Test Passed.
"posix/nop-p.tst" end time: Aug 08 20:49 CEST
"posix/nop-p.tst" time elapsed: 00:00:00
----------------------------------------------------------

17/262 Testing: expand-tilde.sh
17/262 Test: expand-tilde.sh
Command: "/home/roman/Projects/shish/build/x86_64-linux-gnu/shish" "tests/expand-tilde.sh"
Directory: /home/roman/Projects/shish
"expand-tilde.sh" start time: Aug 08 20:49 CEST
Output:
----------------------------------------------------------
a bare ~ expands to $HOME: [32mOK[0m
~/foo expands to $HOME/foo: [32mOK[0m
a double-quoted ~ is never expanded: [32mOK[0m
a single-quoted ~ is never expanded: [32mOK[0m
~user expands via that user's passwd entry: [32mOK[0m
~unknownuser is left completely unmodified, not an error: [32mOK[0m
~ respects a HOME reassignment: [32mOK[0m
an assignment's value (X=~/foo) is tilde-expanded too: [32mOK[0m
a bare ~ as a whole assignment value expands the same way: [32mOK[0m
each ~-prefix following an unquoted ':' in an assignment value is expanded independently: [32mOK[0m
a tilde-expansion's result is not subject to field splitting, even if it contains IFS whitespace: [32mOK[0m
a tilde-expansion's result is used as a literal string, not re-expanded even if it looks like a substitution: [32mOK[0m
~ expands fresh on every loop iteration, not just the first: [32mOK[0m
same, for tilde inside a repeatedly-evaluated assignment: [32mOK[0m
Tests succeeded: 14
Tests failed: 0
Success
<end of output>
Test time =   0.00 sec
----------------------------------------------------------
Test Passed.
"expand-tilde.sh" end time: Aug 08 20:49 CEST
"expand-tilde.sh" time elapsed: 00:00:00
----------------------------------------------------------

16/262 Testing: expand-brace.sh
16/262 Test: expand-brace.sh
Command: "/home/roman/Projects/shish/build/x86_64-linux-gnu/shish" "tests/expand-brace.sh"
Directory: /home/roman/Projects/shish
"expand-brace.sh" start time: Aug 08 20:49 CEST
Output:
----------------------------------------------------------
a plain comma-list expands to one word per alternative: [32mOK[0m
a prefix/suffix around the group is kept on every alternative: [32mOK[0m
two groups in the same word combine (Cartesian product): [32mOK[0m
a brace group with no comma at all is not a valid expansion, left literal: [32mOK[0m
a quoted brace group is never expanded: [32mOK[0m
set +B turns brace expansion off: [32mOK[0m
set -B turns it back on: [32mOK[0m
a word mixing a substitution with a brace group is left entirely literal (v1 scope limit): [32mOK[0m
[...]
"yash/tilde-y.tst" time elapsed: 00:00:00
----------------------------------------------------------

254/262 Testing: yash/times-y.tst
254/262 Test: yash/times-y.tst
Command: "/usr/bin/sh" "tests/run-tst.sh" "/home/roman/Projects/shish/build/x86_64-linux-gnu/shish" "tests/yash" "times-y.tst"
Directory: /home/roman/Projects/shish
"yash/times-y.tst" start time: Aug 08 20:51 CEST
Output:
----------------------------------------------------------
times-y.tst: 0/3 passed, 0 skipped
%%% FAILED: times-y.tst:3: too many operands
%%% FAILED: times-y.tst:9: invalid option --xxx
%%% FAILED: times-y.tst:17: printing to closed output stream
(see tests/yash/times-y.trs for full diffs)
<end of output>
Test time =   0.05 sec
----------------------------------------------------------
Test Failed.
"yash/times-y.tst" end time: Aug 08 20:51 CEST
"yash/times-y.tst" time elapsed: 00:00:00
----------------------------------------------------------

249/262 Testing: yash/startup-y.tst
249/262 Test: yash/startup-y.tst
Command: "/usr/bin/sh" "tests/run-tst.sh" "/home/roman/Projects/shish/build/x86_64-linux-gnu/shish" "tests/yash" "startup-y.tst"
Directory: /home/roman/Projects/shish
"yash/startup-y.tst" start time: Aug 08 20:51 CEST
Output:
----------------------------------------------------------
startup-y.tst: 13/74 passed, 2 skipped
%%% FAILED: startup-y.tst:6: two operands with -c
%%% FAILED: startup-y.tst:79: $0 with -s
%%% FAILED: startup-y.tst:87: negating -c and enabling -s
%%% FAILED: startup-y.tst:98: missing command with -c
%%% FAILED: startup-y.tst:103: options -c and -s are mutually exclusive (separate)
%%% FAILED: startup-y.tst:108: options -c and -s are mutually exclusive (combined)
%%% FAILED: startup-y.tst:113: options -c and -s are mutually exclusive (long)
%%% FAILED: startup-y.tst:118: options -c and -s are mutually exclusive (-o)
%%% FAILED: startup-y.tst:166: reading non-readable file
%%% FAILED: startup-y.tst:171: reading non-existing file
%%% FAILED: startup-y.tst:177: LOADPATH is set to default if missing
%%% FAILED: startup-y.tst:202: startup: no argument
%%% FAILED: startup-y.tst:208: startup: -c
%%% FAILED: startup-y.tst:213: startup: -cl, short option, with profile
%%% FAILED: startup-y.tst:219: startup: -cl, long option, with profile
%%% FAILED: startup-y.tst:225: startup: -ci +m, short option, with rcfile
%%% FAILED: startup-y.tst:231: startup: -ci +m, long option, with rcfile
%%% FAILED: startup-y.tst:238: startup: -cil +m, short option, with profile/rcfile
%%% FAILED: startup-y.tst:245: startup: -cil +m, long option, with profile/rcfile
%%% FAILED: startup-y.tst:253: startup: -cil +m --noprofile
%%% FAILED: startup-y.tst:259: startup: -cil +m --norcfile
%%% FAILED: startup-y.tst:267: startup: -cl with unset HOME
%%% FAILED: startup-y.tst:272: startup: -ci +m with unset HOME
%%% FAILED: startup-y.tst:280: startup: -cl with non-existing HOME
%%% FAILED: startup-y.tst:285: startup: -ci +m with non-existing HOME
%%% FAILED: startup-y.tst:298: startup: -cl, specified profile
%%% FAILED: startup-y.tst:304: startup: -ci +m, specified rcfile
%%% FAILED: startup-y.tst:310: startup: -cil +m, specified rcfile
%%% FAILED: startup-y.tst:332: startup: -ci +m, LOADPATH fallback for missing yashrc
%%% FAILED: startup-y.tst:339: startup: -ci +m, no LOADPATH fallback in POSIX mode
%%% FAILED: startup-y.tst:345: startup: -ci +m, no LOADPATH fallback with specified rcfile
%%% FAILED: startup-y.tst:353: startup: -ci +m, no LOADPATH fallback if ~/.yashrc found
%%% FAILED: startup-y.tst:385: errors in profile
%%% FAILED: startup-y.tst:395: errors in rcfile
%%% FAILED: startup-y.tst:407: startup: -abCcefhluvx
%%% FAILED: startup-y.tst:412: startup: -abCefhlsuvx
%%% FAILED: startup-y.tst:418: first operand is ignored if it is a hyphen (-c)
%%% FAILED: startup-y.tst:423: first operand is ignored if it is a hyphen (-s)
%%% FAILED: startup-y.tst:429: first operand is ignored if it is a hyphen (no -c or -s)
%%% FAILED: startup-y.tst:439: startup: --posix -c
%%% FAILED: startup-y.tst:444: startup: --posix -ci +m
%%% FAILED: startup-y.tst:452: startup: --posix -ci +m with unset ENV
%%% FAILED: startup-y.tst:460: startup: --posix -ci +m with non-existing ENV
%%% FAILED: startup-y.tst:467: program name yash disables POSIX mode (w/o directory name)
%%% FAILED: startup-y.tst:475: program name yash disables POSIX mode (with directory name)
%%% FAILED: startup-y.tst:483: program name sh enables POSIX mode (w/o directory name)
%%% FAILED: startup-y.tst:491: program name sh enables POSIX mode (with directory name)
%%% FAILED: startup-y.tst:499: hyphen prefix enables interactive mode (w/o directory name)
%%% FAILED: startup-y.tst:507: hyphen prefix enables interactive mode (with directory name)
%%% FAILED: startup-y.tst:650: version
%%% FAILED: startup-y.tst:653: verbose version, short option
%%% FAILED: startup-y.tst:656: verbose version, long option
%%% FAILED: startup-y.tst:659: version (short option in POSIX mode)
%%% FAILED: startup-y.tst:665: version (long option in POSIX mode)
%%% FAILED: startup-y.tst:671: unexpected option argument
%%% FAILED: startup-y.tst:676: missing profile option argument
%%% FAILED: startup-y.tst:681: missing rcfile option argument
%%% FAILED: startup-y.tst:686: long option in POSIX mode
%%% FAILED: startup-y.tst:692: ambiguous option
(see tests/yash/startup-y.trs for full diffs)
<end of output>
Test time =   0.60 sec
----------------------------------------------------------
Test Failed.
"yash/startup-y.tst" end time: Aug 08 20:51 CEST
"yash/startup-y.tst" time elapsed: 00:00:00
----------------------------------------------------------

255/262 Testing: yash/trap-y.tst
255/262 Test: yash/trap-y.tst
Command: "/usr/bin/sh" "tests/run-tst.sh" "/home/roman/Projects/shish/build/x86_64-linux-gnu/shish" "tests/yash" "trap-y.tst"
Directory: /home/roman/Projects/shish
"yash/trap-y.tst" start time: Aug 08 20:51 CEST
Output:
----------------------------------------------------------
trap-y.tst: 0/23 passed, 0 skipped
%%% FAILED: trap-y.tst:3: trap for EXIT is executed just once
%%% FAILED: trap-y.tst:35: setting new trap in subshell
%%% FAILED: trap-y.tst:41: printing after setting in subshell
%%% FAILED: trap-y.tst:50: printing after non-trap command in subshell
%%% FAILED: trap-y.tst:60: ignored signal is still ignored in subshell
%%% FAILED: trap-y.tst:67: ignored signal is still ignored after setting for another in subshell
%%% FAILED: trap-y.tst:74: trapped signal is reset in subshell
%%% FAILED: trap-y.tst:82: trapped signal is reset after setting for another in subshell
%%% FAILED: trap-y.tst:92: printing all traps (w/o -p)
%%% FAILED: trap-y.tst:103: printing all traps (with -p)
%%% FAILED: trap-y.tst:118: printing specific traps (with -p)
%%% FAILED: trap-y.tst:127: specifying signal with SIG-prefix
%%% FAILED: trap-y.tst:133: signal name is case-insensitive
%%% FAILED: trap-y.tst:139: return interrupts trap (but not function outside trap)
%%% FAILED: trap-y.tst:150: setting trap for KILL
%%% FAILED: trap-y.tst:156: setting trap for STOP
%%% FAILED: trap-y.tst:162: invalid option
%%% FAILED: trap-y.tst:170: missing operand
%%% FAILED: trap-y.tst:176: invalid signal name
%%% FAILED: trap-y.tst:184: invalid signal number
%%% FAILED: trap-y.tst:192: printing to closed stream: printing all traps (w/o -p)
%%% FAILED: trap-y.tst:197: printing to closed stream: printing all traps (with -p)
%%% FAILED: trap-y.tst:202: printing to closed stream: printing specific traps (with -p)
(see tests/yash/trap-y.trs for full diffs)
<end of output>
Test time =   0.22 sec
----------------------------------------------------------
Test Failed.
"yash/trap-y.tst" end time: Aug 08 20:51 CEST
"yash/trap-y.tst" time elapsed: 00:00:00
----------------------------------------------------------

258/262 Testing: yash/umask-y.tst
258/262 Test: yash/umask-y.tst
Command: "/usr/bin/sh" "tests/run-tst.sh" "/home/roman/Projects/shish/build/x86_64-linux-gnu/shish" "tests/yash" "umask-y.tst"
Directory: /home/roman/Projects/shish
"yash/umask-y.tst" start time: Aug 08 20:51 CEST
Output:
----------------------------------------------------------
umask-y.tst: 12/21 passed, 0 skipped
%%% FAILED: umask-y.tst:42: without operand, current umask is printed, symbolic, 0777
%%% FAILED: umask-y.tst:43: without operand, current umask is printed, symbolic, 0624
%%% FAILED: umask-y.tst:44: without operand, current umask is printed, symbolic, 0153
%%% FAILED: umask-y.tst:45: without operand, current umask is printed, symbolic, 0000
%%% FAILED: umask-y.tst:47: too many operands
%%% FAILED: umask-y.tst:53: invalid option
%%% FAILED: umask-y.tst:61: invalid operand (numeric)
%%% FAILED: umask-y.tst:69: invalid operand (symbolic)
%%% FAILED: umask-y.tst:77: printing to closed stream
(see tests/yash/umask-y.trs for full diffs)
<end of output>
Test time =   0.21 sec
----------------------------------------------------------
Test Failed.
"yash/umask-y.tst" end time: Aug 08 20:51 CEST
"yash/umask-y.tst" time elapsed: 00:00:00
----------------------------------------------------------

256/262 Testing: yash/typeset-y.tst
256/262 Test: yash/typeset-y.tst
Command: "/usr/bin/sh" "tests/run-tst.sh" "/home/roman/Projects/shish/build/x86_64-linux-gnu/shish" "tests/yash" "typeset-y.tst"
Directory: /home/roman/Projects/shish
"yash/typeset-y.tst" start time: Aug 08 20:51 CEST
Output:
----------------------------------------------------------
typeset-y.tst: 0/55 passed, 0 skipped
%%% FAILED: typeset-y.tst:3: typeset is a semi-special built-in
%%% FAILED: typeset-y.tst:9: defining variable in global namespace
%%% FAILED: typeset-y.tst:16: defining local variable
%%% FAILED: typeset-y.tst:32: overwriting temporary variable
%%% FAILED: typeset-y.tst:39: redeclaring temporary variable
%%% FAILED: typeset-y.tst:47: declaring local variable with temporary variable
%%% FAILED: typeset-y.tst:54: printing all variables (no option)
%%% FAILED: typeset-y.tst:69: only local variables are printed by default (no option)
%%% FAILED: typeset-y.tst:80: printing all variables (-g)
%%% FAILED: typeset-y.tst:94: defining and printing local array (no option)
%%% FAILED: typeset-y.tst:114: defining read-only variables (-r)
%%% FAILED: typeset-y.tst:124: defining exported variables (-x)
%%% FAILED: typeset-y.tst:137: canceling exportation of variables (-X)
%%% FAILED: typeset-y.tst:148: printing all variables (-p)
%%% FAILED: typeset-y.tst:163: only local variables are printed by default (-p)
%%% FAILED: typeset-y.tst:174: printing specific variables (-p)
%%% FAILED: typeset-y.tst:182: printing array variable (-p)
%%% FAILED: typeset-y.tst:193: assigning variable with -p
%%% FAILED: typeset-y.tst:202: printing all variables (-gp)
%%% FAILED: typeset-y.tst:216: printing read-only variables (-rp)
%%% FAILED: typeset-y.tst:224: defining read-only variables (-rp)
%%% FAILED: typeset-y.tst:232: printing exported variables (-xp)
%%% FAILED: typeset-y.tst:240: defining exported variables (-xp)
%%% FAILED: typeset-y.tst:249: printing variables: -X is ignored with -p (-Xp)
%%% FAILED: typeset-y.tst:258: printing global exported variables (-gxp)
%%% FAILED: typeset-y.tst:272: defining global exported variables (-gxp)
%%% FAILED: typeset-y.tst:280: printing read-only exported variables (-rxp)
%%% FAILED: typeset-y.tst:290: defining read-only exported variables (-rxp)
%%% FAILED: typeset-y.tst:299: printing read-only variables: -X is ignored with -p (-rXp)
%%% FAILED: typeset-y.tst:307: defining read-only un-exported variables (-rXp)
%%% FAILED: typeset-y.tst:318: printing all functions (-f): exit status
%%% FAILED: typeset-y.tst:324: printing all functions (-f): output
%%% FAILED: typeset-y.tst:339: testing existence of functions (-f)
%%% FAILED: typeset-y.tst:345: making function readonly (-fr)
%%% FAILED: typeset-y.tst:361: printing all functions (-fp): exit status
%%% FAILED: typeset-y.tst:367: printing all functions (-fp): output
%%% FAILED: typeset-y.tst:382: printing specific functions (-fp)
%%% FAILED: typeset-y.tst:395: printing function with non-portable name (-fp)
%%% FAILED: typeset-y.tst:404: printing function with command substitution with subshell (-fp)
%%% FAILED: typeset-y.tst:416: printing read-only function (-frp)
%%% FAILED: typeset-y.tst:428: invalid option -z
%%% FAILED: typeset-y.tst:436: invalid option --xxx
%%% FAILED: typeset-y.tst:444: specifying -x and -X at once
%%% FAILED: typeset-y.tst:450: specifying -f and -g at once
%%% FAILED: typeset-y.tst:456: specifying -f and -x at once
%%% FAILED: typeset-y.tst:462: specifying -f and -X at once
%%% FAILED: typeset-y.tst:468: printing to closed output stream (all variables w/o -p)
%%% FAILED: typeset-y.tst:472: printing to closed output stream (all variables with -p)
%%% FAILED: typeset-y.tst:476: printing to closed output stream (specific variable)
%%% FAILED: typeset-y.tst:483: printing to closed output stream (all functions w/o -p)
%%% FAILED: typeset-y.tst:487: printing to closed output stream (all functions with -p)
%%% FAILED: typeset-y.tst:491: printing to closed output stream (specific function)
%%% FAILED: typeset-y.tst:497: assigning to read-only variable
%%% FAILED: typeset-y.tst:504: printing non-existing variable
%%% FAILED: typeset-y.tst:510: printing non-existing function
(see tests/yash/typeset-y.trs for full diffs)
<end of output>
Test time =   0.47 sec
----------------------------------------------------------
Test Failed.
"yash/typeset-y.tst" end time: Aug 08 20:51 CEST
"yash/typeset-y.tst" time elapsed: 00:00:00
----------------------------------------------------------

259/262 Testing: yash/unset-y.tst
259/262 Test: yash/unset-y.tst
Command: "/usr/bin/sh" "tests/run-tst.sh" "/home/roman/Projects/shish/build/x86_64-linux-gnu/shish" "tests/yash" "unset-y.tst"
Directory: /home/roman/Projects/shish
"yash/unset-y.tst" start time: Aug 08 20:51 CEST
Output:
----------------------------------------------------------
unset-y.tst: 4/22 passed, 0 skipped
%%% FAILED: unset-y.tst:44: deleting existing variable (--variables)
%%% FAILED: unset-y.tst:52: deleting non-existing variable (--variables)
%%% FAILED: unset-y.tst:60: deleting many variables (--variables)
%%% FAILED: unset-y.tst:68: only variable is deleted (--variables)
%%% FAILED: unset-y.tst:77: deleting array variable (--variables)
%%% FAILED: unset-y.tst:85: deleting local variable (--variables)
%%% FAILED: unset-y.tst:99: deleting existing function (--functions)
%%% FAILED: unset-y.tst:110: deleting non-existing function (--functions)
%%% FAILED: unset-y.tst:120: deleting many functions (--functions)
%%% FAILED: unset-y.tst:139: only function is deleted (--functions)
%%% FAILED: unset-y.tst:148: function is not deleted by default
%%% FAILED: unset-y.tst:156: last-specified option takes effect (-v)
%%% FAILED: unset-y.tst:167: last-specified option takes effect (-f)
%%% FAILED: unset-y.tst:186: deleting function with non-portable name
%%% FAILED: unset-y.tst:194: deleting read-only variable
%%% FAILED: unset-y.tst:201: deleting read-only function
%%% FAILED: unset-y.tst:216: invalid option -z
%%% FAILED: unset-y.tst:224: invalid option --xxx
(see tests/yash/unset-y.trs for full diffs)
<end of output>
Test time =   0.20 sec
----------------------------------------------------------
Test Failed.
"yash/unset-y.tst" end time: Aug 08 20:51 CEST
"yash/unset-y.tst" time elapsed: 00:00:00
----------------------------------------------------------

260/262 Testing: yash/until-y.tst
260/262 Test: yash/until-y.tst
Command: "/usr/bin/sh" "tests/run-tst.sh" "/home/roman/Projects/shish/build/x86_64-linux-gnu/shish" "tests/yash" "until-y.tst"
Directory: /home/roman/Projects/shish
"yash/until-y.tst" start time: Aug 08 20:51 CEST
Output:
----------------------------------------------------------
until-y.tst: 0/16 passed, 0 skipped
%%% FAILED: until-y.tst:3: effect of empty condition (true)
%%% FAILED: until-y.tst:8: effect of empty condition (false)
%%% FAILED: until-y.tst:13: effect of empty body
%%% FAILED: until-y.tst:21: exit status with empty condition
%%% FAILED: until-y.tst:26: exit status with empty body (0-round loop)
%%% FAILED: until-y.tst:31: exit status with empty body (1-round loop)
%%% FAILED: until-y.tst:36: exit status with empty body (2-round loop)
%%% FAILED: until-y.tst:44: POSIX: empty condition (single line)
%%% FAILED: until-y.tst:52: POSIX: empty condition (multi-line)
%%% FAILED: until-y.tst:61: POSIX: empty body (single line)
%%% FAILED: until-y.tst:71: POSIX: empty body (multi-line)
%%% FAILED: until-y.tst:84: missing do
%%% FAILED: until-y.tst:97: missing do and done
%%% FAILED: until-y.tst:108: missing done
%%% FAILED: until-y.tst:116: missing do and done (in grouping)
%%% FAILED: until-y.tst:137: missing done (in grouping)
(see tests/yash/until-y.trs for full diffs)
<end of output>
Test time =   0.15 sec
----------------------------------------------------------
Test Failed.
"yash/until-y.tst" end time: Aug 08 20:51 CEST
"yash/until-y.tst" time elapsed: 00:00:00
----------------------------------------------------------

262/262 Testing: yash/while-y.tst
262/262 Test: yash/while-y.tst
Command: "/usr/bin/sh" "tests/run-tst.sh" "/home/roman/Projects/shish/build/x86_64-linux-gnu/shish" "tests/yash" "while-y.tst"
Directory: /home/roman/Projects/shish
"yash/while-y.tst" start time: Aug 08 20:51 CEST
Output:
----------------------------------------------------------
while-y.tst: 0/16 passed, 0 skipped
%%% FAILED: while-y.tst:3: effect of empty condition (true)
%%% FAILED: while-y.tst:10: effect of empty condition (false)
%%% FAILED: while-y.tst:17: effect of empty body
%%% FAILED: while-y.tst:25: exit status with empty condition
%%% FAILED: while-y.tst:29: exit status with empty body (0-round loop)
%%% FAILED: while-y.tst:34: exit status with empty body (1-round loop)
%%% FAILED: while-y.tst:39: exit status with empty body (2-round loop)
%%% FAILED: while-y.tst:47: POSIX: empty condition (single line)
%%% FAILED: while-y.tst:55: POSIX: empty condition (multi-line)
%%% FAILED: while-y.tst:64: POSIX: empty body (single line)
%%% FAILED: while-y.tst:74: POSIX: empty body (multi-line)
%%% FAILED: while-y.tst:87: missing do
%%% FAILED: while-y.tst:100: missing do and done
%%% FAILED: while-y.tst:111: missing done
%%% FAILED: while-y.tst:119: missing do and done (in grouping)
%%% FAILED: while-y.tst:140: missing done (in grouping)
(see tests/yash/while-y.trs for full diffs)
<end of output>
Test time =   0.14 sec
----------------------------------------------------------
Test Failed.
"yash/while-y.tst" end time: Aug 08 20:51 CEST
"yash/while-y.tst" time elapsed: 00:00:00
----------------------------------------------------------

157/262 Testing: yash/cmdprint-y.tst
157/262 Test: yash/cmdprint-y.tst
Command: "/usr/bin/sh" "tests/run-tst.sh" "/home/roman/Projects/shish/build/x86_64-linux-gnu/shish" "tests/yash" "cmdprint-y.tst"
Directory: /home/roman/Projects/shish
"yash/cmdprint-y.tst" start time: Aug 08 20:50 CEST
Output:
----------------------------------------------------------
<end of output>
Test time = 120.09 sec
----------------------------------------------------------
Test Failed.
"yash/cmdprint-y.tst" end time: Aug 08 20:52 CEST
"yash/cmdprint-y.tst" time elapsed: 00:02:00
----------------------------------------------------------

202/262 Testing: yash/redir-y.tst
202/262 Test: yash/redir-y.tst
Command: "/usr/bin/sh" "tests/run-tst.sh" "/home/roman/Projects/shish/build/x86_64-linux-gnu/shish" "tests/yash" "redir-y.tst"
Directory: /home/roman/Projects/shish
"yash/redir-y.tst" start time: Aug 08 20:51 CEST
Output:
----------------------------------------------------------
<end of output>
Test time = 120.10 sec
----------------------------------------------------------
Test Failed.
"yash/redir-y.tst" end time: Aug 08 20:53 CEST
"yash/redir-y.tst" time elapsed: 00:02:00
----------------------------------------------------------

End testing: Aug 08 20:53 CEST
